This is pdfTeX, Version 3.14159265-2.6-1.40.20 (TeX Live 2019/Debian) (preloaded format=pdflatex 2020.11.18)  13 JUL 2021 18:27
entering extended mode
 restricted \write18 enabled.
 %&-line parsing enabled.
**main.tex
(./main.tex
LaTeX2e <2020-02-02> patch level 2
L3 programming layer <2020-02-14>
(/usr/share/texlive/texmf-dist/tex/latex/base/article.cls
Document Class: article 2019/12/20 v1.4l Standard LaTeX document class
(/usr/share/texlive/texmf-dist/tex/latex/base/size10.clo
File: size10.clo 2019/12/20 v1.4l Standard LaTeX file (size option)
)
\c@part=\count167
\c@section=\count168
\c@subsection=\count169
\c@subsubsection=\count170
\c@paragraph=\count171
\c@subparagraph=\count172
\c@figure=\count173
\c@table=\count174
\abovecaptionskip=\skip47
\belowcaptionskip=\skip48
\bibindent=\dimen134
)
(/usr/share/texlive/texmf-dist/tex/latex/geometry/geometry.sty
Package: geometry 2020/01/02 v5.9 Page Geometry

(/usr/share/texlive/texmf-dist/tex/latex/graphics/keyval.sty
Package: keyval 2014/10/28 v1.15 key=value parser (DPC)
\KV@toks@=\toks14
)
(/usr/share/texlive/texmf-dist/tex/generic/iftex/ifvtex.sty
Package: ifvtex 2019/10/25 v1.7 ifvtex legacy package. Use iftex instead.

(/usr/share/texlive/texmf-dist/tex/generic/iftex/iftex.sty
Package: iftex 2019/11/07 v1.0c TeX engine tests
))
\Gm@cnth=\count175
\Gm@cntv=\count176
\c@Gm@tempcnt=\count177
\Gm@bindingoffset=\dimen135
\Gm@wd@mp=\dimen136
\Gm@odd@mp=\dimen137
\Gm@even@mp=\dimen138
\Gm@layoutwidth=\dimen139
\Gm@layoutheight=\dimen140
\Gm@layouthoffset=\dimen141
\Gm@layoutvoffset=\dimen142
\Gm@dimlist=\toks15
)
(/usr/share/texlive/texmf-dist/tex/latex/base/inputenc.sty
Package: inputenc 2018/08/11 v1.3c Input encoding file
\inpenc@prehook=\toks16
\inpenc@posthook=\toks17
)
(/usr/share/texlive/texmf-dist/tex/latex/placeins/placeins.sty
Package: placeins 2005/04/18  v 2.2
)
(/usr/share/texlive/texmf-dist/tex/latex/graphics/graphicx.sty
Package: graphicx 2019/11/30 v1.2a Enhanced LaTeX Graphics (DPC,SPQR)

(/usr/share/texlive/texmf-dist/tex/latex/graphics/graphics.sty
Package: graphics 2019/11/30 v1.4a Standard LaTeX Graphics (DPC,SPQR)

(/usr/share/texlive/texmf-dist/tex/latex/graphics/trig.sty
Package: trig 2016/01/03 v1.10 sin cos tan (DPC)
)
(/usr/share/texlive/texmf-dist/tex/latex/graphics-cfg/graphics.cfg
File: graphics.cfg 2016/06/04 v1.11 sample graphics configuration
)
Package graphics Info: Driver file: pdftex.def on input line 105.

(/usr/share/texlive/texmf-dist/tex/latex/graphics-def/pdftex.def
File: pdftex.def 2018/01/08 v1.0l Graphics/color driver for pdftex
))
\Gin@req@height=\dimen143
\Gin@req@width=\dimen144
)
(/usr/share/texlive/texmf-dist/tex/latex/float/float.sty
Package: float 2001/11/08 v1.3d Float enhancements (AL)
\c@float@type=\count178
\float@exts=\toks18
\float@box=\box45
\@float@everytoks=\toks19
\@floatcapt=\box46
)
(/usr/share/texlive/texmf-dist/tex/latex/listings/listings.sty
\lst@mode=\count179
\lst@gtempboxa=\box47
\lst@token=\toks20
\lst@length=\count180
\lst@currlwidth=\dimen145
\lst@column=\count181
\lst@pos=\count182
\lst@lostspace=\dimen146
\lst@width=\dimen147
\lst@newlines=\count183
\lst@lineno=\count184
\lst@maxwidth=\dimen148

(/usr/share/texlive/texmf-dist/tex/latex/listings/lstmisc.sty
File: lstmisc.sty 2019/09/10 1.8c (Carsten Heinz)
\c@lstnumber=\count185
\lst@skipnumbers=\count186
\lst@framebox=\box48
)
(/usr/share/texlive/texmf-dist/tex/latex/listings/listings.cfg
File: listings.cfg 2019/09/10 1.8c listings configuration
))
Package: listings 2019/09/10 1.8c (Carsten Heinz)

(/usr/share/texlive/texmf-dist/tex/latex/framed/framed.sty
Package: framed 2011/10/22 v 0.96: framed or shaded text with page breaks
\OuterFrameSep=\skip49
\fb@frw=\dimen149
\fb@frh=\dimen150
\FrameRule=\dimen151
\FrameSep=\dimen152
)
(/usr/share/texlive/texmf-dist/tex/latex/graphics/color.sty
Package: color 2019/11/23 v1.2a Standard LaTeX Color (DPC)

(/usr/share/texlive/texmf-dist/tex/latex/graphics-cfg/color.cfg
File: color.cfg 2016/01/02 v1.6 sample color configuration
)
Package color Info: Driver file: pdftex.def on input line 147.
)
(/usr/share/texlive/texmf-dist/tex/latex/l3backend/l3backend-pdfmode.def
File: l3backend-pdfmode.def 2020-02-03 L3 backend support: PDF mode
\l__kernel_color_stack_int=\count187
\l__pdf_internal_box=\box49
)
No file main.aux.
\openout1 = `main.aux'.

LaTeX Font Info:    Checking defaults for OML/cmm/m/it on input line 20.
LaTeX Font Info:    ... okay on input line 20.
LaTeX Font Info:    Checking defaults for OMS/cmsy/m/n on input line 20.
LaTeX Font Info:    ... okay on input line 20.
LaTeX Font Info:    Checking defaults for OT1/cmr/m/n on input line 20.
LaTeX Font Info:    ... okay on input line 20.
LaTeX Font Info:    Checking defaults for T1/cmr/m/n on input line 20.
LaTeX Font Info:    ... okay on input line 20.
LaTeX Font Info:    Checking defaults for TS1/cmr/m/n on input line 20.
LaTeX Font Info:    ... okay on input line 20.
LaTeX Font Info:    Checking defaults for OMX/cmex/m/n on input line 20.
LaTeX Font Info:    ... okay on input line 20.
LaTeX Font Info:    Checking defaults for U/cmr/m/n on input line 20.
LaTeX Font Info:    ... okay on input line 20.
*geometry* driver: auto-detecting
*geometry* detected driver: pdftex
*geometry* verbose mode - [ preamble ] result:
* driver: pdftex
* paper: <default>
* layout: <same size as paper>
* layoutoffset:(h,v)=(0.0pt,0.0pt)
* modes: 
* h-part:(L,W,R)=(54.2025pt, 505.89pt, 54.2025pt)
* v-part:(T,H,B)=(54.2025pt, 686.56499pt, 54.2025pt)
* \paperwidth=614.295pt
* \paperheight=794.96999pt
* \textwidth=505.89pt
* \textheight=686.56499pt
* \oddsidemargin=-18.06749pt
* \evensidemargin=-18.06749pt
* \topmargin=-55.06749pt
* \headheight=12.0pt
* \headsep=25.0pt
* \topskip=10.0pt
* \footskip=30.0pt
* \marginparwidth=65.0pt
* \marginparsep=11.0pt
* \columnsep=10.0pt
* \skip\footins=9.0pt plus 4.0pt minus 2.0pt
* \hoffset=0.0pt
* \voffset=0.0pt
* \mag=1000
* \@twocolumnfalse
* \@twosidefalse
* \@mparswitchfalse
* \@reversemarginfalse
* (1in=72.27pt=25.4mm, 1cm=28.453pt)

(/usr/share/texlive/texmf-dist/tex/context/base/mkii/supp-pdf.mkii
[Loading MPS to PDF converter (version 2006.09.02).]
\scratchcounter=\count188
\scratchdimen=\dimen153
\scratchbox=\box50
\nofMPsegments=\count189
\nofMParguments=\count190
\everyMPshowfont=\toks21
\MPscratchCnt=\count191
\MPscratchDim=\dimen154
\MPnumerator=\count192
\makeMPintoPDFobject=\count193
\everyMPtoPDFconversion=\toks22
) (/usr/share/texlive/texmf-dist/tex/latex/epstopdf-pkg/epstopdf-base.sty
Package: epstopdf-base 2020-01-24 v2.11 Base part for package epstopdf
Package epstopdf-base Info: Redefining graphics rule for `.eps' on input line 4
85.

(/usr/share/texlive/texmf-dist/tex/latex/latexconfig/epstopdf-sys.cfg
File: epstopdf-sys.cfg 2010/07/13 v1.3 Configuration of (r)epstopdf for TeX Liv
e
))
\c@lstlisting=\count194
LaTeX Font Info:    External font `cmex10' loaded for size
(Font)              <12> on input line 21.
LaTeX Font Info:    External font `cmex10' loaded for size
(Font)              <8> on input line 21.
LaTeX Font Info:    External font `cmex10' loaded for size
(Font)              <6> on input line 21.

(./intro.tex) (./background.tex [1

{/var/lib/texmf/fonts/map/pdftex/updmap/pdftex.map}]) (./methodology.tex
LaTeX Font Info:    External font `cmex10' loaded for size
(Font)              <7> on input line 10.
LaTeX Font Info:    External font `cmex10' loaded for size
(Font)              <5> on input line 10.

Underfull \hbox (badness 10000) in paragraph at lines 28--28
[]\OT1/cmr/m/n/10 java 11.0.2 2019-01-15
 []


Underfull \hbox (badness 3260) in paragraph at lines 30--30
\OT1/cmr/m/n/10 Server VM 18.9 (build
 []


Underfull \hbox (badness 10000) in paragraph at lines 30--30
\OT1/cmr/m/n/10 11.0.2+9-LTS, mixed
 []


Underfull \hbox (badness 1728) in paragraph at lines 30--31
[]\OT1/cmr/m/n/10 OpenJDK 64-Bit Server
 []


Underfull \hbox (badness 10000) in paragraph at lines 30--31
\OT1/cmr/m/n/10 VM (build 11.0.11+9-
 []


Underfull \hbox (badness 10000) in paragraph at lines 30--31
\OT1/cmr/m/n/10 Ubuntu-0ubuntu2.20.04,
 []


Underfull \hbox (badness 10000) in paragraph at lines 32--33
[]\OT1/cmr/m/n/10 OpenJDK (build
 []


Underfull \hbox (badness 10000) in paragraph at lines 32--33
\OT1/cmr/m/n/10 11.0.11+9-Ubuntu-
 []

[2] [3] [4]
Overfull \hbox (14.88506pt too wide) in paragraph at lines 144--145
\OT1/cmr/m/n/10 each sam-ple" can be gen-er-ated with \OT1/cmtt/m/n/10 [ timest
amps[i]-timestamps[i-1] for i in range(1,len(timestamps))
 []

[5]) (./msr.tex [6]

LaTeX Warning: Reference `fig:xxx' on page 7 undefined on input line 10.

<jmh/msr-update-rate/energy-update-time-simple.png, id=30, 433.62pt x 289.08pt>

File: jmh/msr-update-rate/energy-update-time-simple.png Graphic file (type png)

<use jmh/msr-update-rate/energy-update-time-simple.png>
Package pdftex.def Info: jmh/msr-update-rate/energy-update-time-simple.png  use
d on input line 32.
(pdftex.def)             Requested size: 284.54257pt x 189.69504pt.
) (./results.tex
<AsyncMonitorCompares/time-energy-persample/timestamp_average_usec_per-sample.p
ng, id=32, 462.528pt x 346.896pt>
File: AsyncMonitorCompares/time-energy-persample/timestamp_average_usec_per-sam
ple.png Graphic file (type png)
<use AsyncMonitorCompares/time-energy-persample/timestamp_average_usec_per-samp
le.png>
Package pdftex.def Info: AsyncMonitorCompares/time-energy-persample/timestamp_a
verage_usec_per-sample.png  used on input line 7.
(pdftex.def)             Requested size: 483.72083pt x 362.79062pt.
 [7 <./jmh/msr-update-rate/energy-update-time-simple.png>]
<AsyncMonitorCompares/time-energy-persample/dram_average_joules_per-sample.png,
 id=38, 462.528pt x 346.896pt>
File: AsyncMonitorCompares/time-energy-persample/dram_average_joules_per-sample
.png Graphic file (type png)
<use AsyncMonitorCompares/time-energy-persample/dram_average_joules_per-sample.
png>
Package pdftex.def Info: AsyncMonitorCompares/time-energy-persample/dram_averag
e_joules_per-sample.png  used on input line 16.
(pdftex.def)             Requested size: 483.72083pt x 362.79062pt.
<AsyncMonitorCompares/time-energy-persample/pkg_average_joules_per-sample.png, 
id=39, 462.528pt x 346.896pt>
File: AsyncMonitorCompares/time-energy-persample/pkg_average_joules_per-sample.
png Graphic file (type png)
<use AsyncMonitorCompares/time-energy-persample/pkg_average_joules_per-sample.p
ng>
Package pdftex.def Info: AsyncMonitorCompares/time-energy-persample/pkg_average
_joules_per-sample.png  used on input line 22.
(pdftex.def)             Requested size: 483.72083pt x 362.79062pt.

[8 <./AsyncMonitorCompares/time-energy-persample/timestamp_average_usec_per-sam
ple.png>] [9 <./AsyncMonitorCompares/time-energy-persample/dram_average_joules_
per-sample.png>]
<jmh/jni-overhead/CSide_EnergyStatCheck_scatter.png, id=48, 462.528pt x 346.896
pt>
File: jmh/jni-overhead/CSide_EnergyStatCheck_scatter.png Graphic file (type png
)
<use jmh/jni-overhead/CSide_EnergyStatCheck_scatter.png>
Package pdftex.def Info: jmh/jni-overhead/CSide_EnergyStatCheck_scatter.png  us
ed on input line 40.
(pdftex.def)             Requested size: 284.54124pt x 213.40593pt.
<jmh/jni-overhead/JavaSide_EnergyStatCheck_scatter.png, id=49, 462.528pt x 346.
896pt>
File: jmh/jni-overhead/JavaSide_EnergyStatCheck_scatter.png Graphic file (type 
png)
<use jmh/jni-overhead/JavaSide_EnergyStatCheck_scatter.png>
Package pdftex.def Info: jmh/jni-overhead/JavaSide_EnergyStatCheck_scatter.png 
 used on input line 46.
(pdftex.def)             Requested size: 284.54124pt x 213.40593pt.
 [10 <./AsyncMonitorCompares/time-energy-persample/pkg_average_joules_per-sampl
e.png>]
<jmh/jni-overhead/CSide_ProfileInit_scatter.png, id=54, 462.528pt x 346.896pt>
File: jmh/jni-overhead/CSide_ProfileInit_scatter.png Graphic file (type png)
<use jmh/jni-overhead/CSide_ProfileInit_scatter.png>
Package pdftex.def Info: jmh/jni-overhead/CSide_ProfileInit_scatter.png  used o
n input line 53.
(pdftex.def)             Requested size: 284.54124pt x 213.40593pt.
<jmh/jni-overhead/JavaSide_ProfileInit_scatter.png, id=55, 462.528pt x 346.896p
t>
File: jmh/jni-overhead/JavaSide_ProfileInit_scatter.png Graphic file (type png)

<use jmh/jni-overhead/JavaSide_ProfileInit_scatter.png>
Package pdftex.def Info: jmh/jni-overhead/JavaSide_ProfileInit_scatter.png  use
d on input line 59.
(pdftex.def)             Requested size: 284.54124pt x 213.40593pt.
 [11 <./jmh/jni-overhead/CSide_EnergyStatCheck_scatter.png> <./jmh/jni-overhead
/JavaSide_EnergyStatCheck_scatter.png>]
<jmh/jni-overhead/CSide_ProfileDealloc_scatter.png, id=61, 462.528pt x 346.896p
t>
File: jmh/jni-overhead/CSide_ProfileDealloc_scatter.png Graphic file (type png)

<use jmh/jni-overhead/CSide_ProfileDealloc_scatter.png>
Package pdftex.def Info: jmh/jni-overhead/CSide_ProfileDealloc_scatter.png  use
d on input line 66.
(pdftex.def)             Requested size: 284.54124pt x 213.40593pt.
<jmh/jni-overhead/JavaSide_ProfileDealloc_scatter.png, id=62, 462.528pt x 346.8
96pt>
File: jmh/jni-overhead/JavaSide_ProfileDealloc_scatter.png Graphic file (type p
ng)
<use jmh/jni-overhead/JavaSide_ProfileDealloc_scatter.png>
Package pdftex.def Info: jmh/jni-overhead/JavaSide_ProfileDealloc_scatter.png  
used on input line 72.
(pdftex.def)             Requested size: 284.54124pt x 213.40593pt.
 [12 <./jmh/jni-overhead/CSide_ProfileInit_scatter.png> <./jmh/jni-overhead/Jav
aSide_ProfileInit_scatter.png>]
<jmh/readmsr-runtime/readMSR_CORE_scatter.png, id=68, 462.528pt x 346.896pt>
File: jmh/readmsr-runtime/readMSR_CORE_scatter.png Graphic file (type png)
<use jmh/readmsr-runtime/readMSR_CORE_scatter.png>
Package pdftex.def Info: jmh/readmsr-runtime/readMSR_CORE_scatter.png  used on 
input line 86.
(pdftex.def)             Requested size: 284.54124pt x 213.40593pt.
 [13 <./jmh/jni-overhead/CSide_ProfileDealloc_scatter.png> <./jmh/jni-overhead/
JavaSide_ProfileDealloc_scatter.png>]
<jmh/readmsr-runtime/readMSR_DRAM_scatter.png, id=75, 462.528pt x 346.896pt>
File: jmh/readmsr-runtime/readMSR_DRAM_scatter.png Graphic file (type png)
<use jmh/readmsr-runtime/readMSR_DRAM_scatter.png>
Package pdftex.def Info: jmh/readmsr-runtime/readMSR_DRAM_scatter.png  used on 
input line 93.
(pdftex.def)             Requested size: 284.54124pt x 213.40593pt.
<jmh/readmsr-runtime/readMSR_PKG_scatter.png, id=76, 462.528pt x 346.896pt>
File: jmh/readmsr-runtime/readMSR_PKG_scatter.png Graphic file (type png)
<use jmh/readmsr-runtime/readMSR_PKG_scatter.png>
Package pdftex.def Info: jmh/readmsr-runtime/readMSR_PKG_scatter.png  used on i
nput line 100.
(pdftex.def)             Requested size: 284.54124pt x 213.40593pt.
 [14 <./jmh/readmsr-runtime/readMSR_CORE_scatter.png> <./jmh/readmsr-runtime/re
adMSR_DRAM_scatter.png>]
<jmh/syncmonitor/sync-samples-runtime.png, id=82, 462.528pt x 346.896pt>
File: jmh/syncmonitor/sync-samples-runtime.png Graphic file (type png)
<use jmh/syncmonitor/sync-samples-runtime.png>
Package pdftex.def Info: jmh/syncmonitor/sync-samples-runtime.png  used on inpu
t line 124.
(pdftex.def)             Requested size: 284.54124pt x 213.40593pt.

[15 <./jmh/readmsr-runtime/readMSR_PKG_scatter.png> <./jmh/syncmonitor/sync-sam
ples-runtime.png>]
<AsyncMonitorCompares/sampling-efficiency_perbench.png, id=88, 867.24pt x 1806.
75pt>
File: AsyncMonitorCompares/sampling-efficiency_perbench.png Graphic file (type 
png)
<use AsyncMonitorCompares/sampling-efficiency_perbench.png>
Package pdftex.def Info: AsyncMonitorCompares/sampling-efficiency_perbench.png 
 used on input line 139.
(pdftex.def)             Requested size: 232.17297pt x 483.69371pt.
<AsyncMonitorCompares/sampling-efficiency_overall.png, id=89, 361.35pt x 361.35
pt>
File: AsyncMonitorCompares/sampling-efficiency_overall.png Graphic file (type p
ng)
<use AsyncMonitorCompares/sampling-efficiency_overall.png>
Package pdftex.def Info: AsyncMonitorCompares/sampling-efficiency_overall.png  
used on input line 145.
(pdftex.def)             Requested size: 483.69922pt x 483.69922pt.
 [16 <./AsyncMonitorCompares/sampling-efficiency_perbench.png>] [17 <./AsyncMon
itorCompares/sampling-efficiency_overall.png>]
<AsyncMonitorCompares/memory-compare_overall.png, id=98, 361.35pt x 361.35pt>
File: AsyncMonitorCompares/memory-compare_overall.png Graphic file (type png)
<use AsyncMonitorCompares/memory-compare_overall.png>
Package pdftex.def Info: AsyncMonitorCompares/memory-compare_overall.png  used 
on input line 176.
(pdftex.def)             Requested size: 483.69922pt x 483.69922pt.
 [18 <./AsyncMonitorCompares/memory-compare_overall.png>]) (./appendix.tex [19]
<jmh/msr-update-rate/dram_Socket_0-i_n-v-i_n1.png, id=107, 396.83456pt x 278.52
858pt>
File: jmh/msr-update-rate/dram_Socket_0-i_n-v-i_n1.png Graphic file (type png)
<use jmh/msr-update-rate/dram_Socket_0-i_n-v-i_n1.png>
Package pdftex.def Info: jmh/msr-update-rate/dram_Socket_0-i_n-v-i_n1.png  used
 on input line 60.
(pdftex.def)             Requested size: 284.5399pt x 199.71167pt.
<jmh/msr-update-rate/pkg_Socket_0-i_n-v-i_n1.png, id=108, 396.83456pt x 278.528
58pt>
File: jmh/msr-update-rate/pkg_Socket_0-i_n-v-i_n1.png Graphic file (type png)
<use jmh/msr-update-rate/pkg_Socket_0-i_n-v-i_n1.png>
Package pdftex.def Info: jmh/msr-update-rate/pkg_Socket_0-i_n-v-i_n1.png  used 
on input line 67.
(pdftex.def)             Requested size: 284.5399pt x 199.71167pt.
 [20 <./jmh/msr-update-rate/dram_Socket_0-i_n-v-i_n1.png>]
<jmh/msr-update-rate/dram_Socket_1-i_n-v-i_n1.png, id=113, 396.83456pt x 278.52
858pt>
File: jmh/msr-update-rate/dram_Socket_1-i_n-v-i_n1.png Graphic file (type png)
<use jmh/msr-update-rate/dram_Socket_1-i_n-v-i_n1.png>
Package pdftex.def Info: jmh/msr-update-rate/dram_Socket_1-i_n-v-i_n1.png  used
 on input line 74.
(pdftex.def)             Requested size: 284.5399pt x 199.71167pt.
<jmh/msr-update-rate/pkg_Socket_1-i_n-v-i_n1.png, id=114, 403.55568pt x 278.528
58pt>
File: jmh/msr-update-rate/pkg_Socket_1-i_n-v-i_n1.png Graphic file (type png)
<use jmh/msr-update-rate/pkg_Socket_1-i_n-v-i_n1.png>
Package pdftex.def Info: jmh/msr-update-rate/pkg_Socket_1-i_n-v-i_n1.png  used 
on input line 81.
(pdftex.def)             Requested size: 284.54373pt x 196.38817pt.
 [21 <./jmh/msr-update-rate/pkg_Socket_0-i_n-v-i_n1.png> <./jmh/msr-update-rate
/dram_Socket_1-i_n-v-i_n1.png>]
<jmh/msr-update-rate/dram_Socket_0-cumulative-summed.png, id=120, 387.22266pt x
 278.52858pt>
File: jmh/msr-update-rate/dram_Socket_0-cumulative-summed.png Graphic file (typ
e png)
<use jmh/msr-update-rate/dram_Socket_0-cumulative-summed.png>
Package pdftex.def Info: jmh/msr-update-rate/dram_Socket_0-cumulative-summed.pn
g  used on input line 88.
(pdftex.def)             Requested size: 284.52547pt x 204.65866pt.
<jmh/msr-update-rate/pkg_Socket_0-cumulative-summed.png, id=121, 380.28474pt x 
278.52858pt>
File: jmh/msr-update-rate/pkg_Socket_0-cumulative-summed.png Graphic file (type
 png)
<use jmh/msr-update-rate/pkg_Socket_0-cumulative-summed.png>
Package pdftex.def Info: jmh/msr-update-rate/pkg_Socket_0-cumulative-summed.png
  used on input line 95.
(pdftex.def)             Requested size: 284.52814pt x 208.39441pt.

[22 <./jmh/msr-update-rate/pkg_Socket_1-i_n-v-i_n1.png> <./jmh/msr-update-rate/
dram_Socket_0-cumulative-summed.png>]
<jmh/msr-update-rate/dram_Socket_1-cumulative-summed.png, id=127, 383.17554pt x
 278.52858pt>
File: jmh/msr-update-rate/dram_Socket_1-cumulative-summed.png Graphic file (typ
e png)
<use jmh/msr-update-rate/dram_Socket_1-cumulative-summed.png>
Package pdftex.def Info: jmh/msr-update-rate/dram_Socket_1-cumulative-summed.pn
g  used on input line 102.
(pdftex.def)             Requested size: 284.5394pt x 206.83041pt.
<jmh/msr-update-rate/pkg_Socket_1-cumulative-summed.png, id=128, 380.28474pt x 
278.52858pt>
File: jmh/msr-update-rate/pkg_Socket_1-cumulative-summed.png Graphic file (type
 png)
<use jmh/msr-update-rate/pkg_Socket_1-cumulative-summed.png>
Package pdftex.def Info: jmh/msr-update-rate/pkg_Socket_1-cumulative-summed.png
  used on input line 109.
(pdftex.def)             Requested size: 284.52814pt x 208.39441pt.
 [23 <./jmh/msr-update-rate/pkg_Socket_0-cumulative-summed.png> <./jmh/msr-upda
te-rate/dram_Socket_1-cumulative-summed.png>]) [24 <./jmh/msr-update-rate/pkg_S
ocket_1-cumulative-summed.png>]
(./main.aux)

LaTeX Warning: There were undefined references.


LaTeX Warning: Label(s) may have changed. Rerun to get cross-references right.

 ) 
Here is how much of TeX's memory you used:
 3408 strings out of 481239
 54879 string characters out of 5920376
 299173 words of memory out of 5000000
 18625 multiletter control sequences out of 15000+600000
 537610 words of font info for 42 fonts, out of 8000000 for 9000
 1141 hyphenation exceptions out of 8191
 30i,8n,36p,1302b,259s stack positions out of 5000i,500n,10000p,200000b,80000s
{/usr/share/texmf/fonts/enc/dvips/cm-super/cm-super-ts1.enc}</usr/share/texli
ve/texmf-dist/fonts/type1/public/amsfonts/cm/cmbx10.pfb></usr/share/texlive/tex
mf-dist/fonts/type1/public/amsfonts/cm/cmbx12.pfb></usr/share/texlive/texmf-dis
t/fonts/type1/public/amsfonts/cm/cmitt10.pfb></usr/share/texlive/texmf-dist/fon
ts/type1/public/amsfonts/cm/cmr10.pfb></usr/share/texlive/texmf-dist/fonts/type
1/public/amsfonts/cm/cmr12.pfb></usr/share/texlive/texmf-dist/fonts/type1/publi
c/amsfonts/cm/cmr17.pfb></usr/share/texlive/texmf-dist/fonts/type1/public/amsfo
nts/cm/cmti10.pfb></usr/share/texlive/texmf-dist/fonts/type1/public/amsfonts/cm
/cmtt10.pfb></usr/share/texmf/fonts/type1/public/cm-super/sfrm1000.pfb>
Output written on main.pdf (24 pages, 3805680 bytes).
PDF statistics:
 169 PDF objects out of 1000 (max. 8388607)
 83 compressed objects within 1 object stream
 0 named destinations out of 1000 (max. 500000)
 126 words of extra memory for PDF output out of 10000 (max. 10000000)

