#
# A fatal error has been detected by the Java Runtime Environment:
#
#  SIGSEGV (0xb) at pc=0x00007f21b220a103, pid=1800, tid=1801
#
# JRE version: OpenJDK Runtime Environment (11.0.8+10) (build 11.0.8+10-post-Ubuntu-0ubuntu118.04.1)
# Java VM: OpenJDK 64-Bit Server VM (11.0.8+10-post-Ubuntu-0ubuntu118.04.1, mixed mode, sharing, tiered, compressed oops, g1 gc, linux-amd64)
# Problematic frame:
# C  [libCPUScaler.so+0x5103]  writeToFile+0xc2
#
# Core dump will be written. Default location: Core dumps may be processed with "/usr/share/apport/apport %p %s %c %d %P" (or dumping to /home/alejandro/jRAPL/src/core.1800)
#
# If you would like to submit a bug report, please visit:
#   https://bugs.launchpad.net/ubuntu/+source/openjdk-lts
# The crash happened outside the Java Virtual Machine in native code.
# See problematic frame for where to report the bug.
#

---------------  S U M M A R Y ------------

Command Line: jrapl.AsyncEnergyMonitorCSide

Host: Intel(R) Core(TM) i7-10510U CPU @ 1.80GHz, 8 cores, 15G, Linux Mint 19.1 Tessa
Time: Sun Oct  4 14:17:00 2020 EDT elapsed time: 0 seconds (0d 0h 0m 0s)

---------------  T H R E A D  ---------------

Current thread (0x00007f21e0017000):  JavaThread "main" [_thread_in_native, id=1801, stack(0x00007f21e7850000,0x00007f21e7951000)]

Stack: [0x00007f21e7850000,0x00007f21e7951000],  sp=0x00007f21e794f860,  free space=1022k
Native frames: (J=compiled Java code, A=aot compiled Java code, j=interpreted, Vv=VM code, C=native code)
C  [libCPUScaler.so+0x5103]  writeToFile+0xc2
C  [libCPUScaler.so+0x5284]  Java_jrapl_AsyncEnergyMonitorCSide_writeToFile+0x2a
j  jrapl.AsyncEnergyMonitorCSide.writeToFile(Ljava/lang/String;)V+0
j  jrapl.AsyncEnergyMonitorCSide.main([Ljava/lang/String;)V+26
v  ~StubRoutines::call_stub
V  [libjvm.so+0x84eb09]
V  [libjvm.so+0x8ca93d]
V  [libjvm.so+0x8cce0e]
C  [libjli.so+0x591b]
C  [libjli.so+0x946d]

Java frames: (J=compiled Java code, j=interpreted, Vv=VM code)
j  jrapl.AsyncEnergyMonitorCSide.writeToFile(Ljava/lang/String;)V+0
j  jrapl.AsyncEnergyMonitorCSide.main([Ljava/lang/String;)V+26
v  ~StubRoutines::call_stub

siginfo: si_signo: 11 (SIGSEGV), si_code: 2 (SEGV_ACCERR), si_addr: 0x00007f21e0264000

Register to memory mapping:

RAX=0x0 is NULL
RBX={method} {0x00007f21b34f7608} 'writeToFile' '(Ljava/lang/String;)V' in 'jrapl/AsyncEnergyMonitorCSide'
RCX=0x00007f21e0263ff8 points into unknown readable memory: 00 00 00 00 00 00 00 00
RDX=0x000000000002af18 is an unknown value
RSP=0x00007f21e794f860 is pointing into the stack for thread: 0x00007f21e0017000
RBP=0x00007f21e794f8e0 is pointing into the stack for thread: 0x00007f21e0017000
RSI=0x0 is NULL
RDI=0x00007f21e794f300 is pointing into the stack for thread: 0x00007f21e0017000
R8 =0x0 is NULL
R9 =0x0 is NULL
R10=0x0 is NULL
R11=0x0 is NULL
R12=0x0 is NULL
R13={method} {0x00007f21b34f7608} 'writeToFile' '(Ljava/lang/String;)V' in 'jrapl/AsyncEnergyMonitorCSide'
R14=0x00007f21e794f990 is pointing into the stack for thread: 0x00007f21e0017000
R15=0x00007f21e0017000 is a thread


Registers:
RAX=0x0000000000000000, RBX=0x00007f21b34f7608, RCX=0x00007f21e0263ff8, RDX=0x000000000002af18
RSP=0x00007f21e794f860, RBP=0x00007f21e794f8e0, RSI=0x0000000000000000, RDI=0x00007f21e794f300
R8 =0x0000000000000000, R9 =0x0000000000000000, R10=0x0000000000000000, R11=0x0000000000000000
R12=0x0000000000000000, R13=0x00007f21b34f7608, R14=0x00007f21e794f990, R15=0x00007f21e0017000
RIP=0x00007f21b220a103, EFLAGS=0x0000000000010206, CSGSFS=0x002b000000000033, ERR=0x0000000000000004
  TRAPNO=0x000000000000000e

Top of Stack: (sp=0x00007f21e794f860)
0x00007f21e794f860:   00007f21e794f990 0000000000000000
0x00007f21e794f870:   0000000000000000 00007f21e0239160
0x00007f21e794f880:   00007f21e794f8d0 0000137700000c45
0x00007f21e794f890:   00007f21e752e760 00007f21e02390e0 

Instructions: (pc=0x00007f21b220a103)
0x00007f21b220a003:   c6 40 18 01 48 8b 45 f8 48 8b 00 be 00 00 00 00
0x00007f21b220a013:   48 89 c7 e8 75 d0 ff ff 90 c9 c3 55 48 89 e5 48
0x00007f21b220a023:   89 7d f8 48 8b 45 f8 c6 40 18 00 48 8b 45 f8 48
0x00007f21b220a033:   8b 40 10 48 c7 40 10 00 00 00 00 90 5d c3 55 48
0x00007f21b220a043:   89 e5 48 83 c4 80 48 89 7d 98 48 89 75 90 48 83
0x00007f21b220a053:   7d 90 00 74 15 48 8b 45 90 48 8d 35 9e 0b 00 00
0x00007f21b220a063:   48 89 c7 e8 75 d0 ff ff eb 0a 48 8b 05 64 1f 20
0x00007f21b220a073:   00 48 8b 00 48 89 45 b0 48 8b 45 98 48 8b 40 10
0x00007f21b220a083:   48 8b 00 48 89 45 b8 48 8b 45 98 48 8b 40 10 48
0x00007f21b220a093:   8b 40 10 89 45 ac 48 8b 45 98 8b 50 08 48 8b 45
0x00007f21b220a0a3:   b0 48 8d 35 5d 0b 00 00 48 89 c7 b8 00 00 00 00
0x00007f21b220a0b3:   e8 08 cf ff ff 48 8b 45 b0 48 89 c1 ba 37 00 00
0x00007f21b220a0c3:   00 be 01 00 00 00 48 8d 3d 58 0b 00 00 e8 8b d0
0x00007f21b220a0d3:   ff ff c7 45 a8 00 00 00 00 e9 a8 00 00 00 8b 45
0x00007f21b220a0e3:   a8 48 63 d0 48 89 d0 48 c1 e0 03 48 29 d0 48 c1
0x00007f21b220a0f3:   e0 03 48 89 c2 48 8b 45 b8 48 8d 0c 02 48 8b 01
0x00007f21b220a103:   48 8b 51 08 48 89 45 c0 48 89 55 c8 48 8b 41 10
0x00007f21b220a113:   48 8b 51 18 48 89 45 d0 48 89 55 d8 48 8b 41 20
0x00007f21b220a123:   48 8b 51 28 48 89 45 e0 48 89 55 e8 48 8b 41 30
0x00007f21b220a133:   48 89 45 f0 48 8b 7d f0 48 8b 4d e8 f2 0f 10 55
0x00007f21b220a143:   c8 f2 0f 10 4d e0 f2 0f 10 45 d8 48 8b 75 d0 8b
0x00007f21b220a153:   55 c0 48 8b 45 b0 49 89 f8 66 0f 28 da 66 0f 28
0x00007f21b220a163:   d1 66 0f 28 c8 48 89 75 88 f2 0f 10 45 88 48 8d
0x00007f21b220a173:   35 e8 0a 00 00 48 89 c7 b8 04 00 00 00 e8 3b ce
0x00007f21b220a183:   ff ff 83 45 a8 01 8b 45 a8 3b 45 ac 0f 8c 4c ff
0x00007f21b220a193:   ff ff 48 83 7d 90 00 74 0c 48 8b 45 b0 48 89 c7
0x00007f21b220a1a3:   e8 a8 cc ff ff 90 c9 c3 55 48 89 e5 48 83 ec 20
0x00007f21b220a1b3:   48 89 7d f8 48 89 75 f0 89 55 ec 48 8b 15 d3 20
0x00007f21b220a1c3:   20 00 8b 45 ec 48 89 d6 89 c7 e8 5e cf ff ff 48
0x00007f21b220a1d3:   89 05 b7 20 20 00 90 c9 c3 55 48 89 e5 48 83 ec
0x00007f21b220a1e3:   10 48 89 7d f8 48 89 75 f0 48 8b 05 9d 20 20 00
0x00007f21b220a1f3:   48 89 c7 e8 65 cd ff ff 90 c9 c3 55 48 89 e5 48 


Stack slot to memory mapping:
stack at sp + 0 slots: 0x00007f21e794f990 is pointing into the stack for thread: 0x00007f21e0017000
stack at sp + 1 slots: 0x0 is NULL
stack at sp + 2 slots: 0x0 is NULL
stack at sp + 3 slots: 0x00007f21e0239160 points into unknown readable memory: 00 00 00 00 00 00 00 00
stack at sp + 4 slots: 0x00007f21e794f8d0 is pointing into the stack for thread: 0x00007f21e0017000
stack at sp + 5 slots: 0x0000137700000c45 is an unknown value
stack at sp + 6 slots: 0x00007f21e752e760: _IO_2_1_stdout_+0x0000000000000000 in /lib/x86_64-linux-gnu/libc.so.6 at 0x00007f21e7142000
stack at sp + 7 slots: 0x00007f21e02390e0 points into unknown readable memory: 00 00 00 00 00 00 00 00


---------------  P R O C E S S  ---------------

Threads class SMR info:
_java_thread_list=0x00007f21e0235b30, length=9, elements={
0x00007f21e0017000, 0x00007f21e01ca800, 0x00007f21e01cc800, 0x00007f21e01d2000,
0x00007f21e01d4000, 0x00007f21e01d6000, 0x00007f21e01d8000, 0x00007f21e022f000,
0x00007f21e0234000
}

Java Threads: ( => current thread )
=>0x00007f21e0017000 JavaThread "main" [_thread_in_native, id=1801, stack(0x00007f21e7850000,0x00007f21e7951000)]
  0x00007f21e01ca800 JavaThread "Reference Handler" daemon [_thread_blocked, id=1808, stack(0x00007f21b2ef4000,0x00007f21b2ff5000)]
  0x00007f21e01cc800 JavaThread "Finalizer" daemon [_thread_blocked, id=1809, stack(0x00007f21b2df3000,0x00007f21b2ef4000)]
  0x00007f21e01d2000 JavaThread "Signal Dispatcher" daemon [_thread_blocked, id=1810, stack(0x00007f21b2a14000,0x00007f21b2b15000)]
  0x00007f21e01d4000 JavaThread "C2 CompilerThread0" daemon [_thread_blocked, id=1811, stack(0x00007f21b2913000,0x00007f21b2a14000)]
  0x00007f21e01d6000 JavaThread "C1 CompilerThread0" daemon [_thread_blocked, id=1812, stack(0x00007f21b2812000,0x00007f21b2913000)]
  0x00007f21e01d8000 JavaThread "Sweeper thread" daemon [_thread_blocked, id=1813, stack(0x00007f21b2711000,0x00007f21b2812000)]
  0x00007f21e022f000 JavaThread "Service Thread" daemon [_thread_blocked, id=1814, stack(0x00007f21b2610000,0x00007f21b2711000)]
  0x00007f21e0234000 JavaThread "Common-Cleaner" daemon [_thread_blocked, id=1816, stack(0x00007f21b240d000,0x00007f21b250e000)]

Other Threads:
  0x00007f21e01c7800 VMThread "VM Thread" [stack: 0x00007f21b2ff7000,0x00007f21b30f7000] [id=1807]
  0x00007f21e0231800 WatcherThread [stack: 0x00007f21b2510000,0x00007f21b2610000] [id=1815]
  0x00007f21e002f000 GCTaskThread "GC Thread#0" [stack: 0x00007f21c80e3000,0x00007f21c81e3000] [id=1802]
  0x00007f21e008c000 ConcurrentGCThread "G1 Main Marker" [stack: 0x00007f21ba410000,0x00007f21ba510000] [id=1803]
  0x00007f21e008e000 ConcurrentGCThread "G1 Conc#0" [stack: 0x00007f21ba30e000,0x00007f21ba40e000] [id=1804]
  0x00007f21e018a000 ConcurrentGCThread "G1 Refine#0" [stack: 0x00007f21b39fb000,0x00007f21b3afb000] [id=1805]
  0x00007f21e018c000 ConcurrentGCThread "G1 Young RemSet Sampling" [stack: 0x00007f21b38f9000,0x00007f21b39f9000] [id=1806]

Threads with active compile tasks:

VM state:not at safepoint (normal execution)

VM Mutex/Monitor currently owned by a thread: None

Heap address: 0x000000070a400000, size: 3932 MB, Compressed Oops mode: Zero based, Oop shift amount: 3
Narrow klass base: 0x0000000800000000, Narrow klass shift: 3
Compressed class space size: 1073741824 Address: 0x0000000840000000

Heap:
 garbage-first heap   total 253952K, used 708K [0x000000070a400000, 0x0000000800000000)
  region size 1024K, 1 young (1024K), 0 survivors (0K)
 Metaspace       used 158K, capacity 4490K, committed 4864K, reserved 1056768K
  class space    used 5K, capacity 386K, committed 512K, reserved 1048576K
Heap Regions: E=young(eden), S=young(survivor), O=old, HS=humongous(starts), HC=humongous(continues), CS=collection set, F=free, A=archive, TAMS=top-at-mark-start (previous, next)
|   0|0x000000070a400000, 0x000000070a400000, 0x000000070a500000|  0%| F|  |TAMS 0x000000070a400000, 0x000000070a400000| Untracked 
|   1|0x000000070a500000, 0x000000070a500000, 0x000000070a600000|  0%| F|  |TAMS 0x000000070a500000, 0x000000070a500000| Untracked 
|   2|0x000000070a600000, 0x000000070a600000, 0x000000070a700000|  0%| F|  |TAMS 0x000000070a600000, 0x000000070a600000| Untracked 
|   3|0x000000070a700000, 0x000000070a700000, 0x000000070a800000|  0%| F|  |TAMS 0x000000070a700000, 0x000000070a700000| Untracked 
|   4|0x000000070a800000, 0x000000070a800000, 0x000000070a900000|  0%| F|  |TAMS 0x000000070a800000, 0x000000070a800000| Untracked 
|   5|0x000000070a900000, 0x000000070a900000, 0x000000070aa00000|  0%| F|  |TAMS 0x000000070a900000, 0x000000070a900000| Untracked 
|   6|0x000000070aa00000, 0x000000070aa00000, 0x000000070ab00000|  0%| F|  |TAMS 0x000000070aa00000, 0x000000070aa00000| Untracked 
|   7|0x000000070ab00000, 0x000000070ab00000, 0x000000070ac00000|  0%| F|  |TAMS 0x000000070ab00000, 0x000000070ab00000| Untracked 
|   8|0x000000070ac00000, 0x000000070ac00000, 0x000000070ad00000|  0%| F|  |TAMS 0x000000070ac00000, 0x000000070ac00000| Untracked 
|   9|0x000000070ad00000, 0x000000070ad00000, 0x000000070ae00000|  0%| F|  |TAMS 0x000000070ad00000, 0x000000070ad00000| Untracked 
|  10|0x000000070ae00000, 0x000000070ae00000, 0x000000070af00000|  0%| F|  |TAMS 0x000000070ae00000, 0x000000070ae00000| Untracked 
|  11|0x000000070af00000, 0x000000070af00000, 0x000000070b000000|  0%| F|  |TAMS 0x000000070af00000, 0x000000070af00000| Untracked 
|  12|0x000000070b000000, 0x000000070b000000, 0x000000070b100000|  0%| F|  |TAMS 0x000000070b000000, 0x000000070b000000| Untracked 
|  13|0x000000070b100000, 0x000000070b100000, 0x000000070b200000|  0%| F|  |TAMS 0x000000070b100000, 0x000000070b100000| Untracked 
|  14|0x000000070b200000, 0x000000070b200000, 0x000000070b300000|  0%| F|  |TAMS 0x000000070b200000, 0x000000070b200000| Untracked 
|  15|0x000000070b300000, 0x000000070b300000, 0x000000070b400000|  0%| F|  |TAMS 0x000000070b300000, 0x000000070b300000| Untracked 
|  16|0x000000070b400000, 0x000000070b400000, 0x000000070b500000|  0%| F|  |TAMS 0x000000070b400000, 0x000000070b400000| Untracked 
|  17|0x000000070b500000, 0x000000070b500000, 0x000000070b600000|  0%| F|  |TAMS 0x000000070b500000, 0x000000070b500000| Untracked 
|  18|0x000000070b600000, 0x000000070b600000, 0x000000070b700000|  0%| F|  |TAMS 0x000000070b600000, 0x000000070b600000| Untracked 
|  19|0x000000070b700000, 0x000000070b700000, 0x000000070b800000|  0%| F|  |TAMS 0x000000070b700000, 0x000000070b700000| Untracked 
|  20|0x000000070b800000, 0x000000070b800000, 0x000000070b900000|  0%| F|  |TAMS 0x000000070b800000, 0x000000070b800000| Untracked 
|  21|0x000000070b900000, 0x000000070b900000, 0x000000070ba00000|  0%| F|  |TAMS 0x000000070b900000, 0x000000070b900000| Untracked 
|  22|0x000000070ba00000, 0x000000070ba00000, 0x000000070bb00000|  0%| F|  |TAMS 0x000000070ba00000, 0x000000070ba00000| Untracked 
|  23|0x000000070bb00000, 0x000000070bb00000, 0x000000070bc00000|  0%| F|  |TAMS 0x000000070bb00000, 0x000000070bb00000| Untracked 
|  24|0x000000070bc00000, 0x000000070bc00000, 0x000000070bd00000|  0%| F|  |TAMS 0x000000070bc00000, 0x000000070bc00000| Untracked 
|  25|0x000000070bd00000, 0x000000070bd00000, 0x000000070be00000|  0%| F|  |TAMS 0x000000070bd00000, 0x000000070bd00000| Untracked 
|  26|0x000000070be00000, 0x000000070be00000, 0x000000070bf00000|  0%| F|  |TAMS 0x000000070be00000, 0x000000070be00000| Untracked 
|  27|0x000000070bf00000, 0x000000070bf00000, 0x000000070c000000|  0%| F|  |TAMS 0x000000070bf00000, 0x000000070bf00000| Untracked 
|  28|0x000000070c000000, 0x000000070c000000, 0x000000070c100000|  0%| F|  |TAMS 0x000000070c000000, 0x000000070c000000| Untracked 
|  29|0x000000070c100000, 0x000000070c100000, 0x000000070c200000|  0%| F|  |TAMS 0x000000070c100000, 0x000000070c100000| Untracked 
|  30|0x000000070c200000, 0x000000070c200000, 0x000000070c300000|  0%| F|  |TAMS 0x000000070c200000, 0x000000070c200000| Untracked 
|  31|0x000000070c300000, 0x000000070c300000, 0x000000070c400000|  0%| F|  |TAMS 0x000000070c300000, 0x000000070c300000| Untracked 
|  32|0x000000070c400000, 0x000000070c400000, 0x000000070c500000|  0%| F|  |TAMS 0x000000070c400000, 0x000000070c400000| Untracked 
|  33|0x000000070c500000, 0x000000070c500000, 0x000000070c600000|  0%| F|  |TAMS 0x000000070c500000, 0x000000070c500000| Untracked 
|  34|0x000000070c600000, 0x000000070c600000, 0x000000070c700000|  0%| F|  |TAMS 0x000000070c600000, 0x000000070c600000| Untracked 
|  35|0x000000070c700000, 0x000000070c700000, 0x000000070c800000|  0%| F|  |TAMS 0x000000070c700000, 0x000000070c700000| Untracked 
|  36|0x000000070c800000, 0x000000070c800000, 0x000000070c900000|  0%| F|  |TAMS 0x000000070c800000, 0x000000070c800000| Untracked 
|  37|0x000000070c900000, 0x000000070c900000, 0x000000070ca00000|  0%| F|  |TAMS 0x000000070c900000, 0x000000070c900000| Untracked 
|  38|0x000000070ca00000, 0x000000070ca00000, 0x000000070cb00000|  0%| F|  |TAMS 0x000000070ca00000, 0x000000070ca00000| Untracked 
|  39|0x000000070cb00000, 0x000000070cb00000, 0x000000070cc00000|  0%| F|  |TAMS 0x000000070cb00000, 0x000000070cb00000| Untracked 
|  40|0x000000070cc00000, 0x000000070cc00000, 0x000000070cd00000|  0%| F|  |TAMS 0x000000070cc00000, 0x000000070cc00000| Untracked 
|  41|0x000000070cd00000, 0x000000070cd00000, 0x000000070ce00000|  0%| F|  |TAMS 0x000000070cd00000, 0x000000070cd00000| Untracked 
|  42|0x000000070ce00000, 0x000000070ce00000, 0x000000070cf00000|  0%| F|  |TAMS 0x000000070ce00000, 0x000000070ce00000| Untracked 
|  43|0x000000070cf00000, 0x000000070cf00000, 0x000000070d000000|  0%| F|  |TAMS 0x000000070cf00000, 0x000000070cf00000| Untracked 
|  44|0x000000070d000000, 0x000000070d000000, 0x000000070d100000|  0%| F|  |TAMS 0x000000070d000000, 0x000000070d000000| Untracked 
|  45|0x000000070d100000, 0x000000070d100000, 0x000000070d200000|  0%| F|  |TAMS 0x000000070d100000, 0x000000070d100000| Untracked 
|  46|0x000000070d200000, 0x000000070d200000, 0x000000070d300000|  0%| F|  |TAMS 0x000000070d200000, 0x000000070d200000| Untracked 
|  47|0x000000070d300000, 0x000000070d300000, 0x000000070d400000|  0%| F|  |TAMS 0x000000070d300000, 0x000000070d300000| Untracked 
|  48|0x000000070d400000, 0x000000070d400000, 0x000000070d500000|  0%| F|  |TAMS 0x000000070d400000, 0x000000070d400000| Untracked 
|  49|0x000000070d500000, 0x000000070d500000, 0x000000070d600000|  0%| F|  |TAMS 0x000000070d500000, 0x000000070d500000| Untracked 
|  50|0x000000070d600000, 0x000000070d600000, 0x000000070d700000|  0%| F|  |TAMS 0x000000070d600000, 0x000000070d600000| Untracked 
|  51|0x000000070d700000, 0x000000070d700000, 0x000000070d800000|  0%| F|  |TAMS 0x000000070d700000, 0x000000070d700000| Untracked 
|  52|0x000000070d800000, 0x000000070d800000, 0x000000070d900000|  0%| F|  |TAMS 0x000000070d800000, 0x000000070d800000| Untracked 
|  53|0x000000070d900000, 0x000000070d900000, 0x000000070da00000|  0%| F|  |TAMS 0x000000070d900000, 0x000000070d900000| Untracked 
|  54|0x000000070da00000, 0x000000070da00000, 0x000000070db00000|  0%| F|  |TAMS 0x000000070da00000, 0x000000070da00000| Untracked 
|  55|0x000000070db00000, 0x000000070db00000, 0x000000070dc00000|  0%| F|  |TAMS 0x000000070db00000, 0x000000070db00000| Untracked 
|  56|0x000000070dc00000, 0x000000070dc00000, 0x000000070dd00000|  0%| F|  |TAMS 0x000000070dc00000, 0x000000070dc00000| Untracked 
|  57|0x000000070dd00000, 0x000000070dd00000, 0x000000070de00000|  0%| F|  |TAMS 0x000000070dd00000, 0x000000070dd00000| Untracked 
|  58|0x000000070de00000, 0x000000070de00000, 0x000000070df00000|  0%| F|  |TAMS 0x000000070de00000, 0x000000070de00000| Untracked 
|  59|0x000000070df00000, 0x000000070df00000, 0x000000070e000000|  0%| F|  |TAMS 0x000000070df00000, 0x000000070df00000| Untracked 
|  60|0x000000070e000000, 0x000000070e000000, 0x000000070e100000|  0%| F|  |TAMS 0x000000070e000000, 0x000000070e000000| Untracked 
|  61|0x000000070e100000, 0x000000070e100000, 0x000000070e200000|  0%| F|  |TAMS 0x000000070e100000, 0x000000070e100000| Untracked 
|  62|0x000000070e200000, 0x000000070e200000, 0x000000070e300000|  0%| F|  |TAMS 0x000000070e200000, 0x000000070e200000| Untracked 
|  63|0x000000070e300000, 0x000000070e300000, 0x000000070e400000|  0%| F|  |TAMS 0x000000070e300000, 0x000000070e300000| Untracked 
|  64|0x000000070e400000, 0x000000070e400000, 0x000000070e500000|  0%| F|  |TAMS 0x000000070e400000, 0x000000070e400000| Untracked 
|  65|0x000000070e500000, 0x000000070e500000, 0x000000070e600000|  0%| F|  |TAMS 0x000000070e500000, 0x000000070e500000| Untracked 
|  66|0x000000070e600000, 0x000000070e600000, 0x000000070e700000|  0%| F|  |TAMS 0x000000070e600000, 0x000000070e600000| Untracked 
|  67|0x000000070e700000, 0x000000070e700000, 0x000000070e800000|  0%| F|  |TAMS 0x000000070e700000, 0x000000070e700000| Untracked 
|  68|0x000000070e800000, 0x000000070e800000, 0x000000070e900000|  0%| F|  |TAMS 0x000000070e800000, 0x000000070e800000| Untracked 
|  69|0x000000070e900000, 0x000000070e900000, 0x000000070ea00000|  0%| F|  |TAMS 0x000000070e900000, 0x000000070e900000| Untracked 
|  70|0x000000070ea00000, 0x000000070ea00000, 0x000000070eb00000|  0%| F|  |TAMS 0x000000070ea00000, 0x000000070ea00000| Untracked 
|  71|0x000000070eb00000, 0x000000070eb00000, 0x000000070ec00000|  0%| F|  |TAMS 0x000000070eb00000, 0x000000070eb00000| Untracked 
|  72|0x000000070ec00000, 0x000000070ec00000, 0x000000070ed00000|  0%| F|  |TAMS 0x000000070ec00000, 0x000000070ec00000| Untracked 
|  73|0x000000070ed00000, 0x000000070ed00000, 0x000000070ee00000|  0%| F|  |TAMS 0x000000070ed00000, 0x000000070ed00000| Untracked 
|  74|0x000000070ee00000, 0x000000070ee00000, 0x000000070ef00000|  0%| F|  |TAMS 0x000000070ee00000, 0x000000070ee00000| Untracked 
|  75|0x000000070ef00000, 0x000000070ef00000, 0x000000070f000000|  0%| F|  |TAMS 0x000000070ef00000, 0x000000070ef00000| Untracked 
|  76|0x000000070f000000, 0x000000070f000000, 0x000000070f100000|  0%| F|  |TAMS 0x000000070f000000, 0x000000070f000000| Untracked 
|  77|0x000000070f100000, 0x000000070f100000, 0x000000070f200000|  0%| F|  |TAMS 0x000000070f100000, 0x000000070f100000| Untracked 
|  78|0x000000070f200000, 0x000000070f200000, 0x000000070f300000|  0%| F|  |TAMS 0x000000070f200000, 0x000000070f200000| Untracked 
|  79|0x000000070f300000, 0x000000070f300000, 0x000000070f400000|  0%| F|  |TAMS 0x000000070f300000, 0x000000070f300000| Untracked 
|  80|0x000000070f400000, 0x000000070f400000, 0x000000070f500000|  0%| F|  |TAMS 0x000000070f400000, 0x000000070f400000| Untracked 
|  81|0x000000070f500000, 0x000000070f500000, 0x000000070f600000|  0%| F|  |TAMS 0x000000070f500000, 0x000000070f500000| Untracked 
|  82|0x000000070f600000, 0x000000070f600000, 0x000000070f700000|  0%| F|  |TAMS 0x000000070f600000, 0x000000070f600000| Untracked 
|  83|0x000000070f700000, 0x000000070f700000, 0x000000070f800000|  0%| F|  |TAMS 0x000000070f700000, 0x000000070f700000| Untracked 
|  84|0x000000070f800000, 0x000000070f800000, 0x000000070f900000|  0%| F|  |TAMS 0x000000070f800000, 0x000000070f800000| Untracked 
|  85|0x000000070f900000, 0x000000070f900000, 0x000000070fa00000|  0%| F|  |TAMS 0x000000070f900000, 0x000000070f900000| Untracked 
|  86|0x000000070fa00000, 0x000000070fa00000, 0x000000070fb00000|  0%| F|  |TAMS 0x000000070fa00000, 0x000000070fa00000| Untracked 
|  87|0x000000070fb00000, 0x000000070fb00000, 0x000000070fc00000|  0%| F|  |TAMS 0x000000070fb00000, 0x000000070fb00000| Untracked 
|  88|0x000000070fc00000, 0x000000070fc00000, 0x000000070fd00000|  0%| F|  |TAMS 0x000000070fc00000, 0x000000070fc00000| Untracked 
|  89|0x000000070fd00000, 0x000000070fd00000, 0x000000070fe00000|  0%| F|  |TAMS 0x000000070fd00000, 0x000000070fd00000| Untracked 
|  90|0x000000070fe00000, 0x000000070fe00000, 0x000000070ff00000|  0%| F|  |TAMS 0x000000070fe00000, 0x000000070fe00000| Untracked 
|  91|0x000000070ff00000, 0x000000070ff00000, 0x0000000710000000|  0%| F|  |TAMS 0x000000070ff00000, 0x000000070ff00000| Untracked 
|  92|0x0000000710000000, 0x0000000710000000, 0x0000000710100000|  0%| F|  |TAMS 0x0000000710000000, 0x0000000710000000| Untracked 
|  93|0x0000000710100000, 0x0000000710100000, 0x0000000710200000|  0%| F|  |TAMS 0x0000000710100000, 0x0000000710100000| Untracked 
|  94|0x0000000710200000, 0x0000000710200000, 0x0000000710300000|  0%| F|  |TAMS 0x0000000710200000, 0x0000000710200000| Untracked 
|  95|0x0000000710300000, 0x0000000710300000, 0x0000000710400000|  0%| F|  |TAMS 0x0000000710300000, 0x0000000710300000| Untracked 
|  96|0x0000000710400000, 0x0000000710400000, 0x0000000710500000|  0%| F|  |TAMS 0x0000000710400000, 0x0000000710400000| Untracked 
|  97|0x0000000710500000, 0x0000000710500000, 0x0000000710600000|  0%| F|  |TAMS 0x0000000710500000, 0x0000000710500000| Untracked 
|  98|0x0000000710600000, 0x0000000710600000, 0x0000000710700000|  0%| F|  |TAMS 0x0000000710600000, 0x0000000710600000| Untracked 
|  99|0x0000000710700000, 0x0000000710700000, 0x0000000710800000|  0%| F|  |TAMS 0x0000000710700000, 0x0000000710700000| Untracked 
| 100|0x0000000710800000, 0x0000000710800000, 0x0000000710900000|  0%| F|  |TAMS 0x0000000710800000, 0x0000000710800000| Untracked 
| 101|0x0000000710900000, 0x0000000710900000, 0x0000000710a00000|  0%| F|  |TAMS 0x0000000710900000, 0x0000000710900000| Untracked 
| 102|0x0000000710a00000, 0x0000000710a00000, 0x0000000710b00000|  0%| F|  |TAMS 0x0000000710a00000, 0x0000000710a00000| Untracked 
| 103|0x0000000710b00000, 0x0000000710b00000, 0x0000000710c00000|  0%| F|  |TAMS 0x0000000710b00000, 0x0000000710b00000| Untracked 
| 104|0x0000000710c00000, 0x0000000710c00000, 0x0000000710d00000|  0%| F|  |TAMS 0x0000000710c00000, 0x0000000710c00000| Untracked 
| 105|0x0000000710d00000, 0x0000000710d00000, 0x0000000710e00000|  0%| F|  |TAMS 0x0000000710d00000, 0x0000000710d00000| Untracked 
| 106|0x0000000710e00000, 0x0000000710e00000, 0x0000000710f00000|  0%| F|  |TAMS 0x0000000710e00000, 0x0000000710e00000| Untracked 
| 107|0x0000000710f00000, 0x0000000710f00000, 0x0000000711000000|  0%| F|  |TAMS 0x0000000710f00000, 0x0000000710f00000| Untracked 
| 108|0x0000000711000000, 0x0000000711000000, 0x0000000711100000|  0%| F|  |TAMS 0x0000000711000000, 0x0000000711000000| Untracked 
| 109|0x0000000711100000, 0x0000000711100000, 0x0000000711200000|  0%| F|  |TAMS 0x0000000711100000, 0x0000000711100000| Untracked 
| 110|0x0000000711200000, 0x0000000711200000, 0x0000000711300000|  0%| F|  |TAMS 0x0000000711200000, 0x0000000711200000| Untracked 
| 111|0x0000000711300000, 0x0000000711300000, 0x0000000711400000|  0%| F|  |TAMS 0x0000000711300000, 0x0000000711300000| Untracked 
| 112|0x0000000711400000, 0x0000000711400000, 0x0000000711500000|  0%| F|  |TAMS 0x0000000711400000, 0x0000000711400000| Untracked 
| 113|0x0000000711500000, 0x0000000711500000, 0x0000000711600000|  0%| F|  |TAMS 0x0000000711500000, 0x0000000711500000| Untracked 
| 114|0x0000000711600000, 0x0000000711600000, 0x0000000711700000|  0%| F|  |TAMS 0x0000000711600000, 0x0000000711600000| Untracked 
| 115|0x0000000711700000, 0x0000000711700000, 0x0000000711800000|  0%| F|  |TAMS 0x0000000711700000, 0x0000000711700000| Untracked 
| 116|0x0000000711800000, 0x0000000711800000, 0x0000000711900000|  0%| F|  |TAMS 0x0000000711800000, 0x0000000711800000| Untracked 
| 117|0x0000000711900000, 0x0000000711900000, 0x0000000711a00000|  0%| F|  |TAMS 0x0000000711900000, 0x0000000711900000| Untracked 
| 118|0x0000000711a00000, 0x0000000711a00000, 0x0000000711b00000|  0%| F|  |TAMS 0x0000000711a00000, 0x0000000711a00000| Untracked 
| 119|0x0000000711b00000, 0x0000000711b00000, 0x0000000711c00000|  0%| F|  |TAMS 0x0000000711b00000, 0x0000000711b00000| Untracked 
| 120|0x0000000711c00000, 0x0000000711c00000, 0x0000000711d00000|  0%| F|  |TAMS 0x0000000711c00000, 0x0000000711c00000| Untracked 
| 121|0x0000000711d00000, 0x0000000711d00000, 0x0000000711e00000|  0%| F|  |TAMS 0x0000000711d00000, 0x0000000711d00000| Untracked 
| 122|0x0000000711e00000, 0x0000000711e00000, 0x0000000711f00000|  0%| F|  |TAMS 0x0000000711e00000, 0x0000000711e00000| Untracked 
| 123|0x0000000711f00000, 0x0000000711f00000, 0x0000000712000000|  0%| F|  |TAMS 0x0000000711f00000, 0x0000000711f00000| Untracked 
| 124|0x0000000712000000, 0x0000000712000000, 0x0000000712100000|  0%| F|  |TAMS 0x0000000712000000, 0x0000000712000000| Untracked 
| 125|0x0000000712100000, 0x0000000712100000, 0x0000000712200000|  0%| F|  |TAMS 0x0000000712100000, 0x0000000712100000| Untracked 
| 126|0x0000000712200000, 0x0000000712200000, 0x0000000712300000|  0%| F|  |TAMS 0x0000000712200000, 0x0000000712200000| Untracked 
| 127|0x0000000712300000, 0x0000000712300000, 0x0000000712400000|  0%| F|  |TAMS 0x0000000712300000, 0x0000000712300000| Untracked 
| 128|0x0000000712400000, 0x0000000712400000, 0x0000000712500000|  0%| F|  |TAMS 0x0000000712400000, 0x0000000712400000| Untracked 
| 129|0x0000000712500000, 0x0000000712500000, 0x0000000712600000|  0%| F|  |TAMS 0x0000000712500000, 0x0000000712500000| Untracked 
| 130|0x0000000712600000, 0x0000000712600000, 0x0000000712700000|  0%| F|  |TAMS 0x0000000712600000, 0x0000000712600000| Untracked 
| 131|0x0000000712700000, 0x0000000712700000, 0x0000000712800000|  0%| F|  |TAMS 0x0000000712700000, 0x0000000712700000| Untracked 
| 132|0x0000000712800000, 0x0000000712800000, 0x0000000712900000|  0%| F|  |TAMS 0x0000000712800000, 0x0000000712800000| Untracked 
| 133|0x0000000712900000, 0x0000000712900000, 0x0000000712a00000|  0%| F|  |TAMS 0x0000000712900000, 0x0000000712900000| Untracked 
| 134|0x0000000712a00000, 0x0000000712a00000, 0x0000000712b00000|  0%| F|  |TAMS 0x0000000712a00000, 0x0000000712a00000| Untracked 
| 135|0x0000000712b00000, 0x0000000712b00000, 0x0000000712c00000|  0%| F|  |TAMS 0x0000000712b00000, 0x0000000712b00000| Untracked 
| 136|0x0000000712c00000, 0x0000000712c00000, 0x0000000712d00000|  0%| F|  |TAMS 0x0000000712c00000, 0x0000000712c00000| Untracked 
| 137|0x0000000712d00000, 0x0000000712d00000, 0x0000000712e00000|  0%| F|  |TAMS 0x0000000712d00000, 0x0000000712d00000| Untracked 
| 138|0x0000000712e00000, 0x0000000712e00000, 0x0000000712f00000|  0%| F|  |TAMS 0x0000000712e00000, 0x0000000712e00000| Untracked 
| 139|0x0000000712f00000, 0x0000000712f00000, 0x0000000713000000|  0%| F|  |TAMS 0x0000000712f00000, 0x0000000712f00000| Untracked 
| 140|0x0000000713000000, 0x0000000713000000, 0x0000000713100000|  0%| F|  |TAMS 0x0000000713000000, 0x0000000713000000| Untracked 
| 141|0x0000000713100000, 0x0000000713100000, 0x0000000713200000|  0%| F|  |TAMS 0x0000000713100000, 0x0000000713100000| Untracked 
| 142|0x0000000713200000, 0x0000000713200000, 0x0000000713300000|  0%| F|  |TAMS 0x0000000713200000, 0x0000000713200000| Untracked 
| 143|0x0000000713300000, 0x0000000713300000, 0x0000000713400000|  0%| F|  |TAMS 0x0000000713300000, 0x0000000713300000| Untracked 
| 144|0x0000000713400000, 0x0000000713400000, 0x0000000713500000|  0%| F|  |TAMS 0x0000000713400000, 0x0000000713400000| Untracked 
| 145|0x0000000713500000, 0x0000000713500000, 0x0000000713600000|  0%| F|  |TAMS 0x0000000713500000, 0x0000000713500000| Untracked 
| 146|0x0000000713600000, 0x0000000713600000, 0x0000000713700000|  0%| F|  |TAMS 0x0000000713600000, 0x0000000713600000| Untracked 
| 147|0x0000000713700000, 0x0000000713700000, 0x0000000713800000|  0%| F|  |TAMS 0x0000000713700000, 0x0000000713700000| Untracked 
| 148|0x0000000713800000, 0x0000000713800000, 0x0000000713900000|  0%| F|  |TAMS 0x0000000713800000, 0x0000000713800000| Untracked 
| 149|0x0000000713900000, 0x0000000713900000, 0x0000000713a00000|  0%| F|  |TAMS 0x0000000713900000, 0x0000000713900000| Untracked 
| 150|0x0000000713a00000, 0x0000000713a00000, 0x0000000713b00000|  0%| F|  |TAMS 0x0000000713a00000, 0x0000000713a00000| Untracked 
| 151|0x0000000713b00000, 0x0000000713b00000, 0x0000000713c00000|  0%| F|  |TAMS 0x0000000713b00000, 0x0000000713b00000| Untracked 
| 152|0x0000000713c00000, 0x0000000713c00000, 0x0000000713d00000|  0%| F|  |TAMS 0x0000000713c00000, 0x0000000713c00000| Untracked 
| 153|0x0000000713d00000, 0x0000000713d00000, 0x0000000713e00000|  0%| F|  |TAMS 0x0000000713d00000, 0x0000000713d00000| Untracked 
| 154|0x0000000713e00000, 0x0000000713e00000, 0x0000000713f00000|  0%| F|  |TAMS 0x0000000713e00000, 0x0000000713e00000| Untracked 
| 155|0x0000000713f00000, 0x0000000713f00000, 0x0000000714000000|  0%| F|  |TAMS 0x0000000713f00000, 0x0000000713f00000| Untracked 
| 156|0x0000000714000000, 0x0000000714000000, 0x0000000714100000|  0%| F|  |TAMS 0x0000000714000000, 0x0000000714000000| Untracked 
| 157|0x0000000714100000, 0x0000000714100000, 0x0000000714200000|  0%| F|  |TAMS 0x0000000714100000, 0x0000000714100000| Untracked 
| 158|0x0000000714200000, 0x0000000714200000, 0x0000000714300000|  0%| F|  |TAMS 0x0000000714200000, 0x0000000714200000| Untracked 
| 159|0x0000000714300000, 0x0000000714300000, 0x0000000714400000|  0%| F|  |TAMS 0x0000000714300000, 0x0000000714300000| Untracked 
| 160|0x0000000714400000, 0x0000000714400000, 0x0000000714500000|  0%| F|  |TAMS 0x0000000714400000, 0x0000000714400000| Untracked 
| 161|0x0000000714500000, 0x0000000714500000, 0x0000000714600000|  0%| F|  |TAMS 0x0000000714500000, 0x0000000714500000| Untracked 
| 162|0x0000000714600000, 0x0000000714600000, 0x0000000714700000|  0%| F|  |TAMS 0x0000000714600000, 0x0000000714600000| Untracked 
| 163|0x0000000714700000, 0x0000000714700000, 0x0000000714800000|  0%| F|  |TAMS 0x0000000714700000, 0x0000000714700000| Untracked 
| 164|0x0000000714800000, 0x0000000714800000, 0x0000000714900000|  0%| F|  |TAMS 0x0000000714800000, 0x0000000714800000| Untracked 
| 165|0x0000000714900000, 0x0000000714900000, 0x0000000714a00000|  0%| F|  |TAMS 0x0000000714900000, 0x0000000714900000| Untracked 
| 166|0x0000000714a00000, 0x0000000714a00000, 0x0000000714b00000|  0%| F|  |TAMS 0x0000000714a00000, 0x0000000714a00000| Untracked 
| 167|0x0000000714b00000, 0x0000000714b00000, 0x0000000714c00000|  0%| F|  |TAMS 0x0000000714b00000, 0x0000000714b00000| Untracked 
| 168|0x0000000714c00000, 0x0000000714c00000, 0x0000000714d00000|  0%| F|  |TAMS 0x0000000714c00000, 0x0000000714c00000| Untracked 
| 169|0x0000000714d00000, 0x0000000714d00000, 0x0000000714e00000|  0%| F|  |TAMS 0x0000000714d00000, 0x0000000714d00000| Untracked 
| 170|0x0000000714e00000, 0x0000000714e00000, 0x0000000714f00000|  0%| F|  |TAMS 0x0000000714e00000, 0x0000000714e00000| Untracked 
| 171|0x0000000714f00000, 0x0000000714f00000, 0x0000000715000000|  0%| F|  |TAMS 0x0000000714f00000, 0x0000000714f00000| Untracked 
| 172|0x0000000715000000, 0x0000000715000000, 0x0000000715100000|  0%| F|  |TAMS 0x0000000715000000, 0x0000000715000000| Untracked 
| 173|0x0000000715100000, 0x0000000715100000, 0x0000000715200000|  0%| F|  |TAMS 0x0000000715100000, 0x0000000715100000| Untracked 
| 174|0x0000000715200000, 0x0000000715200000, 0x0000000715300000|  0%| F|  |TAMS 0x0000000715200000, 0x0000000715200000| Untracked 
| 175|0x0000000715300000, 0x0000000715300000, 0x0000000715400000|  0%| F|  |TAMS 0x0000000715300000, 0x0000000715300000| Untracked 
| 176|0x0000000715400000, 0x0000000715400000, 0x0000000715500000|  0%| F|  |TAMS 0x0000000715400000, 0x0000000715400000| Untracked 
| 177|0x0000000715500000, 0x0000000715500000, 0x0000000715600000|  0%| F|  |TAMS 0x0000000715500000, 0x0000000715500000| Untracked 
| 178|0x0000000715600000, 0x0000000715600000, 0x0000000715700000|  0%| F|  |TAMS 0x0000000715600000, 0x0000000715600000| Untracked 
| 179|0x0000000715700000, 0x0000000715700000, 0x0000000715800000|  0%| F|  |TAMS 0x0000000715700000, 0x0000000715700000| Untracked 
| 180|0x0000000715800000, 0x0000000715800000, 0x0000000715900000|  0%| F|  |TAMS 0x0000000715800000, 0x0000000715800000| Untracked 
| 181|0x0000000715900000, 0x0000000715900000, 0x0000000715a00000|  0%| F|  |TAMS 0x0000000715900000, 0x0000000715900000| Untracked 
| 182|0x0000000715a00000, 0x0000000715a00000, 0x0000000715b00000|  0%| F|  |TAMS 0x0000000715a00000, 0x0000000715a00000| Untracked 
| 183|0x0000000715b00000, 0x0000000715b00000, 0x0000000715c00000|  0%| F|  |TAMS 0x0000000715b00000, 0x0000000715b00000| Untracked 
| 184|0x0000000715c00000, 0x0000000715c00000, 0x0000000715d00000|  0%| F|  |TAMS 0x0000000715c00000, 0x0000000715c00000| Untracked 
| 185|0x0000000715d00000, 0x0000000715d00000, 0x0000000715e00000|  0%| F|  |TAMS 0x0000000715d00000, 0x0000000715d00000| Untracked 
| 186|0x0000000715e00000, 0x0000000715e00000, 0x0000000715f00000|  0%| F|  |TAMS 0x0000000715e00000, 0x0000000715e00000| Untracked 
| 187|0x0000000715f00000, 0x0000000715f00000, 0x0000000716000000|  0%| F|  |TAMS 0x0000000715f00000, 0x0000000715f00000| Untracked 
| 188|0x0000000716000000, 0x0000000716000000, 0x0000000716100000|  0%| F|  |TAMS 0x0000000716000000, 0x0000000716000000| Untracked 
| 189|0x0000000716100000, 0x0000000716100000, 0x0000000716200000|  0%| F|  |TAMS 0x0000000716100000, 0x0000000716100000| Untracked 
| 190|0x0000000716200000, 0x0000000716200000, 0x0000000716300000|  0%| F|  |TAMS 0x0000000716200000, 0x0000000716200000| Untracked 
| 191|0x0000000716300000, 0x0000000716300000, 0x0000000716400000|  0%| F|  |TAMS 0x0000000716300000, 0x0000000716300000| Untracked 
| 192|0x0000000716400000, 0x0000000716400000, 0x0000000716500000|  0%| F|  |TAMS 0x0000000716400000, 0x0000000716400000| Untracked 
| 193|0x0000000716500000, 0x0000000716500000, 0x0000000716600000|  0%| F|  |TAMS 0x0000000716500000, 0x0000000716500000| Untracked 
| 194|0x0000000716600000, 0x0000000716600000, 0x0000000716700000|  0%| F|  |TAMS 0x0000000716600000, 0x0000000716600000| Untracked 
| 195|0x0000000716700000, 0x0000000716700000, 0x0000000716800000|  0%| F|  |TAMS 0x0000000716700000, 0x0000000716700000| Untracked 
| 196|0x0000000716800000, 0x0000000716800000, 0x0000000716900000|  0%| F|  |TAMS 0x0000000716800000, 0x0000000716800000| Untracked 
| 197|0x0000000716900000, 0x0000000716900000, 0x0000000716a00000|  0%| F|  |TAMS 0x0000000716900000, 0x0000000716900000| Untracked 
| 198|0x0000000716a00000, 0x0000000716a00000, 0x0000000716b00000|  0%| F|  |TAMS 0x0000000716a00000, 0x0000000716a00000| Untracked 
| 199|0x0000000716b00000, 0x0000000716b00000, 0x0000000716c00000|  0%| F|  |TAMS 0x0000000716b00000, 0x0000000716b00000| Untracked 
| 200|0x0000000716c00000, 0x0000000716c00000, 0x0000000716d00000|  0%| F|  |TAMS 0x0000000716c00000, 0x0000000716c00000| Untracked 
| 201|0x0000000716d00000, 0x0000000716d00000, 0x0000000716e00000|  0%| F|  |TAMS 0x0000000716d00000, 0x0000000716d00000| Untracked 
| 202|0x0000000716e00000, 0x0000000716e00000, 0x0000000716f00000|  0%| F|  |TAMS 0x0000000716e00000, 0x0000000716e00000| Untracked 
| 203|0x0000000716f00000, 0x0000000716f00000, 0x0000000717000000|  0%| F|  |TAMS 0x0000000716f00000, 0x0000000716f00000| Untracked 
| 204|0x0000000717000000, 0x0000000717000000, 0x0000000717100000|  0%| F|  |TAMS 0x0000000717000000, 0x0000000717000000| Untracked 
| 205|0x0000000717100000, 0x0000000717100000, 0x0000000717200000|  0%| F|  |TAMS 0x0000000717100000, 0x0000000717100000| Untracked 
| 206|0x0000000717200000, 0x0000000717200000, 0x0000000717300000|  0%| F|  |TAMS 0x0000000717200000, 0x0000000717200000| Untracked 
| 207|0x0000000717300000, 0x0000000717300000, 0x0000000717400000|  0%| F|  |TAMS 0x0000000717300000, 0x0000000717300000| Untracked 
| 208|0x0000000717400000, 0x0000000717400000, 0x0000000717500000|  0%| F|  |TAMS 0x0000000717400000, 0x0000000717400000| Untracked 
| 209|0x0000000717500000, 0x0000000717500000, 0x0000000717600000|  0%| F|  |TAMS 0x0000000717500000, 0x0000000717500000| Untracked 
| 210|0x0000000717600000, 0x0000000717600000, 0x0000000717700000|  0%| F|  |TAMS 0x0000000717600000, 0x0000000717600000| Untracked 
| 211|0x0000000717700000, 0x0000000717700000, 0x0000000717800000|  0%| F|  |TAMS 0x0000000717700000, 0x0000000717700000| Untracked 
| 212|0x0000000717800000, 0x0000000717800000, 0x0000000717900000|  0%| F|  |TAMS 0x0000000717800000, 0x0000000717800000| Untracked 
| 213|0x0000000717900000, 0x0000000717900000, 0x0000000717a00000|  0%| F|  |TAMS 0x0000000717900000, 0x0000000717900000| Untracked 
| 214|0x0000000717a00000, 0x0000000717a00000, 0x0000000717b00000|  0%| F|  |TAMS 0x0000000717a00000, 0x0000000717a00000| Untracked 
| 215|0x0000000717b00000, 0x0000000717b00000, 0x0000000717c00000|  0%| F|  |TAMS 0x0000000717b00000, 0x0000000717b00000| Untracked 
| 216|0x0000000717c00000, 0x0000000717c00000, 0x0000000717d00000|  0%| F|  |TAMS 0x0000000717c00000, 0x0000000717c00000| Untracked 
| 217|0x0000000717d00000, 0x0000000717d00000, 0x0000000717e00000|  0%| F|  |TAMS 0x0000000717d00000, 0x0000000717d00000| Untracked 
| 218|0x0000000717e00000, 0x0000000717e00000, 0x0000000717f00000|  0%| F|  |TAMS 0x0000000717e00000, 0x0000000717e00000| Untracked 
| 219|0x0000000717f00000, 0x0000000717f00000, 0x0000000718000000|  0%| F|  |TAMS 0x0000000717f00000, 0x0000000717f00000| Untracked 
| 220|0x0000000718000000, 0x0000000718000000, 0x0000000718100000|  0%| F|  |TAMS 0x0000000718000000, 0x0000000718000000| Untracked 
| 221|0x0000000718100000, 0x0000000718100000, 0x0000000718200000|  0%| F|  |TAMS 0x0000000718100000, 0x0000000718100000| Untracked 
| 222|0x0000000718200000, 0x0000000718200000, 0x0000000718300000|  0%| F|  |TAMS 0x0000000718200000, 0x0000000718200000| Untracked 
| 223|0x0000000718300000, 0x0000000718300000, 0x0000000718400000|  0%| F|  |TAMS 0x0000000718300000, 0x0000000718300000| Untracked 
| 224|0x0000000718400000, 0x0000000718400000, 0x0000000718500000|  0%| F|  |TAMS 0x0000000718400000, 0x0000000718400000| Untracked 
| 225|0x0000000718500000, 0x0000000718500000, 0x0000000718600000|  0%| F|  |TAMS 0x0000000718500000, 0x0000000718500000| Untracked 
| 226|0x0000000718600000, 0x0000000718600000, 0x0000000718700000|  0%| F|  |TAMS 0x0000000718600000, 0x0000000718600000| Untracked 
| 227|0x0000000718700000, 0x0000000718700000, 0x0000000718800000|  0%| F|  |TAMS 0x0000000718700000, 0x0000000718700000| Untracked 
| 228|0x0000000718800000, 0x0000000718800000, 0x0000000718900000|  0%| F|  |TAMS 0x0000000718800000, 0x0000000718800000| Untracked 
| 229|0x0000000718900000, 0x0000000718900000, 0x0000000718a00000|  0%| F|  |TAMS 0x0000000718900000, 0x0000000718900000| Untracked 
| 230|0x0000000718a00000, 0x0000000718a00000, 0x0000000718b00000|  0%| F|  |TAMS 0x0000000718a00000, 0x0000000718a00000| Untracked 
| 231|0x0000000718b00000, 0x0000000718b00000, 0x0000000718c00000|  0%| F|  |TAMS 0x0000000718b00000, 0x0000000718b00000| Untracked 
| 232|0x0000000718c00000, 0x0000000718c00000, 0x0000000718d00000|  0%| F|  |TAMS 0x0000000718c00000, 0x0000000718c00000| Untracked 
| 233|0x0000000718d00000, 0x0000000718d00000, 0x0000000718e00000|  0%| F|  |TAMS 0x0000000718d00000, 0x0000000718d00000| Untracked 
| 234|0x0000000718e00000, 0x0000000718e00000, 0x0000000718f00000|  0%| F|  |TAMS 0x0000000718e00000, 0x0000000718e00000| Untracked 
| 235|0x0000000718f00000, 0x0000000718f00000, 0x0000000719000000|  0%| F|  |TAMS 0x0000000718f00000, 0x0000000718f00000| Untracked 
| 236|0x0000000719000000, 0x0000000719000000, 0x0000000719100000|  0%| F|  |TAMS 0x0000000719000000, 0x0000000719000000| Untracked 
| 237|0x0000000719100000, 0x0000000719100000, 0x0000000719200000|  0%| F|  |TAMS 0x0000000719100000, 0x0000000719100000| Untracked 
| 238|0x0000000719200000, 0x0000000719200000, 0x0000000719300000|  0%| F|  |TAMS 0x0000000719200000, 0x0000000719200000| Untracked 
| 239|0x0000000719300000, 0x0000000719300000, 0x0000000719400000|  0%| F|  |TAMS 0x0000000719300000, 0x0000000719300000| Untracked 
| 240|0x0000000719400000, 0x0000000719400000, 0x0000000719500000|  0%| F|  |TAMS 0x0000000719400000, 0x0000000719400000| Untracked 
| 241|0x0000000719500000, 0x0000000719500000, 0x0000000719600000|  0%| F|  |TAMS 0x0000000719500000, 0x0000000719500000| Untracked 
| 242|0x0000000719600000, 0x0000000719600000, 0x0000000719700000|  0%| F|  |TAMS 0x0000000719600000, 0x0000000719600000| Untracked 
| 243|0x0000000719700000, 0x0000000719700000, 0x0000000719800000|  0%| F|  |TAMS 0x0000000719700000, 0x0000000719700000| Untracked 
| 244|0x0000000719800000, 0x0000000719800000, 0x0000000719900000|  0%| F|  |TAMS 0x0000000719800000, 0x0000000719800000| Untracked 
| 245|0x0000000719900000, 0x00000007199f5ca0, 0x0000000719a00000| 96%| E|  |TAMS 0x0000000719900000, 0x0000000719900000| Complete 
|2906|0x00000007bfe00000, 0x00000007bfe47000, 0x00000007bff00000| 27%|OA|  |TAMS 0x00000007bfe00000, 0x00000007bfe00000| Untracked 
|2907|0x00000007bff00000, 0x00000007bff6a000, 0x00000007c0000000| 41%|CA|  |TAMS 0x00000007bff00000, 0x00000007bff00000| Untracked 

Card table byte_map: [0x00007f21c289c000,0x00007f21c304a000] _byte_map_base: 0x00007f21bf04a000

Marking Bits (Prev, Next): (CMBitMap*) 0x00007f21e007bc98, (CMBitMap*) 0x00007f21e007bcd0
 Prev Bits: [0x00007f21be37e000, 0x00007f21c20ee000)
 Next Bits: [0x00007f21ba60e000, 0x00007f21be37e000)

Polling page: 0x00007f21e7967000

Metaspace:

Usage:
  Non-class:      4.01 MB capacity,   152.87 KB (  4%) used,     3.86 MB ( 96%) free+waste,   192 bytes ( <1%) overhead. 
      Class:    386.00 KB capacity,     5.69 KB (  1%) used,   380.19 KB ( 98%) free+waste,   128 bytes ( <1%) overhead. 
       Both:      4.38 MB capacity,   158.55 KB (  4%) used,     4.23 MB ( 96%) free+waste,   320 bytes ( <1%) overhead. 

Virtual space:
  Non-class space:        8.00 MB reserved,       4.25 MB ( 53%) committed 
      Class space:        1.00 GB reserved,     512.00 KB ( <1%) committed 
             Both:        1.01 GB reserved,       4.75 MB ( <1%) committed 

Chunk freelists:
   Non-Class:  0 bytes
       Class:  0 bytes
        Both:  0 bytes

MaxMetaspaceSize: unlimited
CompressedClassSpaceSize: 1.00 GB

CodeHeap 'non-profiled nmethods': size=120032Kb used=14Kb max_used=14Kb free=120017Kb
 bounds [0x00007f21cfd96000, 0x00007f21d0006000, 0x00007f21d72ce000]
CodeHeap 'profiled nmethods': size=120028Kb used=77Kb max_used=77Kb free=119950Kb
 bounds [0x00007f21c885f000, 0x00007f21c8acf000, 0x00007f21cfd96000]
CodeHeap 'non-nmethods': size=5700Kb used=981Kb max_used=992Kb free=4718Kb
 bounds [0x00007f21c82ce000, 0x00007f21c853e000, 0x00007f21c885f000]
 total_blobs=299 nmethods=57 adapters=155
 compilation: enabled
              stopped_count=0, restarted_count=0
 full_count=0

Compilation events (20 events):
Event: 0.112 Thread 0x00007f21e01d6000   45       3       jdk.internal.module.ModuleBootstrap$2::next (52 bytes)
Event: 0.113 Thread 0x00007f21e01d6000 nmethod 45 0x00007f21c886ff90 code [0x00007f21c88701a0, 0x00007f21c8870720]
Event: 0.113 Thread 0x00007f21e01d6000   46       3       java.util.HashMap::putIfAbsent (13 bytes)
Event: 0.113 Thread 0x00007f21e01d6000 nmethod 46 0x00007f21c8870890 code [0x00007f21c8870a60, 0x00007f21c8870d70]
Event: 0.113 Thread 0x00007f21e01d6000   53       3       java.lang.String::length (11 bytes)
Event: 0.114 Thread 0x00007f21e01d6000 nmethod 53 0x00007f21c8870e90 code [0x00007f21c8871040, 0x00007f21c88711f0]
Event: 0.114 Thread 0x00007f21e01d6000   33       1       java.lang.module.ResolvedModule::configuration (5 bytes)
Event: 0.114 Thread 0x00007f21e01d6000 nmethod 33 0x00007f21cfd98f90 code [0x00007f21cfd99140, 0x00007f21cfd99210]
Event: 0.114 Thread 0x00007f21e01d6000   47       1       java.lang.Module::getDescriptor (5 bytes)
Event: 0.114 Thread 0x00007f21e01d6000 nmethod 47 0x00007f21cfd99290 code [0x00007f21cfd99440, 0x00007f21cfd99510]
Event: 0.114 Thread 0x00007f21e01d6000   34       1       java.lang.module.ModuleDescriptor$Exports::targets (5 bytes)
Event: 0.114 Thread 0x00007f21e01d6000 nmethod 34 0x00007f21cfd99590 code [0x00007f21cfd99740, 0x00007f21cfd99810]
Event: 0.115 Thread 0x00007f21e01d6000   54       3       java.lang.String::charAt (25 bytes)
Event: 0.116 Thread 0x00007f21e01d6000 nmethod 54 0x00007f21c8871310 code [0x00007f21c8871500, 0x00007f21c88718d0]
Event: 0.116 Thread 0x00007f21e01d6000   55       3       java.lang.StringLatin1::charAt (28 bytes)
Event: 0.116 Thread 0x00007f21e01d6000 nmethod 55 0x00007f21c8871a10 code [0x00007f21c8871be0, 0x00007f21c8871dc0]
Event: 0.119 Thread 0x00007f21e01d6000   56       3       java.lang.CharacterDataLatin1::getProperties (11 bytes)
Event: 0.120 Thread 0x00007f21e01d6000 nmethod 56 0x00007f21c8871e90 code [0x00007f21c8872040, 0x00007f21c8872190]
Event: 0.120 Thread 0x00007f21e01d6000   57       3       java.lang.StringLatin1::canEncode (13 bytes)
Event: 0.121 Thread 0x00007f21e01d6000 nmethod 57 0x00007f21c8872290 code [0x00007f21c8872440, 0x00007f21c8872570]

GC Heap History (0 events):
No events

Deoptimization events (0 events):
No events

Classes redefined (0 events):
No events

Internal exceptions (0 events):
No events

Events (20 events):
Event: 0.067 Protecting memory [0x00007f21b2711000,0x00007f21b2715000] with protection modes 0
Event: 0.109 Thread 0x00007f21e022f000 Thread added: 0x00007f21e022f000
Event: 0.109 Protecting memory [0x00007f21b2610000,0x00007f21b2614000] with protection modes 0
Event: 0.109 Executing VM operation: EnableBiasedLocking
Event: 0.109 Executing VM operation: EnableBiasedLocking done
Event: 0.109 loading class jdk/internal/vm/PostVMInitHook
Event: 0.110 loading class jdk/internal/vm/PostVMInitHook done
Event: 0.113 loading class jrapl/AsyncEnergyMonitorCSide
Event: 0.113 loading class jrapl/AsyncEnergyMonitorCSide done
Event: 0.114 loading class jdk/internal/loader/URLClassPath$FileLoader
Event: 0.115 loading class jdk/internal/loader/URLClassPath$FileLoader done
Event: 0.116 loading class jdk/internal/loader/URLClassPath$FileLoader$1
Event: 0.116 loading class jdk/internal/loader/URLClassPath$FileLoader$1 done
Event: 0.118 Thread 0x00007f21e0234000 Thread added: 0x00007f21e0234000
Event: 0.118 Protecting memory [0x00007f21b240d000,0x00007f21b2411000] with protection modes 0
Event: 0.119 Executing VM operation: RevokeBias
Event: 0.119 Executing VM operation: RevokeBias done
Event: 0.121 loading class jrapl/JRAPL
Event: 0.121 loading class jrapl/JRAPL done
Event: 0.123 Loaded shared library /home/alejandro/jRAPL/src/libCPUScaler.so


Dynamic libraries:
70a400000-719a00000 rw-p 00000000 00:00 0 
719a00000-7bfe00000 ---p 00000000 00:00 0 
7bfe00000-7bfe47000 rw-p 0110d000 103:05 4068584                         /usr/lib/jvm/java-11-openjdk-amd64/lib/server/classes.jsa
7bfe47000-7bff00000 rw-p 00000000 00:00 0 
7bff00000-7bff6a000 rw-p 010a3000 103:05 4068584                         /usr/lib/jvm/java-11-openjdk-amd64/lib/server/classes.jsa
7bff6a000-7c0000000 rw-p 00000000 00:00 0 
7c0000000-800000000 ---p 00000000 00:00 0 
800000000-800002000 rwxp 00001000 103:05 4068584                         /usr/lib/jvm/java-11-openjdk-amd64/lib/server/classes.jsa
800002000-8003b9000 rw-p 00003000 103:05 4068584                         /usr/lib/jvm/java-11-openjdk-amd64/lib/server/classes.jsa
8003b9000-800a94000 r--p 003ba000 103:05 4068584                         /usr/lib/jvm/java-11-openjdk-amd64/lib/server/classes.jsa
800a94000-800a95000 rw-p 00a95000 103:05 4068584                         /usr/lib/jvm/java-11-openjdk-amd64/lib/server/classes.jsa
800a95000-8010a2000 r--p 00a96000 103:05 4068584                         /usr/lib/jvm/java-11-openjdk-amd64/lib/server/classes.jsa
840000000-840080000 rw-p 00000000 00:00 0 
840080000-880000000 ---p 00000000 00:00 0 
5581bef16000-5581bef17000 r-xp 00000000 103:05 4068930                   /usr/lib/jvm/java-11-openjdk-amd64/bin/java
5581bf117000-5581bf118000 r--p 00001000 103:05 4068930                   /usr/lib/jvm/java-11-openjdk-amd64/bin/java
5581bf118000-5581bf119000 rw-p 00002000 103:05 4068930                   /usr/lib/jvm/java-11-openjdk-amd64/bin/java
5581c0569000-5581c058a000 rw-p 00000000 00:00 0                          [heap]
7f2178000000-7f2178021000 rw-p 00000000 00:00 0 
7f2178021000-7f217c000000 ---p 00000000 00:00 0 
7f217c000000-7f217c021000 rw-p 00000000 00:00 0 
7f217c021000-7f2180000000 ---p 00000000 00:00 0 
7f2180000000-7f2180021000 rw-p 00000000 00:00 0 
7f2180021000-7f2184000000 ---p 00000000 00:00 0 
7f2184000000-7f2184021000 rw-p 00000000 00:00 0 
7f2184021000-7f2188000000 ---p 00000000 00:00 0 
7f2188000000-7f2188046000 rw-p 00000000 00:00 0 
7f2188046000-7f218c000000 ---p 00000000 00:00 0 
7f218c000000-7f218c021000 rw-p 00000000 00:00 0 
7f218c021000-7f2190000000 ---p 00000000 00:00 0 
7f2190000000-7f2190021000 rw-p 00000000 00:00 0 
7f2190021000-7f2194000000 ---p 00000000 00:00 0 
7f2194000000-7f219408e000 rw-p 00000000 00:00 0 
7f219408e000-7f2198000000 ---p 00000000 00:00 0 
7f2198000000-7f2198021000 rw-p 00000000 00:00 0 
7f2198021000-7f219c000000 ---p 00000000 00:00 0 
7f219c000000-7f219c021000 rw-p 00000000 00:00 0 
7f219c021000-7f21a0000000 ---p 00000000 00:00 0 
7f21a0000000-7f21a0021000 rw-p 00000000 00:00 0 
7f21a0021000-7f21a4000000 ---p 00000000 00:00 0 
7f21a4000000-7f21a4021000 rw-p 00000000 00:00 0 
7f21a4021000-7f21a8000000 ---p 00000000 00:00 0 
7f21a8000000-7f21a8021000 rw-p 00000000 00:00 0 
7f21a8021000-7f21ac000000 ---p 00000000 00:00 0 
7f21ac000000-7f21ac021000 rw-p 00000000 00:00 0 
7f21ac021000-7f21b0000000 ---p 00000000 00:00 0 
7f21b1a04000-7f21b1a05000 ---p 00000000 00:00 0 
7f21b1a05000-7f21b2205000 rw-p 00000000 00:00 0 
7f21b2205000-7f21b220c000 r-xp 00000000 103:07 2097517                   /home/alejandro/jRAPL/src/libCPUScaler.so
7f21b220c000-7f21b240b000 ---p 00007000 103:07 2097517                   /home/alejandro/jRAPL/src/libCPUScaler.so
7f21b240b000-7f21b240c000 r--p 00006000 103:07 2097517                   /home/alejandro/jRAPL/src/libCPUScaler.so
7f21b240c000-7f21b240d000 rw-p 00007000 103:07 2097517                   /home/alejandro/jRAPL/src/libCPUScaler.so
7f21b240d000-7f21b2411000 ---p 00000000 00:00 0 
7f21b2411000-7f21b250e000 rw-p 00000000 00:00 0 
7f21b250e000-7f21b250f000 ---p 00000000 00:00 0 
7f21b250f000-7f21b2610000 rw-p 00000000 00:00 0 
7f21b2610000-7f21b2614000 ---p 00000000 00:00 0 
7f21b2614000-7f21b2711000 rw-p 00000000 00:00 0 
7f21b2711000-7f21b2715000 ---p 00000000 00:00 0 
7f21b2715000-7f21b2812000 rw-p 00000000 00:00 0 
7f21b2812000-7f21b2816000 ---p 00000000 00:00 0 
7f21b2816000-7f21b2913000 rw-p 00000000 00:00 0 
7f21b2913000-7f21b2917000 ---p 00000000 00:00 0 
7f21b2917000-7f21b2a14000 rw-p 00000000 00:00 0 
7f21b2a14000-7f21b2a18000 ---p 00000000 00:00 0 
7f21b2a18000-7f21b2b15000 rw-p 00000000 00:00 0 
7f21b2b15000-7f21b2df3000 r--p 00000000 103:05 4064256                   /usr/lib/locale/locale-archive
7f21b2df3000-7f21b2df7000 ---p 00000000 00:00 0 
7f21b2df7000-7f21b2ef4000 rw-p 00000000 00:00 0 
7f21b2ef4000-7f21b2ef8000 ---p 00000000 00:00 0 
7f21b2ef8000-7f21b2ff5000 rw-p 00000000 00:00 0 
7f21b2ff5000-7f21b2ff6000 ---p 00000000 00:00 0 
7f21b2ff6000-7f21b3537000 rw-p 00000000 00:00 0 
7f21b3537000-7f21b38f7000 ---p 00000000 00:00 0 
7f21b38f7000-7f21b38f8000 ---p 00000000 00:00 0 
7f21b38f8000-7f21b39f9000 rw-p 00000000 00:00 0 
7f21b39f9000-7f21b39fa000 ---p 00000000 00:00 0 
7f21b39fa000-7f21b4000000 rw-p 00000000 00:00 0 
7f21b4000000-7f21b4021000 rw-p 00000000 00:00 0 
7f21b4021000-7f21b8000000 ---p 00000000 00:00 0 
7f21b8009000-7f21ba30c000 rw-p 00000000 00:00 0 
7f21ba30c000-7f21ba30d000 ---p 00000000 00:00 0 
7f21ba30d000-7f21ba40e000 rw-p 00000000 00:00 0 
7f21ba40e000-7f21ba40f000 ---p 00000000 00:00 0 
7f21ba40f000-7f21ba9e6000 rw-p 00000000 00:00 0 
7f21ba9e6000-7f21bd376000 ---p 00000000 00:00 0 
7f21bd376000-7f21bd37e000 rw-p 00000000 00:00 0 
7f21bd37e000-7f21be37e000 ---p 00000000 00:00 0 
7f21be37e000-7f21be756000 rw-p 00000000 00:00 0 
7f21be756000-7f21c10e6000 ---p 00000000 00:00 0 
7f21c10e6000-7f21c10ee000 rw-p 00000000 00:00 0 
7f21c10ee000-7f21c20ee000 ---p 00000000 00:00 0 
7f21c20ee000-7f21c2169000 rw-p 00000000 00:00 0 
7f21c2169000-7f21c269b000 ---p 00000000 00:00 0 
7f21c269b000-7f21c269c000 rw-p 00000000 00:00 0 
7f21c269c000-7f21c289c000 ---p 00000000 00:00 0 
7f21c289c000-7f21c2917000 rw-p 00000000 00:00 0 
7f21c2917000-7f21c2e49000 ---p 00000000 00:00 0 
7f21c2e49000-7f21c2e4a000 rw-p 00000000 00:00 0 
7f21c2e4a000-7f21c304a000 ---p 00000000 00:00 0 
7f21c304a000-7f21c30c5000 rw-p 00000000 00:00 0 
7f21c30c5000-7f21c35f7000 ---p 00000000 00:00 0 
7f21c35f7000-7f21c35f8000 rw-p 00000000 00:00 0 
7f21c35f8000-7f21c37f8000 ---p 00000000 00:00 0 
7f21c37f8000-7f21c4000000 rw-p 00000000 00:00 0 
7f21c4000000-7f21c4021000 rw-p 00000000 00:00 0 
7f21c4021000-7f21c8000000 ---p 00000000 00:00 0 
7f21c8060000-7f21c80e1000 rw-p 00000000 00:00 0 
7f21c80e1000-7f21c80e2000 ---p 00000000 00:00 0 
7f21c80e2000-7f21c81e8000 rw-p 00000000 00:00 0 
7f21c81e8000-7f21c82ce000 ---p 00000000 00:00 0 
7f21c82ce000-7f21c853e000 rwxp 00000000 00:00 0 
7f21c853e000-7f21c885f000 ---p 00000000 00:00 0 
7f21c885f000-7f21c8acf000 rwxp 00000000 00:00 0 
7f21c8acf000-7f21cfd96000 ---p 00000000 00:00 0 
7f21cfd96000-7f21d0006000 rwxp 00000000 00:00 0 
7f21d0006000-7f21d72ce000 ---p 00000000 00:00 0 
7f21d72ce000-7f21d72d5000 r-xp 00000000 103:05 4069081                   /usr/lib/jvm/java-11-openjdk-amd64/lib/libzip.so
7f21d72d5000-7f21d74d4000 ---p 00007000 103:05 4069081                   /usr/lib/jvm/java-11-openjdk-amd64/lib/libzip.so
7f21d74d4000-7f21d74d5000 r--p 00006000 103:05 4069081                   /usr/lib/jvm/java-11-openjdk-amd64/lib/libzip.so
7f21d74d5000-7f21d74d6000 rw-p 00007000 103:05 4069081                   /usr/lib/jvm/java-11-openjdk-amd64/lib/libzip.so
7f21d74d6000-7f21d74e1000 r-xp 00000000 103:05 3545272                   /lib/x86_64-linux-gnu/libnss_files-2.27.so
7f21d74e1000-7f21d76e0000 ---p 0000b000 103:05 3545272                   /lib/x86_64-linux-gnu/libnss_files-2.27.so
7f21d76e0000-7f21d76e1000 r--p 0000a000 103:05 3545272                   /lib/x86_64-linux-gnu/libnss_files-2.27.so
7f21d76e1000-7f21d76e2000 rw-p 0000b000 103:05 3545272                   /lib/x86_64-linux-gnu/libnss_files-2.27.so
7f21d76e2000-7f21d76e8000 rw-p 00000000 00:00 0 
7f21d76e8000-7f21d76ff000 r-xp 00000000 103:05 3545269                   /lib/x86_64-linux-gnu/libnsl-2.27.so
7f21d76ff000-7f21d78fe000 ---p 00017000 103:05 3545269                   /lib/x86_64-linux-gnu/libnsl-2.27.so
7f21d78fe000-7f21d78ff000 r--p 00016000 103:05 3545269                   /lib/x86_64-linux-gnu/libnsl-2.27.so
7f21d78ff000-7f21d7900000 rw-p 00017000 103:05 3545269                   /lib/x86_64-linux-gnu/libnsl-2.27.so
7f21d7900000-7f21d7902000 rw-p 00000000 00:00 0 
7f21d7902000-7f21e0000000 r--s 00000000 103:05 4069082                   /usr/lib/jvm/java-11-openjdk-amd64/lib/modules
7f21e0000000-7f21e0264000 rw-p 00000000 00:00 0 
7f21e0264000-7f21e4000000 ---p 00000000 00:00 0 
7f21e404f000-7f21e4054000 rw-p 00000000 00:00 0 
7f21e4054000-7f21e413a000 ---p 00000000 00:00 0 
7f21e413a000-7f21e4145000 r-xp 00000000 103:05 3545274                   /lib/x86_64-linux-gnu/libnss_nis-2.27.so
7f21e4145000-7f21e4344000 ---p 0000b000 103:05 3545274                   /lib/x86_64-linux-gnu/libnss_nis-2.27.so
7f21e4344000-7f21e4345000 r--p 0000a000 103:05 3545274                   /lib/x86_64-linux-gnu/libnss_nis-2.27.so
7f21e4345000-7f21e4346000 rw-p 0000b000 103:05 3545274                   /lib/x86_64-linux-gnu/libnss_nis-2.27.so
7f21e4346000-7f21e434e000 r-xp 00000000 103:05 3545270                   /lib/x86_64-linux-gnu/libnss_compat-2.27.so
7f21e434e000-7f21e454e000 ---p 00008000 103:05 3545270                   /lib/x86_64-linux-gnu/libnss_compat-2.27.so
7f21e454e000-7f21e454f000 r--p 00008000 103:05 3545270                   /lib/x86_64-linux-gnu/libnss_compat-2.27.so
7f21e454f000-7f21e4550000 rw-p 00009000 103:05 3545270                   /lib/x86_64-linux-gnu/libnss_compat-2.27.so
7f21e4550000-7f21e4555000 r-xp 00000000 103:05 4069051                   /usr/lib/jvm/java-11-openjdk-amd64/lib/libjimage.so
7f21e4555000-7f21e4754000 ---p 00005000 103:05 4069051                   /usr/lib/jvm/java-11-openjdk-amd64/lib/libjimage.so
7f21e4754000-7f21e4755000 r--p 00004000 103:05 4069051                   /usr/lib/jvm/java-11-openjdk-amd64/lib/libjimage.so
7f21e4755000-7f21e4756000 rw-p 00005000 103:05 4069051                   /usr/lib/jvm/java-11-openjdk-amd64/lib/libjimage.so
7f21e4756000-7f21e477f000 r-xp 00000000 103:05 4069044                   /usr/lib/jvm/java-11-openjdk-amd64/lib/libjava.so
7f21e477f000-7f21e497f000 ---p 00029000 103:05 4069044                   /usr/lib/jvm/java-11-openjdk-amd64/lib/libjava.so
7f21e497f000-7f21e4980000 r--p 00029000 103:05 4069044                   /usr/lib/jvm/java-11-openjdk-amd64/lib/libjava.so
7f21e4980000-7f21e4981000 rw-p 0002a000 103:05 4069044                   /usr/lib/jvm/java-11-openjdk-amd64/lib/libjava.so
7f21e4981000-7f21e4982000 rw-p 00000000 00:00 0 
7f21e4982000-7f21e498f000 r-xp 00000000 103:05 4069079                   /usr/lib/jvm/java-11-openjdk-amd64/lib/libverify.so
7f21e498f000-7f21e4b8e000 ---p 0000d000 103:05 4069079                   /usr/lib/jvm/java-11-openjdk-amd64/lib/libverify.so
7f21e4b8e000-7f21e4b90000 r--p 0000c000 103:05 4069079                   /usr/lib/jvm/java-11-openjdk-amd64/lib/libverify.so
7f21e4b90000-7f21e4b91000 rw-p 0000e000 103:05 4069079                   /usr/lib/jvm/java-11-openjdk-amd64/lib/libverify.so
7f21e4b91000-7f21e4b98000 r-xp 00000000 103:05 3545279                   /lib/x86_64-linux-gnu/librt-2.27.so
7f21e4b98000-7f21e4d97000 ---p 00007000 103:05 3545279                   /lib/x86_64-linux-gnu/librt-2.27.so
7f21e4d97000-7f21e4d98000 r--p 00006000 103:05 3545279                   /lib/x86_64-linux-gnu/librt-2.27.so
7f21e4d98000-7f21e4d99000 rw-p 00007000 103:05 3545279                   /lib/x86_64-linux-gnu/librt-2.27.so
7f21e4d99000-7f21e4db0000 r-xp 00000000 103:05 3539020                   /lib/x86_64-linux-gnu/libgcc_s.so.1
7f21e4db0000-7f21e4faf000 ---p 00017000 103:05 3539020                   /lib/x86_64-linux-gnu/libgcc_s.so.1
7f21e4faf000-7f21e4fb0000 r--p 00016000 103:05 3539020                   /lib/x86_64-linux-gnu/libgcc_s.so.1
7f21e4fb0000-7f21e4fb1000 rw-p 00017000 103:05 3539020                   /lib/x86_64-linux-gnu/libgcc_s.so.1
7f21e4fb1000-7f21e514e000 r-xp 00000000 103:05 3545266                   /lib/x86_64-linux-gnu/libm-2.27.so
7f21e514e000-7f21e534d000 ---p 0019d000 103:05 3545266                   /lib/x86_64-linux-gnu/libm-2.27.so
7f21e534d000-7f21e534e000 r--p 0019c000 103:05 3545266                   /lib/x86_64-linux-gnu/libm-2.27.so
7f21e534e000-7f21e534f000 rw-p 0019d000 103:05 3545266                   /lib/x86_64-linux-gnu/libm-2.27.so
7f21e534f000-7f21e54c8000 r-xp 00000000 103:05 4068690                   /usr/lib/x86_64-linux-gnu/libstdc++.so.6.0.25
7f21e54c8000-7f21e56c8000 ---p 00179000 103:05 4068690                   /usr/lib/x86_64-linux-gnu/libstdc++.so.6.0.25
7f21e56c8000-7f21e56d2000 r--p 00179000 103:05 4068690                   /usr/lib/x86_64-linux-gnu/libstdc++.so.6.0.25
7f21e56d2000-7f21e56d4000 rw-p 00183000 103:05 4068690                   /usr/lib/x86_64-linux-gnu/libstdc++.so.6.0.25
7f21e56d4000-7f21e56d8000 rw-p 00000000 00:00 0 
7f21e56d8000-7f21e67b6000 r-xp 00000000 103:05 4069094                   /usr/lib/jvm/java-11-openjdk-amd64/lib/server/libjvm.so
7f21e67b6000-7f21e69b5000 ---p 010de000 103:05 4069094                   /usr/lib/jvm/java-11-openjdk-amd64/lib/server/libjvm.so
7f21e69b5000-7f21e6a72000 r--p 010dd000 103:05 4069094                   /usr/lib/jvm/java-11-openjdk-amd64/lib/server/libjvm.so
7f21e6a72000-7f21e6aab000 rw-p 0119a000 103:05 4069094                   /usr/lib/jvm/java-11-openjdk-amd64/lib/server/libjvm.so
7f21e6aab000-7f21e6b02000 rw-p 00000000 00:00 0 
7f21e6b02000-7f21e6b1c000 r-xp 00000000 103:05 3545277                   /lib/x86_64-linux-gnu/libpthread-2.27.so
7f21e6b1c000-7f21e6d1b000 ---p 0001a000 103:05 3545277                   /lib/x86_64-linux-gnu/libpthread-2.27.so
7f21e6d1b000-7f21e6d1c000 r--p 00019000 103:05 3545277                   /lib/x86_64-linux-gnu/libpthread-2.27.so
7f21e6d1c000-7f21e6d1d000 rw-p 0001a000 103:05 3545277                   /lib/x86_64-linux-gnu/libpthread-2.27.so
7f21e6d1d000-7f21e6d21000 rw-p 00000000 00:00 0 
7f21e6d21000-7f21e6d24000 r-xp 00000000 103:05 3545265                   /lib/x86_64-linux-gnu/libdl-2.27.so
7f21e6d24000-7f21e6f23000 ---p 00003000 103:05 3545265                   /lib/x86_64-linux-gnu/libdl-2.27.so
7f21e6f23000-7f21e6f24000 r--p 00002000 103:05 3545265                   /lib/x86_64-linux-gnu/libdl-2.27.so
7f21e6f24000-7f21e6f25000 rw-p 00003000 103:05 3545265                   /lib/x86_64-linux-gnu/libdl-2.27.so
7f21e6f25000-7f21e6f41000 r-xp 00000000 103:05 3545260                   /lib/x86_64-linux-gnu/libz.so.1.2.11
7f21e6f41000-7f21e7140000 ---p 0001c000 103:05 3545260                   /lib/x86_64-linux-gnu/libz.so.1.2.11
7f21e7140000-7f21e7141000 r--p 0001b000 103:05 3545260                   /lib/x86_64-linux-gnu/libz.so.1.2.11
7f21e7141000-7f21e7142000 rw-p 0001c000 103:05 3545260                   /lib/x86_64-linux-gnu/libz.so.1.2.11
7f21e7142000-7f21e7329000 r-xp 00000000 103:05 3545262                   /lib/x86_64-linux-gnu/libc-2.27.so
7f21e7329000-7f21e7529000 ---p 001e7000 103:05 3545262                   /lib/x86_64-linux-gnu/libc-2.27.so
7f21e7529000-7f21e752d000 r--p 001e7000 103:05 3545262                   /lib/x86_64-linux-gnu/libc-2.27.so
7f21e752d000-7f21e752f000 rw-p 001eb000 103:05 3545262                   /lib/x86_64-linux-gnu/libc-2.27.so
7f21e752f000-7f21e7533000 rw-p 00000000 00:00 0 
7f21e7533000-7f21e7543000 r-xp 00000000 103:05 4069010                   /usr/lib/jvm/java-11-openjdk-amd64/lib/jli/libjli.so
7f21e7543000-7f21e7742000 ---p 00010000 103:05 4069010                   /usr/lib/jvm/java-11-openjdk-amd64/lib/jli/libjli.so
7f21e7742000-7f21e7743000 r--p 0000f000 103:05 4069010                   /usr/lib/jvm/java-11-openjdk-amd64/lib/jli/libjli.so
7f21e7743000-7f21e7744000 rw-p 00010000 103:05 4069010                   /usr/lib/jvm/java-11-openjdk-amd64/lib/jli/libjli.so
7f21e7744000-7f21e776b000 r-xp 00000000 103:05 3538960                   /lib/x86_64-linux-gnu/ld-2.27.so
7f21e778b000-7f21e7850000 rw-p 00000000 00:00 0 
7f21e7850000-7f21e7854000 ---p 00000000 00:00 0 
7f21e7854000-7f21e7958000 rw-p 00000000 00:00 0 
7f21e7958000-7f21e795f000 ---p 00000000 00:00 0 
7f21e795f000-7f21e7967000 rw-s 00000000 103:05 1314505                   /tmp/hsperfdata_root/1800
7f21e7967000-7f21e7968000 ---p 00000000 00:00 0 
7f21e7968000-7f21e7969000 r--p 00000000 00:00 0 
7f21e7969000-7f21e796b000 rw-p 00000000 00:00 0 
7f21e796b000-7f21e796c000 r--p 00027000 103:05 3538960                   /lib/x86_64-linux-gnu/ld-2.27.so
7f21e796c000-7f21e796d000 rw-p 00028000 103:05 3538960                   /lib/x86_64-linux-gnu/ld-2.27.so
7f21e796d000-7f21e796e000 rw-p 00000000 00:00 0 
7ffeea6c1000-7ffeea6e2000 rw-p 00000000 00:00 0                          [stack]
7ffeea6fd000-7ffeea700000 r--p 00000000 00:00 0                          [vvar]
7ffeea700000-7ffeea702000 r-xp 00000000 00:00 0                          [vdso]
ffffffffff600000-ffffffffff601000 r-xp 00000000 00:00 0                  [vsyscall]


VM Arguments:
java_command: jrapl.AsyncEnergyMonitorCSide
java_class_path (initial): .
Launcher Type: SUN_STANDARD

[Global flags]
     intx CICompilerCount                          = 4                                         {product} {ergonomic}
     uint ConcGCThreads                            = 2                                         {product} {ergonomic}
     uint G1ConcRefinementThreads                  = 8                                         {product} {ergonomic}
   size_t G1HeapRegionSize                         = 1048576                                   {product} {ergonomic}
    uintx GCDrainStackTargetSize                   = 64                                        {product} {ergonomic}
   size_t InitialHeapSize                          = 257949696                                 {product} {ergonomic}
   size_t MarkStackSize                            = 4194304                                   {product} {ergonomic}
   size_t MaxHeapSize                              = 4123000832                                {product} {ergonomic}
   size_t MaxNewSize                               = 2473590784                                {product} {ergonomic}
   size_t MinHeapDeltaBytes                        = 1048576                                   {product} {ergonomic}
    uintx NonNMethodCodeHeapSize                   = 5836300                                {pd product} {ergonomic}
    uintx NonProfiledCodeHeapSize                  = 122910970                              {pd product} {ergonomic}
    uintx ProfiledCodeHeapSize                     = 122910970                              {pd product} {ergonomic}
    uintx ReservedCodeCacheSize                    = 251658240                              {pd product} {ergonomic}
     bool SegmentedCodeCache                       = true                                      {product} {ergonomic}
     bool UseCompressedClassPointers               = true                                 {lp64_product} {ergonomic}
     bool UseCompressedOops                        = true                                 {lp64_product} {ergonomic}
     bool UseG1GC                                  = true                                      {product} {ergonomic}

Logging:
Log output configuration:
 #0: stdout all=warning uptime,level,tags
 #1: stderr all=off uptime,level,tags

Environment Variables:
PATH=/usr/local/sbin:/usr/local/bin:/usr/sbin:/usr/bin:/sbin:/bin:/snap/bin
USERNAME=root
SHELL=/bin/bash
DISPLAY=:0
LANG=en_US.UTF-8

Signal Handlers:
SIGSEGV: [libjvm.so+0xdf9610], sa_mask[0]=11111111011111111101111111111110, sa_flags=SA_RESTART|SA_SIGINFO
SIGBUS: [libjvm.so+0xdf9610], sa_mask[0]=11111111011111111101111111111110, sa_flags=SA_RESTART|SA_SIGINFO
SIGFPE: [libjvm.so+0xdf9610], sa_mask[0]=11111111011111111101111111111110, sa_flags=SA_RESTART|SA_SIGINFO
SIGPIPE: [libjvm.so+0xbcc360], sa_mask[0]=11111111011111111101111111111110, sa_flags=SA_RESTART|SA_SIGINFO
SIGXFSZ: [libjvm.so+0xbcc360], sa_mask[0]=11111111011111111101111111111110, sa_flags=SA_RESTART|SA_SIGINFO
SIGILL: [libjvm.so+0xdf9610], sa_mask[0]=11111111011111111101111111111110, sa_flags=SA_RESTART|SA_SIGINFO
SIGUSR2: [libjvm.so+0xbcc200], sa_mask[0]=00000000000000000000000000000000, sa_flags=SA_RESTART|SA_SIGINFO
SIGHUP: [libjvm.so+0xbcc560], sa_mask[0]=11111111011111111101111111111110, sa_flags=SA_RESTART|SA_SIGINFO
SIGINT: [libjvm.so+0xbcc560], sa_mask[0]=11111111011111111101111111111110, sa_flags=SA_RESTART|SA_SIGINFO
SIGTERM: [libjvm.so+0xbcc560], sa_mask[0]=11111111011111111101111111111110, sa_flags=SA_RESTART|SA_SIGINFO
SIGQUIT: [libjvm.so+0xbcc560], sa_mask[0]=11111111011111111101111111111110, sa_flags=SA_RESTART|SA_SIGINFO


---------------  S Y S T E M  ---------------

OS:DISTRIB_ID=LinuxMint
DISTRIB_RELEASE=19.1
DISTRIB_CODENAME=tessa
DISTRIB_DESCRIPTION="Linux Mint 19.1 Tessa"
uname:Linux 4.15.0-20-generic #21-Ubuntu SMP Tue Apr 24 06:16:15 UTC 2018 x86_64
OS uptime: 0 days 0:03 hours
libc:glibc 2.27 NPTL 2.27 
rlimit (soft/hard): STACK 8192k/infinity , CORE 0k/infinity , NPROC 62446/62446 , NOFILE 4096/4096 , AS infinity/infinity , CPU infinity/infinity , DATA infinity/infinity , FSIZE infinity/infinity , MEMLOCK 16384k/16384k
load average:0.49 0.52 0.23

/proc/meminfo:
MemTotal:       16097532 kB
MemFree:        14864912 kB
MemAvailable:   15119452 kB
Buffers:           43120 kB
Cached:           493136 kB
SwapCached:            0 kB
Active:           782212 kB
Inactive:         280848 kB
Active(anon):     527556 kB
Inactive(anon):    44164 kB
Active(file):     254656 kB
Inactive(file):   236684 kB
Unevictable:          32 kB
Mlocked:              32 kB
SwapTotal:       1119228 kB
SwapFree:        1119228 kB
Dirty:               252 kB
Writeback:             0 kB
AnonPages:        526796 kB
Mapped:           239064 kB
Shmem:             44924 kB
Slab:              72900 kB
SReclaimable:      38172 kB
SUnreclaim:        34728 kB
KernelStack:        7108 kB
PageTables:        26508 kB
NFS_Unstable:          0 kB
Bounce:                0 kB
WritebackTmp:          0 kB
CommitLimit:     9167992 kB
Committed_AS:    3248524 kB
VmallocTotal:   34359738367 kB
VmallocUsed:           0 kB
VmallocChunk:          0 kB
HardwareCorrupted:     0 kB
AnonHugePages:         0 kB
ShmemHugePages:        0 kB
ShmemPmdMapped:        0 kB
CmaTotal:              0 kB
CmaFree:               0 kB
HugePages_Total:       0
HugePages_Free:        0
HugePages_Rsvd:        0
HugePages_Surp:        0
Hugepagesize:       2048 kB
DirectMap4k:       88588 kB
DirectMap2M:     2729984 kB
DirectMap1G:    13631488 kB

/sys/kernel/mm/transparent_hugepage/enabled:
always [madvise] never

/sys/kernel/mm/transparent_hugepage/defrag (defrag/compaction efforts parameter):
always defer defer+madvise [madvise] never


/proc/sys/kernel/threads-max (system-wide limit on the number of threads):
124892


/proc/sys/vm/max_map_count (maximum number of memory map areas a process may have):
65530


/proc/sys/kernel/pid_max (system-wide limit on number of process identifiers):
32768



container (cgroup) information:
container_type: cgroupv1
cpu_cpuset_cpus: 0-7
cpu_memory_nodes: 0
active_processor_count: 8
cpu_quota: -1
cpu_period: 100000
cpu_shares: -1
memory_limit_in_bytes: -1
memory_and_swap_limit_in_bytes: -2
memory_soft_limit_in_bytes: -1
memory_usage_in_bytes: 1089138688
memory_max_usage_in_bytes: 0

Steal ticks since vm start: 0
Steal ticks percentage since vm start:  0.000

CPU:total 8 (initial active 8) (4 cores per cpu, 2 threads per core) family 6 model 142 stepping 12, cmov, cx8, fxsr, mmx, sse, sse2, sse3, ssse3, sse4.1, sse4.2, popcnt, avx, avx2, aes, clmul, erms, 3dnowpref, lzcnt, ht, tsc, tscinvbit, bmi1, bmi2, adx, fma
CPU Model and flags from /proc/cpuinfo:
model name	: Intel(R) Core(TM) i7-10510U CPU @ 1.80GHz
flags		: fpu vme de pse tsc msr pae mce cx8 apic sep mtrr pge mca cmov pat pse36 clflush dts acpi mmx fxsr sse sse2 ss ht tm pbe syscall nx pdpe1gb rdtscp lm constant_tsc art arch_perfmon pebs bts rep_good nopl xtopology nonstop_tsc cpuid aperfmperf tsc_known_freq pni pclmulqdq dtes64 monitor ds_cpl vmx est tm2 ssse3 sdbg fma cx16 xtpr pdcm pcid sse4_1 sse4_2 x2apic movbe popcnt tsc_deadline_timer aes xsave avx f16c rdrand lahf_lm abm 3dnowprefetch cpuid_fault epb invpcid_single tpr_shadow vnmi flexpriority ept vpid fsgsbase tsc_adjust bmi1 avx2 smep bmi2 erms invpcid mpx rdseed adx smap clflushopt intel_pt xsaveopt xsavec xgetbv1 xsaves ibpb ibrs stibp dtherm ida arat pln pts hwp hwp_notify hwp_act_window hwp_epp arch_capabilities

Memory: 4k page, physical 16097532k(14864912k free), swap 1119228k(1119228k free)

vm_info: OpenJDK 64-Bit Server VM (11.0.8+10-post-Ubuntu-0ubuntu118.04.1) for linux-amd64 JRE (11.0.8+10-post-Ubuntu-0ubuntu118.04.1), built on Jul 15 2020 20:45:24 by "unknown" with gcc 7.5.0

END.
