#
# A fatal error has been detected by the Java Runtime Environment:
#
#  SIGSEGV (0xb) at pc=0x00007fce8e20a07b, pid=2410, tid=2411
#
# JRE version: OpenJDK Runtime Environment (11.0.8+10) (build 11.0.8+10-post-Ubuntu-0ubuntu118.04.1)
# Java VM: OpenJDK 64-Bit Server VM (11.0.8+10-post-Ubuntu-0ubuntu118.04.1, mixed mode, sharing, tiered, compressed oops, g1 gc, linux-amd64)
# Problematic frame:
# C  [libCPUScaler.so+0x507b]  writeToFile+0x3e
#
# Core dump will be written. Default location: Core dumps may be processed with "/usr/share/apport/apport %p %s %c %d %P" (or dumping to /home/alejandro/jRAPL/src/core.2410)
#
# If you would like to submit a bug report, please visit:
#   https://bugs.launchpad.net/ubuntu/+source/openjdk-lts
# The crash happened outside the Java Virtual Machine in native code.
# See problematic frame for where to report the bug.
#

---------------  S U M M A R Y ------------

Command Line: jrapl.AsyncEnergyMonitorCSide

Host: Intel(R) Core(TM) i7-10510U CPU @ 1.80GHz, 8 cores, 15G, Linux Mint 19.1 Tessa
Time: Sun Oct  4 14:29:44 2020 EDT elapsed time: 0 seconds (0d 0h 0m 0s)

---------------  T H R E A D  ---------------

Current thread (0x00007fcebc017000):  JavaThread "main" [_thread_in_native, id=2411, stack(0x00007fcec3848000,0x00007fcec3949000)]

Stack: [0x00007fcec3848000,0x00007fcec3949000],  sp=0x00007fcec3947860,  free space=1022k
Native frames: (J=compiled Java code, A=aot compiled Java code, j=interpreted, Vv=VM code, C=native code)
C  [libCPUScaler.so+0x507b]  writeToFile+0x3e
C  [libCPUScaler.so+0x5281]  Java_jrapl_AsyncEnergyMonitorCSide_writeToFile+0x2a
j  jrapl.AsyncEnergyMonitorCSide.writeToFile(Ljava/lang/String;)V+0
j  jrapl.AsyncEnergyMonitorCSide.main([Ljava/lang/String;)V+26
v  ~StubRoutines::call_stub
V  [libjvm.so+0x84eb09]
V  [libjvm.so+0x8ca93d]
V  [libjvm.so+0x8cce0e]
C  [libjli.so+0x591b]
C  [libjli.so+0x946d]

Java frames: (J=compiled Java code, j=interpreted, Vv=VM code)
j  jrapl.AsyncEnergyMonitorCSide.writeToFile(Ljava/lang/String;)V+0
j  jrapl.AsyncEnergyMonitorCSide.main([Ljava/lang/String;)V+26
v  ~StubRoutines::call_stub

siginfo: si_signo: 11 (SIGSEGV), si_code: 1 (SEGV_MAPERR), si_addr: 0x0000000000000010

Register to memory mapping:

RAX=0x0 is NULL
RBX={method} {0x00007fce8f4f7608} 'writeToFile' '(Ljava/lang/String;)V' in 'jrapl/AsyncEnergyMonitorCSide'
RCX=0x0000000000000008 is an unknown value
RDX=0x0 is NULL
RSP=0x00007fcec3947860 is pointing into the stack for thread: 0x00007fcebc017000
RBP=0x00007fcec39478e0 is pointing into the stack for thread: 0x00007fcebc017000
RSI=0x0 is NULL
RDI=0x0 is NULL
R8 ={method} {0x00007fce8f4f7608} 'writeToFile' '(Ljava/lang/String;)V' in 'jrapl/AsyncEnergyMonitorCSide'
R9 =0x0000000000000002 is an unknown value
R10=0x0000000000000003 is an unknown value
R11=0x00007fce8e20a03d: writeToFile+0x0000000000000000 in /home/alejandro/jRAPL/src/libCPUScaler.so at 0x00007fce8e205000
R12=0x0 is NULL
R13={method} {0x00007fce8f4f7608} 'writeToFile' '(Ljava/lang/String;)V' in 'jrapl/AsyncEnergyMonitorCSide'
R14=0x00007fcec3947990 is pointing into the stack for thread: 0x00007fcebc017000
R15=0x00007fcebc017000 is a thread


Registers:
RAX=0x0000000000000000, RBX=0x00007fce8f4f7608, RCX=0x0000000000000008, RDX=0x0000000000000000
RSP=0x00007fcec3947860, RBP=0x00007fcec39478e0, RSI=0x0000000000000000, RDI=0x0000000000000000
R8 =0x00007fce8f4f7608, R9 =0x0000000000000002, R10=0x0000000000000003, R11=0x00007fce8e20a03d
R12=0x0000000000000000, R13=0x00007fce8f4f7608, R14=0x00007fcec3947990, R15=0x00007fcebc017000
RIP=0x00007fce8e20a07b, EFLAGS=0x0000000000010246, CSGSFS=0x002b000000000033, ERR=0x0000000000000004
  TRAPNO=0x000000000000000e

Top of Stack: (sp=0x00007fcec3947860)
0x00007fcec3947860:   00007fcec3947990 3ff0000000000000
0x00007fcec3947870:   0000000000000000 0000000000000000
0x00007fcec3947880:   00007fcec39478d0 00007fcebc017c90
0x00007fcec3947890:   00007fcec3526760 00007fcebc017000 

Instructions: (pc=0x00007fce8e20a07b)
0x00007fce8e209f7b:   48 89 c7 e8 ad cf ff ff 48 8b 45 b0 0f b6 40 18
0x00007fce8e209f8b:   83 f0 01 84 c0 0f 85 78 ff ff ff b8 00 00 00 00
0x00007fce8e209f9b:   48 89 dc 48 8b 5d c8 64 48 33 1c 25 28 00 00 00
0x00007fce8e209fab:   74 05 e8 fe ce ff ff 48 8d 65 d8 5b 41 5c 41 5d
0x00007fce8e209fbb:   41 5e 41 5f 5d c3 55 48 89 e5 48 83 ec 10 48 89
0x00007fce8e209fcb:   7d f8 48 8b 45 f8 48 8b 55 f8 48 89 d1 48 8b 15
0x00007fce8e209fdb:   01 20 20 00 be 00 00 00 00 48 89 c7 e8 b4 d0 ff
0x00007fce8e209feb:   ff 90 c9 c3 55 48 89 e5 48 83 ec 10 48 89 7d f8
0x00007fce8e209ffb:   48 8b 45 f8 c6 40 18 01 48 8b 45 f8 48 8b 00 be
0x00007fce8e20a00b:   00 00 00 00 48 89 c7 e8 79 d0 ff ff 90 c9 c3 55
0x00007fce8e20a01b:   48 89 e5 48 89 7d f8 48 8b 45 f8 c6 40 18 00 48
0x00007fce8e20a02b:   8b 45 f8 48 8b 40 10 48 c7 40 10 00 00 00 00 90
0x00007fce8e20a03b:   5d c3 55 48 89 e5 48 83 c4 80 48 89 7d 98 48 89
0x00007fce8e20a04b:   75 90 48 83 7d 90 00 74 15 48 8b 45 90 48 8d 35
0x00007fce8e20a05b:   a2 0b 00 00 48 89 c7 e8 79 d0 ff ff eb 0a 48 8b
0x00007fce8e20a06b:   05 68 1f 20 00 48 8b 00 48 89 45 b0 48 8b 45 98
0x00007fce8e20a07b:   48 8b 40 10 48 8b 00 48 89 45 b8 48 8b 45 98 48
0x00007fce8e20a08b:   8b 40 10 48 8b 40 10 89 45 ac 48 8b 45 98 8b 50
0x00007fce8e20a09b:   08 48 8b 45 b0 48 8d 35 61 0b 00 00 48 89 c7 b8
0x00007fce8e20a0ab:   00 00 00 00 e8 0c cf ff ff 48 8b 45 b0 48 89 c1
0x00007fce8e20a0bb:   ba 37 00 00 00 be 01 00 00 00 48 8d 3d 5c 0b 00
0x00007fce8e20a0cb:   00 e8 8f d0 ff ff c7 45 a8 00 00 00 00 e9 a8 00
0x00007fce8e20a0db:   00 00 8b 45 a8 48 63 d0 48 89 d0 48 c1 e0 03 48
0x00007fce8e20a0eb:   29 d0 48 c1 e0 03 48 89 c2 48 8b 45 b8 48 8d 0c
0x00007fce8e20a0fb:   02 48 8b 01 48 8b 51 08 48 89 45 c0 48 89 55 c8
0x00007fce8e20a10b:   48 8b 41 10 48 8b 51 18 48 89 45 d0 48 89 55 d8
0x00007fce8e20a11b:   48 8b 41 20 48 8b 51 28 48 89 45 e0 48 89 55 e8
0x00007fce8e20a12b:   48 8b 41 30 48 89 45 f0 48 8b 7d f0 48 8b 4d e8
0x00007fce8e20a13b:   f2 0f 10 55 c8 f2 0f 10 4d e0 f2 0f 10 45 d8 48
0x00007fce8e20a14b:   8b 75 d0 8b 55 c0 48 8b 45 b0 49 89 f8 66 0f 28
0x00007fce8e20a15b:   da 66 0f 28 d1 66 0f 28 c8 48 89 75 88 f2 0f 10
0x00007fce8e20a16b:   45 88 48 8d 35 ec 0a 00 00 48 89 c7 b8 04 00 00 


Stack slot to memory mapping:
stack at sp + 0 slots: 0x00007fcec3947990 is pointing into the stack for thread: 0x00007fcebc017000
stack at sp + 1 slots: 0x3ff0000000000000 is an unknown value
stack at sp + 2 slots: 0x0 is NULL
stack at sp + 3 slots: 0x0 is NULL
stack at sp + 4 slots: 0x00007fcec39478d0 is pointing into the stack for thread: 0x00007fcebc017000
stack at sp + 5 slots: 0x00007fcebc017c90 points into unknown readable memory: 01 00 00 00 1e 00 00 00
stack at sp + 6 slots: 0x00007fcec3526760: _IO_2_1_stdout_+0x0000000000000000 in /lib/x86_64-linux-gnu/libc.so.6 at 0x00007fcec313a000
stack at sp + 7 slots: 0x00007fcebc017000 is a thread


---------------  P R O C E S S  ---------------

Threads class SMR info:
_java_thread_list=0x00007fcebc225670, length=9, elements={
0x00007fcebc017000, 0x00007fcebc1ca800, 0x00007fcebc1cc800, 0x00007fcebc1d2000,
0x00007fcebc1d4000, 0x00007fcebc1d6000, 0x00007fcebc1d8000, 0x00007fcebc21f000,
0x00007fcebc224000
}

Java Threads: ( => current thread )
=>0x00007fcebc017000 JavaThread "main" [_thread_in_native, id=2411, stack(0x00007fcec3848000,0x00007fcec3949000)]
  0x00007fcebc1ca800 JavaThread "Reference Handler" daemon [_thread_blocked, id=2418, stack(0x00007fce8eef4000,0x00007fce8eff5000)]
  0x00007fcebc1cc800 JavaThread "Finalizer" daemon [_thread_blocked, id=2419, stack(0x00007fce8edf3000,0x00007fce8eef4000)]
  0x00007fcebc1d2000 JavaThread "Signal Dispatcher" daemon [_thread_blocked, id=2420, stack(0x00007fce8ea14000,0x00007fce8eb15000)]
  0x00007fcebc1d4000 JavaThread "C2 CompilerThread0" daemon [_thread_blocked, id=2421, stack(0x00007fce8e913000,0x00007fce8ea14000)]
  0x00007fcebc1d6000 JavaThread "C1 CompilerThread0" daemon [_thread_blocked, id=2422, stack(0x00007fce8e812000,0x00007fce8e913000)]
  0x00007fcebc1d8000 JavaThread "Sweeper thread" daemon [_thread_blocked, id=2423, stack(0x00007fce8e711000,0x00007fce8e812000)]
  0x00007fcebc21f000 JavaThread "Service Thread" daemon [_thread_blocked, id=2424, stack(0x00007fce8e610000,0x00007fce8e711000)]
  0x00007fcebc224000 JavaThread "Common-Cleaner" daemon [_thread_blocked, id=2426, stack(0x00007fce8e40d000,0x00007fce8e50e000)]

Other Threads:
  0x00007fcebc1c7800 VMThread "VM Thread" [stack: 0x00007fce8eff7000,0x00007fce8f0f7000] [id=2417]
  0x00007fcebc221800 WatcherThread [stack: 0x00007fce8e510000,0x00007fce8e610000] [id=2425]
  0x00007fcebc02f000 GCTaskThread "GC Thread#0" [stack: 0x00007fcea40e3000,0x00007fcea41e3000] [id=2412]
  0x00007fcebc08c000 ConcurrentGCThread "G1 Main Marker" [stack: 0x00007fce96410000,0x00007fce96510000] [id=2413]
  0x00007fcebc08e000 ConcurrentGCThread "G1 Conc#0" [stack: 0x00007fce9630e000,0x00007fce9640e000] [id=2414]
  0x00007fcebc18a000 ConcurrentGCThread "G1 Refine#0" [stack: 0x00007fce8f9fb000,0x00007fce8fafb000] [id=2415]
  0x00007fcebc18c000 ConcurrentGCThread "G1 Young RemSet Sampling" [stack: 0x00007fce8f8f9000,0x00007fce8f9f9000] [id=2416]

Threads with active compile tasks:

VM state:not at safepoint (normal execution)

VM Mutex/Monitor currently owned by a thread: None

Heap address: 0x000000070a400000, size: 3932 MB, Compressed Oops mode: Zero based, Oop shift amount: 3
Narrow klass base: 0x0000000800000000, Narrow klass shift: 3
Compressed class space size: 1073741824 Address: 0x0000000840000000

Heap:
 garbage-first heap   total 253952K, used 708K [0x000000070a400000, 0x0000000800000000)
  region size 1024K, 1 young (1024K), 0 survivors (0K)
 Metaspace       used 159K, capacity 4490K, committed 4864K, reserved 1056768K
  class space    used 5K, capacity 386K, committed 512K, reserved 1048576K
Heap Regions: E=young(eden), S=young(survivor), O=old, HS=humongous(starts), HC=humongous(continues), CS=collection set, F=free, A=archive, TAMS=top-at-mark-start (previous, next)
|   0|0x000000070a400000, 0x000000070a400000, 0x000000070a500000|  0%| F|  |TAMS 0x000000070a400000, 0x000000070a400000| Untracked 
|   1|0x000000070a500000, 0x000000070a500000, 0x000000070a600000|  0%| F|  |TAMS 0x000000070a500000, 0x000000070a500000| Untracked 
|   2|0x000000070a600000, 0x000000070a600000, 0x000000070a700000|  0%| F|  |TAMS 0x000000070a600000, 0x000000070a600000| Untracked 
|   3|0x000000070a700000, 0x000000070a700000, 0x000000070a800000|  0%| F|  |TAMS 0x000000070a700000, 0x000000070a700000| Untracked 
|   4|0x000000070a800000, 0x000000070a800000, 0x000000070a900000|  0%| F|  |TAMS 0x000000070a800000, 0x000000070a800000| Untracked 
|   5|0x000000070a900000, 0x000000070a900000, 0x000000070aa00000|  0%| F|  |TAMS 0x000000070a900000, 0x000000070a900000| Untracked 
|   6|0x000000070aa00000, 0x000000070aa00000, 0x000000070ab00000|  0%| F|  |TAMS 0x000000070aa00000, 0x000000070aa00000| Untracked 
|   7|0x000000070ab00000, 0x000000070ab00000, 0x000000070ac00000|  0%| F|  |TAMS 0x000000070ab00000, 0x000000070ab00000| Untracked 
|   8|0x000000070ac00000, 0x000000070ac00000, 0x000000070ad00000|  0%| F|  |TAMS 0x000000070ac00000, 0x000000070ac00000| Untracked 
|   9|0x000000070ad00000, 0x000000070ad00000, 0x000000070ae00000|  0%| F|  |TAMS 0x000000070ad00000, 0x000000070ad00000| Untracked 
|  10|0x000000070ae00000, 0x000000070ae00000, 0x000000070af00000|  0%| F|  |TAMS 0x000000070ae00000, 0x000000070ae00000| Untracked 
|  11|0x000000070af00000, 0x000000070af00000, 0x000000070b000000|  0%| F|  |TAMS 0x000000070af00000, 0x000000070af00000| Untracked 
|  12|0x000000070b000000, 0x000000070b000000, 0x000000070b100000|  0%| F|  |TAMS 0x000000070b000000, 0x000000070b000000| Untracked 
|  13|0x000000070b100000, 0x000000070b100000, 0x000000070b200000|  0%| F|  |TAMS 0x000000070b100000, 0x000000070b100000| Untracked 
|  14|0x000000070b200000, 0x000000070b200000, 0x000000070b300000|  0%| F|  |TAMS 0x000000070b200000, 0x000000070b200000| Untracked 
|  15|0x000000070b300000, 0x000000070b300000, 0x000000070b400000|  0%| F|  |TAMS 0x000000070b300000, 0x000000070b300000| Untracked 
|  16|0x000000070b400000, 0x000000070b400000, 0x000000070b500000|  0%| F|  |TAMS 0x000000070b400000, 0x000000070b400000| Untracked 
|  17|0x000000070b500000, 0x000000070b500000, 0x000000070b600000|  0%| F|  |TAMS 0x000000070b500000, 0x000000070b500000| Untracked 
|  18|0x000000070b600000, 0x000000070b600000, 0x000000070b700000|  0%| F|  |TAMS 0x000000070b600000, 0x000000070b600000| Untracked 
|  19|0x000000070b700000, 0x000000070b700000, 0x000000070b800000|  0%| F|  |TAMS 0x000000070b700000, 0x000000070b700000| Untracked 
|  20|0x000000070b800000, 0x000000070b800000, 0x000000070b900000|  0%| F|  |TAMS 0x000000070b800000, 0x000000070b800000| Untracked 
|  21|0x000000070b900000, 0x000000070b900000, 0x000000070ba00000|  0%| F|  |TAMS 0x000000070b900000, 0x000000070b900000| Untracked 
|  22|0x000000070ba00000, 0x000000070ba00000, 0x000000070bb00000|  0%| F|  |TAMS 0x000000070ba00000, 0x000000070ba00000| Untracked 
|  23|0x000000070bb00000, 0x000000070bb00000, 0x000000070bc00000|  0%| F|  |TAMS 0x000000070bb00000, 0x000000070bb00000| Untracked 
|  24|0x000000070bc00000, 0x000000070bc00000, 0x000000070bd00000|  0%| F|  |TAMS 0x000000070bc00000, 0x000000070bc00000| Untracked 
|  25|0x000000070bd00000, 0x000000070bd00000, 0x000000070be00000|  0%| F|  |TAMS 0x000000070bd00000, 0x000000070bd00000| Untracked 
|  26|0x000000070be00000, 0x000000070be00000, 0x000000070bf00000|  0%| F|  |TAMS 0x000000070be00000, 0x000000070be00000| Untracked 
|  27|0x000000070bf00000, 0x000000070bf00000, 0x000000070c000000|  0%| F|  |TAMS 0x000000070bf00000, 0x000000070bf00000| Untracked 
|  28|0x000000070c000000, 0x000000070c000000, 0x000000070c100000|  0%| F|  |TAMS 0x000000070c000000, 0x000000070c000000| Untracked 
|  29|0x000000070c100000, 0x000000070c100000, 0x000000070c200000|  0%| F|  |TAMS 0x000000070c100000, 0x000000070c100000| Untracked 
|  30|0x000000070c200000, 0x000000070c200000, 0x000000070c300000|  0%| F|  |TAMS 0x000000070c200000, 0x000000070c200000| Untracked 
|  31|0x000000070c300000, 0x000000070c300000, 0x000000070c400000|  0%| F|  |TAMS 0x000000070c300000, 0x000000070c300000| Untracked 
|  32|0x000000070c400000, 0x000000070c400000, 0x000000070c500000|  0%| F|  |TAMS 0x000000070c400000, 0x000000070c400000| Untracked 
|  33|0x000000070c500000, 0x000000070c500000, 0x000000070c600000|  0%| F|  |TAMS 0x000000070c500000, 0x000000070c500000| Untracked 
|  34|0x000000070c600000, 0x000000070c600000, 0x000000070c700000|  0%| F|  |TAMS 0x000000070c600000, 0x000000070c600000| Untracked 
|  35|0x000000070c700000, 0x000000070c700000, 0x000000070c800000|  0%| F|  |TAMS 0x000000070c700000, 0x000000070c700000| Untracked 
|  36|0x000000070c800000, 0x000000070c800000, 0x000000070c900000|  0%| F|  |TAMS 0x000000070c800000, 0x000000070c800000| Untracked 
|  37|0x000000070c900000, 0x000000070c900000, 0x000000070ca00000|  0%| F|  |TAMS 0x000000070c900000, 0x000000070c900000| Untracked 
|  38|0x000000070ca00000, 0x000000070ca00000, 0x000000070cb00000|  0%| F|  |TAMS 0x000000070ca00000, 0x000000070ca00000| Untracked 
|  39|0x000000070cb00000, 0x000000070cb00000, 0x000000070cc00000|  0%| F|  |TAMS 0x000000070cb00000, 0x000000070cb00000| Untracked 
|  40|0x000000070cc00000, 0x000000070cc00000, 0x000000070cd00000|  0%| F|  |TAMS 0x000000070cc00000, 0x000000070cc00000| Untracked 
|  41|0x000000070cd00000, 0x000000070cd00000, 0x000000070ce00000|  0%| F|  |TAMS 0x000000070cd00000, 0x000000070cd00000| Untracked 
|  42|0x000000070ce00000, 0x000000070ce00000, 0x000000070cf00000|  0%| F|  |TAMS 0x000000070ce00000, 0x000000070ce00000| Untracked 
|  43|0x000000070cf00000, 0x000000070cf00000, 0x000000070d000000|  0%| F|  |TAMS 0x000000070cf00000, 0x000000070cf00000| Untracked 
|  44|0x000000070d000000, 0x000000070d000000, 0x000000070d100000|  0%| F|  |TAMS 0x000000070d000000, 0x000000070d000000| Untracked 
|  45|0x000000070d100000, 0x000000070d100000, 0x000000070d200000|  0%| F|  |TAMS 0x000000070d100000, 0x000000070d100000| Untracked 
|  46|0x000000070d200000, 0x000000070d200000, 0x000000070d300000|  0%| F|  |TAMS 0x000000070d200000, 0x000000070d200000| Untracked 
|  47|0x000000070d300000, 0x000000070d300000, 0x000000070d400000|  0%| F|  |TAMS 0x000000070d300000, 0x000000070d300000| Untracked 
|  48|0x000000070d400000, 0x000000070d400000, 0x000000070d500000|  0%| F|  |TAMS 0x000000070d400000, 0x000000070d400000| Untracked 
|  49|0x000000070d500000, 0x000000070d500000, 0x000000070d600000|  0%| F|  |TAMS 0x000000070d500000, 0x000000070d500000| Untracked 
|  50|0x000000070d600000, 0x000000070d600000, 0x000000070d700000|  0%| F|  |TAMS 0x000000070d600000, 0x000000070d600000| Untracked 
|  51|0x000000070d700000, 0x000000070d700000, 0x000000070d800000|  0%| F|  |TAMS 0x000000070d700000, 0x000000070d700000| Untracked 
|  52|0x000000070d800000, 0x000000070d800000, 0x000000070d900000|  0%| F|  |TAMS 0x000000070d800000, 0x000000070d800000| Untracked 
|  53|0x000000070d900000, 0x000000070d900000, 0x000000070da00000|  0%| F|  |TAMS 0x000000070d900000, 0x000000070d900000| Untracked 
|  54|0x000000070da00000, 0x000000070da00000, 0x000000070db00000|  0%| F|  |TAMS 0x000000070da00000, 0x000000070da00000| Untracked 
|  55|0x000000070db00000, 0x000000070db00000, 0x000000070dc00000|  0%| F|  |TAMS 0x000000070db00000, 0x000000070db00000| Untracked 
|  56|0x000000070dc00000, 0x000000070dc00000, 0x000000070dd00000|  0%| F|  |TAMS 0x000000070dc00000, 0x000000070dc00000| Untracked 
|  57|0x000000070dd00000, 0x000000070dd00000, 0x000000070de00000|  0%| F|  |TAMS 0x000000070dd00000, 0x000000070dd00000| Untracked 
|  58|0x000000070de00000, 0x000000070de00000, 0x000000070df00000|  0%| F|  |TAMS 0x000000070de00000, 0x000000070de00000| Untracked 
|  59|0x000000070df00000, 0x000000070df00000, 0x000000070e000000|  0%| F|  |TAMS 0x000000070df00000, 0x000000070df00000| Untracked 
|  60|0x000000070e000000, 0x000000070e000000, 0x000000070e100000|  0%| F|  |TAMS 0x000000070e000000, 0x000000070e000000| Untracked 
|  61|0x000000070e100000, 0x000000070e100000, 0x000000070e200000|  0%| F|  |TAMS 0x000000070e100000, 0x000000070e100000| Untracked 
|  62|0x000000070e200000, 0x000000070e200000, 0x000000070e300000|  0%| F|  |TAMS 0x000000070e200000, 0x000000070e200000| Untracked 
|  63|0x000000070e300000, 0x000000070e300000, 0x000000070e400000|  0%| F|  |TAMS 0x000000070e300000, 0x000000070e300000| Untracked 
|  64|0x000000070e400000, 0x000000070e400000, 0x000000070e500000|  0%| F|  |TAMS 0x000000070e400000, 0x000000070e400000| Untracked 
|  65|0x000000070e500000, 0x000000070e500000, 0x000000070e600000|  0%| F|  |TAMS 0x000000070e500000, 0x000000070e500000| Untracked 
|  66|0x000000070e600000, 0x000000070e600000, 0x000000070e700000|  0%| F|  |TAMS 0x000000070e600000, 0x000000070e600000| Untracked 
|  67|0x000000070e700000, 0x000000070e700000, 0x000000070e800000|  0%| F|  |TAMS 0x000000070e700000, 0x000000070e700000| Untracked 
|  68|0x000000070e800000, 0x000000070e800000, 0x000000070e900000|  0%| F|  |TAMS 0x000000070e800000, 0x000000070e800000| Untracked 
|  69|0x000000070e900000, 0x000000070e900000, 0x000000070ea00000|  0%| F|  |TAMS 0x000000070e900000, 0x000000070e900000| Untracked 
|  70|0x000000070ea00000, 0x000000070ea00000, 0x000000070eb00000|  0%| F|  |TAMS 0x000000070ea00000, 0x000000070ea00000| Untracked 
|  71|0x000000070eb00000, 0x000000070eb00000, 0x000000070ec00000|  0%| F|  |TAMS 0x000000070eb00000, 0x000000070eb00000| Untracked 
|  72|0x000000070ec00000, 0x000000070ec00000, 0x000000070ed00000|  0%| F|  |TAMS 0x000000070ec00000, 0x000000070ec00000| Untracked 
|  73|0x000000070ed00000, 0x000000070ed00000, 0x000000070ee00000|  0%| F|  |TAMS 0x000000070ed00000, 0x000000070ed00000| Untracked 
|  74|0x000000070ee00000, 0x000000070ee00000, 0x000000070ef00000|  0%| F|  |TAMS 0x000000070ee00000, 0x000000070ee00000| Untracked 
|  75|0x000000070ef00000, 0x000000070ef00000, 0x000000070f000000|  0%| F|  |TAMS 0x000000070ef00000, 0x000000070ef00000| Untracked 
|  76|0x000000070f000000, 0x000000070f000000, 0x000000070f100000|  0%| F|  |TAMS 0x000000070f000000, 0x000000070f000000| Untracked 
|  77|0x000000070f100000, 0x000000070f100000, 0x000000070f200000|  0%| F|  |TAMS 0x000000070f100000, 0x000000070f100000| Untracked 
|  78|0x000000070f200000, 0x000000070f200000, 0x000000070f300000|  0%| F|  |TAMS 0x000000070f200000, 0x000000070f200000| Untracked 
|  79|0x000000070f300000, 0x000000070f300000, 0x000000070f400000|  0%| F|  |TAMS 0x000000070f300000, 0x000000070f300000| Untracked 
|  80|0x000000070f400000, 0x000000070f400000, 0x000000070f500000|  0%| F|  |TAMS 0x000000070f400000, 0x000000070f400000| Untracked 
|  81|0x000000070f500000, 0x000000070f500000, 0x000000070f600000|  0%| F|  |TAMS 0x000000070f500000, 0x000000070f500000| Untracked 
|  82|0x000000070f600000, 0x000000070f600000, 0x000000070f700000|  0%| F|  |TAMS 0x000000070f600000, 0x000000070f600000| Untracked 
|  83|0x000000070f700000, 0x000000070f700000, 0x000000070f800000|  0%| F|  |TAMS 0x000000070f700000, 0x000000070f700000| Untracked 
|  84|0x000000070f800000, 0x000000070f800000, 0x000000070f900000|  0%| F|  |TAMS 0x000000070f800000, 0x000000070f800000| Untracked 
|  85|0x000000070f900000, 0x000000070f900000, 0x000000070fa00000|  0%| F|  |TAMS 0x000000070f900000, 0x000000070f900000| Untracked 
|  86|0x000000070fa00000, 0x000000070fa00000, 0x000000070fb00000|  0%| F|  |TAMS 0x000000070fa00000, 0x000000070fa00000| Untracked 
|  87|0x000000070fb00000, 0x000000070fb00000, 0x000000070fc00000|  0%| F|  |TAMS 0x000000070fb00000, 0x000000070fb00000| Untracked 
|  88|0x000000070fc00000, 0x000000070fc00000, 0x000000070fd00000|  0%| F|  |TAMS 0x000000070fc00000, 0x000000070fc00000| Untracked 
|  89|0x000000070fd00000, 0x000000070fd00000, 0x000000070fe00000|  0%| F|  |TAMS 0x000000070fd00000, 0x000000070fd00000| Untracked 
|  90|0x000000070fe00000, 0x000000070fe00000, 0x000000070ff00000|  0%| F|  |TAMS 0x000000070fe00000, 0x000000070fe00000| Untracked 
|  91|0x000000070ff00000, 0x000000070ff00000, 0x0000000710000000|  0%| F|  |TAMS 0x000000070ff00000, 0x000000070ff00000| Untracked 
|  92|0x0000000710000000, 0x0000000710000000, 0x0000000710100000|  0%| F|  |TAMS 0x0000000710000000, 0x0000000710000000| Untracked 
|  93|0x0000000710100000, 0x0000000710100000, 0x0000000710200000|  0%| F|  |TAMS 0x0000000710100000, 0x0000000710100000| Untracked 
|  94|0x0000000710200000, 0x0000000710200000, 0x0000000710300000|  0%| F|  |TAMS 0x0000000710200000, 0x0000000710200000| Untracked 
|  95|0x0000000710300000, 0x0000000710300000, 0x0000000710400000|  0%| F|  |TAMS 0x0000000710300000, 0x0000000710300000| Untracked 
|  96|0x0000000710400000, 0x0000000710400000, 0x0000000710500000|  0%| F|  |TAMS 0x0000000710400000, 0x0000000710400000| Untracked 
|  97|0x0000000710500000, 0x0000000710500000, 0x0000000710600000|  0%| F|  |TAMS 0x0000000710500000, 0x0000000710500000| Untracked 
|  98|0x0000000710600000, 0x0000000710600000, 0x0000000710700000|  0%| F|  |TAMS 0x0000000710600000, 0x0000000710600000| Untracked 
|  99|0x0000000710700000, 0x0000000710700000, 0x0000000710800000|  0%| F|  |TAMS 0x0000000710700000, 0x0000000710700000| Untracked 
| 100|0x0000000710800000, 0x0000000710800000, 0x0000000710900000|  0%| F|  |TAMS 0x0000000710800000, 0x0000000710800000| Untracked 
| 101|0x0000000710900000, 0x0000000710900000, 0x0000000710a00000|  0%| F|  |TAMS 0x0000000710900000, 0x0000000710900000| Untracked 
| 102|0x0000000710a00000, 0x0000000710a00000, 0x0000000710b00000|  0%| F|  |TAMS 0x0000000710a00000, 0x0000000710a00000| Untracked 
| 103|0x0000000710b00000, 0x0000000710b00000, 0x0000000710c00000|  0%| F|  |TAMS 0x0000000710b00000, 0x0000000710b00000| Untracked 
| 104|0x0000000710c00000, 0x0000000710c00000, 0x0000000710d00000|  0%| F|  |TAMS 0x0000000710c00000, 0x0000000710c00000| Untracked 
| 105|0x0000000710d00000, 0x0000000710d00000, 0x0000000710e00000|  0%| F|  |TAMS 0x0000000710d00000, 0x0000000710d00000| Untracked 
| 106|0x0000000710e00000, 0x0000000710e00000, 0x0000000710f00000|  0%| F|  |TAMS 0x0000000710e00000, 0x0000000710e00000| Untracked 
| 107|0x0000000710f00000, 0x0000000710f00000, 0x0000000711000000|  0%| F|  |TAMS 0x0000000710f00000, 0x0000000710f00000| Untracked 
| 108|0x0000000711000000, 0x0000000711000000, 0x0000000711100000|  0%| F|  |TAMS 0x0000000711000000, 0x0000000711000000| Untracked 
| 109|0x0000000711100000, 0x0000000711100000, 0x0000000711200000|  0%| F|  |TAMS 0x0000000711100000, 0x0000000711100000| Untracked 
| 110|0x0000000711200000, 0x0000000711200000, 0x0000000711300000|  0%| F|  |TAMS 0x0000000711200000, 0x0000000711200000| Untracked 
| 111|0x0000000711300000, 0x0000000711300000, 0x0000000711400000|  0%| F|  |TAMS 0x0000000711300000, 0x0000000711300000| Untracked 
| 112|0x0000000711400000, 0x0000000711400000, 0x0000000711500000|  0%| F|  |TAMS 0x0000000711400000, 0x0000000711400000| Untracked 
| 113|0x0000000711500000, 0x0000000711500000, 0x0000000711600000|  0%| F|  |TAMS 0x0000000711500000, 0x0000000711500000| Untracked 
| 114|0x0000000711600000, 0x0000000711600000, 0x0000000711700000|  0%| F|  |TAMS 0x0000000711600000, 0x0000000711600000| Untracked 
| 115|0x0000000711700000, 0x0000000711700000, 0x0000000711800000|  0%| F|  |TAMS 0x0000000711700000, 0x0000000711700000| Untracked 
| 116|0x0000000711800000, 0x0000000711800000, 0x0000000711900000|  0%| F|  |TAMS 0x0000000711800000, 0x0000000711800000| Untracked 
| 117|0x0000000711900000, 0x0000000711900000, 0x0000000711a00000|  0%| F|  |TAMS 0x0000000711900000, 0x0000000711900000| Untracked 
| 118|0x0000000711a00000, 0x0000000711a00000, 0x0000000711b00000|  0%| F|  |TAMS 0x0000000711a00000, 0x0000000711a00000| Untracked 
| 119|0x0000000711b00000, 0x0000000711b00000, 0x0000000711c00000|  0%| F|  |TAMS 0x0000000711b00000, 0x0000000711b00000| Untracked 
| 120|0x0000000711c00000, 0x0000000711c00000, 0x0000000711d00000|  0%| F|  |TAMS 0x0000000711c00000, 0x0000000711c00000| Untracked 
| 121|0x0000000711d00000, 0x0000000711d00000, 0x0000000711e00000|  0%| F|  |TAMS 0x0000000711d00000, 0x0000000711d00000| Untracked 
| 122|0x0000000711e00000, 0x0000000711e00000, 0x0000000711f00000|  0%| F|  |TAMS 0x0000000711e00000, 0x0000000711e00000| Untracked 
| 123|0x0000000711f00000, 0x0000000711f00000, 0x0000000712000000|  0%| F|  |TAMS 0x0000000711f00000, 0x0000000711f00000| Untracked 
| 124|0x0000000712000000, 0x0000000712000000, 0x0000000712100000|  0%| F|  |TAMS 0x0000000712000000, 0x0000000712000000| Untracked 
| 125|0x0000000712100000, 0x0000000712100000, 0x0000000712200000|  0%| F|  |TAMS 0x0000000712100000, 0x0000000712100000| Untracked 
| 126|0x0000000712200000, 0x0000000712200000, 0x0000000712300000|  0%| F|  |TAMS 0x0000000712200000, 0x0000000712200000| Untracked 
| 127|0x0000000712300000, 0x0000000712300000, 0x0000000712400000|  0%| F|  |TAMS 0x0000000712300000, 0x0000000712300000| Untracked 
| 128|0x0000000712400000, 0x0000000712400000, 0x0000000712500000|  0%| F|  |TAMS 0x0000000712400000, 0x0000000712400000| Untracked 
| 129|0x0000000712500000, 0x0000000712500000, 0x0000000712600000|  0%| F|  |TAMS 0x0000000712500000, 0x0000000712500000| Untracked 
| 130|0x0000000712600000, 0x0000000712600000, 0x0000000712700000|  0%| F|  |TAMS 0x0000000712600000, 0x0000000712600000| Untracked 
| 131|0x0000000712700000, 0x0000000712700000, 0x0000000712800000|  0%| F|  |TAMS 0x0000000712700000, 0x0000000712700000| Untracked 
| 132|0x0000000712800000, 0x0000000712800000, 0x0000000712900000|  0%| F|  |TAMS 0x0000000712800000, 0x0000000712800000| Untracked 
| 133|0x0000000712900000, 0x0000000712900000, 0x0000000712a00000|  0%| F|  |TAMS 0x0000000712900000, 0x0000000712900000| Untracked 
| 134|0x0000000712a00000, 0x0000000712a00000, 0x0000000712b00000|  0%| F|  |TAMS 0x0000000712a00000, 0x0000000712a00000| Untracked 
| 135|0x0000000712b00000, 0x0000000712b00000, 0x0000000712c00000|  0%| F|  |TAMS 0x0000000712b00000, 0x0000000712b00000| Untracked 
| 136|0x0000000712c00000, 0x0000000712c00000, 0x0000000712d00000|  0%| F|  |TAMS 0x0000000712c00000, 0x0000000712c00000| Untracked 
| 137|0x0000000712d00000, 0x0000000712d00000, 0x0000000712e00000|  0%| F|  |TAMS 0x0000000712d00000, 0x0000000712d00000| Untracked 
| 138|0x0000000712e00000, 0x0000000712e00000, 0x0000000712f00000|  0%| F|  |TAMS 0x0000000712e00000, 0x0000000712e00000| Untracked 
| 139|0x0000000712f00000, 0x0000000712f00000, 0x0000000713000000|  0%| F|  |TAMS 0x0000000712f00000, 0x0000000712f00000| Untracked 
| 140|0x0000000713000000, 0x0000000713000000, 0x0000000713100000|  0%| F|  |TAMS 0x0000000713000000, 0x0000000713000000| Untracked 
| 141|0x0000000713100000, 0x0000000713100000, 0x0000000713200000|  0%| F|  |TAMS 0x0000000713100000, 0x0000000713100000| Untracked 
| 142|0x0000000713200000, 0x0000000713200000, 0x0000000713300000|  0%| F|  |TAMS 0x0000000713200000, 0x0000000713200000| Untracked 
| 143|0x0000000713300000, 0x0000000713300000, 0x0000000713400000|  0%| F|  |TAMS 0x0000000713300000, 0x0000000713300000| Untracked 
| 144|0x0000000713400000, 0x0000000713400000, 0x0000000713500000|  0%| F|  |TAMS 0x0000000713400000, 0x0000000713400000| Untracked 
| 145|0x0000000713500000, 0x0000000713500000, 0x0000000713600000|  0%| F|  |TAMS 0x0000000713500000, 0x0000000713500000| Untracked 
| 146|0x0000000713600000, 0x0000000713600000, 0x0000000713700000|  0%| F|  |TAMS 0x0000000713600000, 0x0000000713600000| Untracked 
| 147|0x0000000713700000, 0x0000000713700000, 0x0000000713800000|  0%| F|  |TAMS 0x0000000713700000, 0x0000000713700000| Untracked 
| 148|0x0000000713800000, 0x0000000713800000, 0x0000000713900000|  0%| F|  |TAMS 0x0000000713800000, 0x0000000713800000| Untracked 
| 149|0x0000000713900000, 0x0000000713900000, 0x0000000713a00000|  0%| F|  |TAMS 0x0000000713900000, 0x0000000713900000| Untracked 
| 150|0x0000000713a00000, 0x0000000713a00000, 0x0000000713b00000|  0%| F|  |TAMS 0x0000000713a00000, 0x0000000713a00000| Untracked 
| 151|0x0000000713b00000, 0x0000000713b00000, 0x0000000713c00000|  0%| F|  |TAMS 0x0000000713b00000, 0x0000000713b00000| Untracked 
| 152|0x0000000713c00000, 0x0000000713c00000, 0x0000000713d00000|  0%| F|  |TAMS 0x0000000713c00000, 0x0000000713c00000| Untracked 
| 153|0x0000000713d00000, 0x0000000713d00000, 0x0000000713e00000|  0%| F|  |TAMS 0x0000000713d00000, 0x0000000713d00000| Untracked 
| 154|0x0000000713e00000, 0x0000000713e00000, 0x0000000713f00000|  0%| F|  |TAMS 0x0000000713e00000, 0x0000000713e00000| Untracked 
| 155|0x0000000713f00000, 0x0000000713f00000, 0x0000000714000000|  0%| F|  |TAMS 0x0000000713f00000, 0x0000000713f00000| Untracked 
| 156|0x0000000714000000, 0x0000000714000000, 0x0000000714100000|  0%| F|  |TAMS 0x0000000714000000, 0x0000000714000000| Untracked 
| 157|0x0000000714100000, 0x0000000714100000, 0x0000000714200000|  0%| F|  |TAMS 0x0000000714100000, 0x0000000714100000| Untracked 
| 158|0x0000000714200000, 0x0000000714200000, 0x0000000714300000|  0%| F|  |TAMS 0x0000000714200000, 0x0000000714200000| Untracked 
| 159|0x0000000714300000, 0x0000000714300000, 0x0000000714400000|  0%| F|  |TAMS 0x0000000714300000, 0x0000000714300000| Untracked 
| 160|0x0000000714400000, 0x0000000714400000, 0x0000000714500000|  0%| F|  |TAMS 0x0000000714400000, 0x0000000714400000| Untracked 
| 161|0x0000000714500000, 0x0000000714500000, 0x0000000714600000|  0%| F|  |TAMS 0x0000000714500000, 0x0000000714500000| Untracked 
| 162|0x0000000714600000, 0x0000000714600000, 0x0000000714700000|  0%| F|  |TAMS 0x0000000714600000, 0x0000000714600000| Untracked 
| 163|0x0000000714700000, 0x0000000714700000, 0x0000000714800000|  0%| F|  |TAMS 0x0000000714700000, 0x0000000714700000| Untracked 
| 164|0x0000000714800000, 0x0000000714800000, 0x0000000714900000|  0%| F|  |TAMS 0x0000000714800000, 0x0000000714800000| Untracked 
| 165|0x0000000714900000, 0x0000000714900000, 0x0000000714a00000|  0%| F|  |TAMS 0x0000000714900000, 0x0000000714900000| Untracked 
| 166|0x0000000714a00000, 0x0000000714a00000, 0x0000000714b00000|  0%| F|  |TAMS 0x0000000714a00000, 0x0000000714a00000| Untracked 
| 167|0x0000000714b00000, 0x0000000714b00000, 0x0000000714c00000|  0%| F|  |TAMS 0x0000000714b00000, 0x0000000714b00000| Untracked 
| 168|0x0000000714c00000, 0x0000000714c00000, 0x0000000714d00000|  0%| F|  |TAMS 0x0000000714c00000, 0x0000000714c00000| Untracked 
| 169|0x0000000714d00000, 0x0000000714d00000, 0x0000000714e00000|  0%| F|  |TAMS 0x0000000714d00000, 0x0000000714d00000| Untracked 
| 170|0x0000000714e00000, 0x0000000714e00000, 0x0000000714f00000|  0%| F|  |TAMS 0x0000000714e00000, 0x0000000714e00000| Untracked 
| 171|0x0000000714f00000, 0x0000000714f00000, 0x0000000715000000|  0%| F|  |TAMS 0x0000000714f00000, 0x0000000714f00000| Untracked 
| 172|0x0000000715000000, 0x0000000715000000, 0x0000000715100000|  0%| F|  |TAMS 0x0000000715000000, 0x0000000715000000| Untracked 
| 173|0x0000000715100000, 0x0000000715100000, 0x0000000715200000|  0%| F|  |TAMS 0x0000000715100000, 0x0000000715100000| Untracked 
| 174|0x0000000715200000, 0x0000000715200000, 0x0000000715300000|  0%| F|  |TAMS 0x0000000715200000, 0x0000000715200000| Untracked 
| 175|0x0000000715300000, 0x0000000715300000, 0x0000000715400000|  0%| F|  |TAMS 0x0000000715300000, 0x0000000715300000| Untracked 
| 176|0x0000000715400000, 0x0000000715400000, 0x0000000715500000|  0%| F|  |TAMS 0x0000000715400000, 0x0000000715400000| Untracked 
| 177|0x0000000715500000, 0x0000000715500000, 0x0000000715600000|  0%| F|  |TAMS 0x0000000715500000, 0x0000000715500000| Untracked 
| 178|0x0000000715600000, 0x0000000715600000, 0x0000000715700000|  0%| F|  |TAMS 0x0000000715600000, 0x0000000715600000| Untracked 
| 179|0x0000000715700000, 0x0000000715700000, 0x0000000715800000|  0%| F|  |TAMS 0x0000000715700000, 0x0000000715700000| Untracked 
| 180|0x0000000715800000, 0x0000000715800000, 0x0000000715900000|  0%| F|  |TAMS 0x0000000715800000, 0x0000000715800000| Untracked 
| 181|0x0000000715900000, 0x0000000715900000, 0x0000000715a00000|  0%| F|  |TAMS 0x0000000715900000, 0x0000000715900000| Untracked 
| 182|0x0000000715a00000, 0x0000000715a00000, 0x0000000715b00000|  0%| F|  |TAMS 0x0000000715a00000, 0x0000000715a00000| Untracked 
| 183|0x0000000715b00000, 0x0000000715b00000, 0x0000000715c00000|  0%| F|  |TAMS 0x0000000715b00000, 0x0000000715b00000| Untracked 
| 184|0x0000000715c00000, 0x0000000715c00000, 0x0000000715d00000|  0%| F|  |TAMS 0x0000000715c00000, 0x0000000715c00000| Untracked 
| 185|0x0000000715d00000, 0x0000000715d00000, 0x0000000715e00000|  0%| F|  |TAMS 0x0000000715d00000, 0x0000000715d00000| Untracked 
| 186|0x0000000715e00000, 0x0000000715e00000, 0x0000000715f00000|  0%| F|  |TAMS 0x0000000715e00000, 0x0000000715e00000| Untracked 
| 187|0x0000000715f00000, 0x0000000715f00000, 0x0000000716000000|  0%| F|  |TAMS 0x0000000715f00000, 0x0000000715f00000| Untracked 
| 188|0x0000000716000000, 0x0000000716000000, 0x0000000716100000|  0%| F|  |TAMS 0x0000000716000000, 0x0000000716000000| Untracked 
| 189|0x0000000716100000, 0x0000000716100000, 0x0000000716200000|  0%| F|  |TAMS 0x0000000716100000, 0x0000000716100000| Untracked 
| 190|0x0000000716200000, 0x0000000716200000, 0x0000000716300000|  0%| F|  |TAMS 0x0000000716200000, 0x0000000716200000| Untracked 
| 191|0x0000000716300000, 0x0000000716300000, 0x0000000716400000|  0%| F|  |TAMS 0x0000000716300000, 0x0000000716300000| Untracked 
| 192|0x0000000716400000, 0x0000000716400000, 0x0000000716500000|  0%| F|  |TAMS 0x0000000716400000, 0x0000000716400000| Untracked 
| 193|0x0000000716500000, 0x0000000716500000, 0x0000000716600000|  0%| F|  |TAMS 0x0000000716500000, 0x0000000716500000| Untracked 
| 194|0x0000000716600000, 0x0000000716600000, 0x0000000716700000|  0%| F|  |TAMS 0x0000000716600000, 0x0000000716600000| Untracked 
| 195|0x0000000716700000, 0x0000000716700000, 0x0000000716800000|  0%| F|  |TAMS 0x0000000716700000, 0x0000000716700000| Untracked 
| 196|0x0000000716800000, 0x0000000716800000, 0x0000000716900000|  0%| F|  |TAMS 0x0000000716800000, 0x0000000716800000| Untracked 
| 197|0x0000000716900000, 0x0000000716900000, 0x0000000716a00000|  0%| F|  |TAMS 0x0000000716900000, 0x0000000716900000| Untracked 
| 198|0x0000000716a00000, 0x0000000716a00000, 0x0000000716b00000|  0%| F|  |TAMS 0x0000000716a00000, 0x0000000716a00000| Untracked 
| 199|0x0000000716b00000, 0x0000000716b00000, 0x0000000716c00000|  0%| F|  |TAMS 0x0000000716b00000, 0x0000000716b00000| Untracked 
| 200|0x0000000716c00000, 0x0000000716c00000, 0x0000000716d00000|  0%| F|  |TAMS 0x0000000716c00000, 0x0000000716c00000| Untracked 
| 201|0x0000000716d00000, 0x0000000716d00000, 0x0000000716e00000|  0%| F|  |TAMS 0x0000000716d00000, 0x0000000716d00000| Untracked 
| 202|0x0000000716e00000, 0x0000000716e00000, 0x0000000716f00000|  0%| F|  |TAMS 0x0000000716e00000, 0x0000000716e00000| Untracked 
| 203|0x0000000716f00000, 0x0000000716f00000, 0x0000000717000000|  0%| F|  |TAMS 0x0000000716f00000, 0x0000000716f00000| Untracked 
| 204|0x0000000717000000, 0x0000000717000000, 0x0000000717100000|  0%| F|  |TAMS 0x0000000717000000, 0x0000000717000000| Untracked 
| 205|0x0000000717100000, 0x0000000717100000, 0x0000000717200000|  0%| F|  |TAMS 0x0000000717100000, 0x0000000717100000| Untracked 
| 206|0x0000000717200000, 0x0000000717200000, 0x0000000717300000|  0%| F|  |TAMS 0x0000000717200000, 0x0000000717200000| Untracked 
| 207|0x0000000717300000, 0x0000000717300000, 0x0000000717400000|  0%| F|  |TAMS 0x0000000717300000, 0x0000000717300000| Untracked 
| 208|0x0000000717400000, 0x0000000717400000, 0x0000000717500000|  0%| F|  |TAMS 0x0000000717400000, 0x0000000717400000| Untracked 
| 209|0x0000000717500000, 0x0000000717500000, 0x0000000717600000|  0%| F|  |TAMS 0x0000000717500000, 0x0000000717500000| Untracked 
| 210|0x0000000717600000, 0x0000000717600000, 0x0000000717700000|  0%| F|  |TAMS 0x0000000717600000, 0x0000000717600000| Untracked 
| 211|0x0000000717700000, 0x0000000717700000, 0x0000000717800000|  0%| F|  |TAMS 0x0000000717700000, 0x0000000717700000| Untracked 
| 212|0x0000000717800000, 0x0000000717800000, 0x0000000717900000|  0%| F|  |TAMS 0x0000000717800000, 0x0000000717800000| Untracked 
| 213|0x0000000717900000, 0x0000000717900000, 0x0000000717a00000|  0%| F|  |TAMS 0x0000000717900000, 0x0000000717900000| Untracked 
| 214|0x0000000717a00000, 0x0000000717a00000, 0x0000000717b00000|  0%| F|  |TAMS 0x0000000717a00000, 0x0000000717a00000| Untracked 
| 215|0x0000000717b00000, 0x0000000717b00000, 0x0000000717c00000|  0%| F|  |TAMS 0x0000000717b00000, 0x0000000717b00000| Untracked 
| 216|0x0000000717c00000, 0x0000000717c00000, 0x0000000717d00000|  0%| F|  |TAMS 0x0000000717c00000, 0x0000000717c00000| Untracked 
| 217|0x0000000717d00000, 0x0000000717d00000, 0x0000000717e00000|  0%| F|  |TAMS 0x0000000717d00000, 0x0000000717d00000| Untracked 
| 218|0x0000000717e00000, 0x0000000717e00000, 0x0000000717f00000|  0%| F|  |TAMS 0x0000000717e00000, 0x0000000717e00000| Untracked 
| 219|0x0000000717f00000, 0x0000000717f00000, 0x0000000718000000|  0%| F|  |TAMS 0x0000000717f00000, 0x0000000717f00000| Untracked 
| 220|0x0000000718000000, 0x0000000718000000, 0x0000000718100000|  0%| F|  |TAMS 0x0000000718000000, 0x0000000718000000| Untracked 
| 221|0x0000000718100000, 0x0000000718100000, 0x0000000718200000|  0%| F|  |TAMS 0x0000000718100000, 0x0000000718100000| Untracked 
| 222|0x0000000718200000, 0x0000000718200000, 0x0000000718300000|  0%| F|  |TAMS 0x0000000718200000, 0x0000000718200000| Untracked 
| 223|0x0000000718300000, 0x0000000718300000, 0x0000000718400000|  0%| F|  |TAMS 0x0000000718300000, 0x0000000718300000| Untracked 
| 224|0x0000000718400000, 0x0000000718400000, 0x0000000718500000|  0%| F|  |TAMS 0x0000000718400000, 0x0000000718400000| Untracked 
| 225|0x0000000718500000, 0x0000000718500000, 0x0000000718600000|  0%| F|  |TAMS 0x0000000718500000, 0x0000000718500000| Untracked 
| 226|0x0000000718600000, 0x0000000718600000, 0x0000000718700000|  0%| F|  |TAMS 0x0000000718600000, 0x0000000718600000| Untracked 
| 227|0x0000000718700000, 0x0000000718700000, 0x0000000718800000|  0%| F|  |TAMS 0x0000000718700000, 0x0000000718700000| Untracked 
| 228|0x0000000718800000, 0x0000000718800000, 0x0000000718900000|  0%| F|  |TAMS 0x0000000718800000, 0x0000000718800000| Untracked 
| 229|0x0000000718900000, 0x0000000718900000, 0x0000000718a00000|  0%| F|  |TAMS 0x0000000718900000, 0x0000000718900000| Untracked 
| 230|0x0000000718a00000, 0x0000000718a00000, 0x0000000718b00000|  0%| F|  |TAMS 0x0000000718a00000, 0x0000000718a00000| Untracked 
| 231|0x0000000718b00000, 0x0000000718b00000, 0x0000000718c00000|  0%| F|  |TAMS 0x0000000718b00000, 0x0000000718b00000| Untracked 
| 232|0x0000000718c00000, 0x0000000718c00000, 0x0000000718d00000|  0%| F|  |TAMS 0x0000000718c00000, 0x0000000718c00000| Untracked 
| 233|0x0000000718d00000, 0x0000000718d00000, 0x0000000718e00000|  0%| F|  |TAMS 0x0000000718d00000, 0x0000000718d00000| Untracked 
| 234|0x0000000718e00000, 0x0000000718e00000, 0x0000000718f00000|  0%| F|  |TAMS 0x0000000718e00000, 0x0000000718e00000| Untracked 
| 235|0x0000000718f00000, 0x0000000718f00000, 0x0000000719000000|  0%| F|  |TAMS 0x0000000718f00000, 0x0000000718f00000| Untracked 
| 236|0x0000000719000000, 0x0000000719000000, 0x0000000719100000|  0%| F|  |TAMS 0x0000000719000000, 0x0000000719000000| Untracked 
| 237|0x0000000719100000, 0x0000000719100000, 0x0000000719200000|  0%| F|  |TAMS 0x0000000719100000, 0x0000000719100000| Untracked 
| 238|0x0000000719200000, 0x0000000719200000, 0x0000000719300000|  0%| F|  |TAMS 0x0000000719200000, 0x0000000719200000| Untracked 
| 239|0x0000000719300000, 0x0000000719300000, 0x0000000719400000|  0%| F|  |TAMS 0x0000000719300000, 0x0000000719300000| Untracked 
| 240|0x0000000719400000, 0x0000000719400000, 0x0000000719500000|  0%| F|  |TAMS 0x0000000719400000, 0x0000000719400000| Untracked 
| 241|0x0000000719500000, 0x0000000719500000, 0x0000000719600000|  0%| F|  |TAMS 0x0000000719500000, 0x0000000719500000| Untracked 
| 242|0x0000000719600000, 0x0000000719600000, 0x0000000719700000|  0%| F|  |TAMS 0x0000000719600000, 0x0000000719600000| Untracked 
| 243|0x0000000719700000, 0x0000000719700000, 0x0000000719800000|  0%| F|  |TAMS 0x0000000719700000, 0x0000000719700000| Untracked 
| 244|0x0000000719800000, 0x0000000719800000, 0x0000000719900000|  0%| F|  |TAMS 0x0000000719800000, 0x0000000719800000| Untracked 
| 245|0x0000000719900000, 0x00000007199f5ca0, 0x0000000719a00000| 96%| E|  |TAMS 0x0000000719900000, 0x0000000719900000| Complete 
|2906|0x00000007bfe00000, 0x00000007bfe47000, 0x00000007bff00000| 27%|OA|  |TAMS 0x00000007bfe00000, 0x00000007bfe00000| Untracked 
|2907|0x00000007bff00000, 0x00000007bff6a000, 0x00000007c0000000| 41%|CA|  |TAMS 0x00000007bff00000, 0x00000007bff00000| Untracked 

Card table byte_map: [0x00007fce9e89c000,0x00007fce9f04a000] _byte_map_base: 0x00007fce9b04a000

Marking Bits (Prev, Next): (CMBitMap*) 0x00007fcebc07bc98, (CMBitMap*) 0x00007fcebc07bcd0
 Prev Bits: [0x00007fce9a37e000, 0x00007fce9e0ee000)
 Next Bits: [0x00007fce9660e000, 0x00007fce9a37e000)

Polling page: 0x00007fcec395f000

Metaspace:

Usage:
  Non-class:      4.01 MB capacity,   154.02 KB (  4%) used,     3.86 MB ( 96%) free+waste,   192 bytes ( <1%) overhead. 
      Class:    386.00 KB capacity,     5.69 KB (  1%) used,   380.19 KB ( 98%) free+waste,   128 bytes ( <1%) overhead. 
       Both:      4.38 MB capacity,   159.70 KB (  4%) used,     4.23 MB ( 96%) free+waste,   320 bytes ( <1%) overhead. 

Virtual space:
  Non-class space:        8.00 MB reserved,       4.25 MB ( 53%) committed 
      Class space:        1.00 GB reserved,     512.00 KB ( <1%) committed 
             Both:        1.01 GB reserved,       4.75 MB ( <1%) committed 

Chunk freelists:
   Non-Class:  0 bytes
       Class:  0 bytes
        Both:  0 bytes

MaxMetaspaceSize: unlimited
CompressedClassSpaceSize: 1.00 GB

CodeHeap 'non-profiled nmethods': size=120032Kb used=14Kb max_used=14Kb free=120017Kb
 bounds [0x00007fceabd96000, 0x00007fceac006000, 0x00007fceb32ce000]
CodeHeap 'profiled nmethods': size=120028Kb used=79Kb max_used=79Kb free=119948Kb
 bounds [0x00007fcea485f000, 0x00007fcea4acf000, 0x00007fceabd96000]
CodeHeap 'non-nmethods': size=5700Kb used=981Kb max_used=990Kb free=4718Kb
 bounds [0x00007fcea42ce000, 0x00007fcea453e000, 0x00007fcea485f000]
 total_blobs=301 nmethods=59 adapters=155
 compilation: enabled
              stopped_count=0, restarted_count=0
 full_count=0

Compilation events (20 events):
Event: 0.127 Thread 0x00007fcebc1d6000 nmethod 51 0x00007fcea486fe10 code [0x00007fcea486ffe0, 0x00007fcea4870230]
Event: 0.127 Thread 0x00007fcebc1d6000   46       3       jdk.internal.module.ModuleBootstrap$2::next (52 bytes)
Event: 0.127 Thread 0x00007fcebc1d6000 nmethod 46 0x00007fcea4870390 code [0x00007fcea48705a0, 0x00007fcea4870b20]
Event: 0.127 Thread 0x00007fcebc1d6000   47       3       java.util.HashMap::putIfAbsent (13 bytes)
Event: 0.128 Thread 0x00007fcebc1d4000 nmethod 54 0x00007fceabd99290 code [0x00007fceabd99420, 0x00007fceabd994d8]
Event: 0.128 Thread 0x00007fcebc1d6000 nmethod 47 0x00007fcea4870c90 code [0x00007fcea4870e60, 0x00007fcea4871170]
Event: 0.128 Thread 0x00007fcebc1d6000   53       3       java.util.ImmutableCollections$Set12$1::next (92 bytes)
Event: 0.128 Thread 0x00007fcebc1d6000 nmethod 53 0x00007fcea4871290 code [0x00007fcea4871460, 0x00007fcea48716e0]
Event: 0.128 Thread 0x00007fcebc1d6000   52       1       java.lang.Module::getDescriptor (5 bytes)
Event: 0.128 Thread 0x00007fcebc1d6000 nmethod 52 0x00007fceabd99590 code [0x00007fceabd99740, 0x00007fceabd99810]
Event: 0.128 Thread 0x00007fcebc1d6000   55       3       java.lang.String::length (11 bytes)
Event: 0.128 Thread 0x00007fcebc1d6000 nmethod 55 0x00007fcea4871810 code [0x00007fcea48719c0, 0x00007fcea4871b70]
Event: 0.129 Thread 0x00007fcebc1d6000   56       3       java.lang.String::charAt (25 bytes)
Event: 0.129 Thread 0x00007fcebc1d6000 nmethod 56 0x00007fcea4871c90 code [0x00007fcea4871e80, 0x00007fcea4872250]
Event: 0.129 Thread 0x00007fcebc1d6000   57       3       java.lang.StringLatin1::charAt (28 bytes)
Event: 0.130 Thread 0x00007fcebc1d6000 nmethod 57 0x00007fcea4872390 code [0x00007fcea4872560, 0x00007fcea4872740]
Event: 0.130 Thread 0x00007fcebc1d6000   58       3       java.lang.CharacterDataLatin1::getProperties (11 bytes)
Event: 0.130 Thread 0x00007fcebc1d6000 nmethod 58 0x00007fcea4872810 code [0x00007fcea48729c0, 0x00007fcea4872b10]
Event: 0.131 Thread 0x00007fcebc1d6000   59       3       java.lang.StringLatin1::canEncode (13 bytes)
Event: 0.131 Thread 0x00007fcebc1d6000 nmethod 59 0x00007fcea4872c10 code [0x00007fcea4872dc0, 0x00007fcea4872ef0]

GC Heap History (0 events):
No events

Deoptimization events (0 events):
No events

Classes redefined (0 events):
No events

Internal exceptions (0 events):
No events

Events (20 events):
Event: 0.074 Protecting memory [0x00007fce8e711000,0x00007fce8e715000] with protection modes 0
Event: 0.127 Thread 0x00007fcebc21f000 Thread added: 0x00007fcebc21f000
Event: 0.127 Protecting memory [0x00007fce8e610000,0x00007fce8e614000] with protection modes 0
Event: 0.127 Executing VM operation: EnableBiasedLocking
Event: 0.127 Executing VM operation: EnableBiasedLocking done
Event: 0.127 loading class jdk/internal/vm/PostVMInitHook
Event: 0.127 loading class jdk/internal/vm/PostVMInitHook done
Event: 0.128 loading class jrapl/AsyncEnergyMonitorCSide
Event: 0.128 loading class jrapl/AsyncEnergyMonitorCSide done
Event: 0.129 loading class jdk/internal/loader/URLClassPath$FileLoader
Event: 0.129 loading class jdk/internal/loader/URLClassPath$FileLoader done
Event: 0.129 loading class jdk/internal/loader/URLClassPath$FileLoader$1
Event: 0.129 loading class jdk/internal/loader/URLClassPath$FileLoader$1 done
Event: 0.130 Thread 0x00007fcebc224000 Thread added: 0x00007fcebc224000
Event: 0.130 Protecting memory [0x00007fce8e40d000,0x00007fce8e411000] with protection modes 0
Event: 0.130 Executing VM operation: RevokeBias
Event: 0.130 Executing VM operation: RevokeBias done
Event: 0.131 loading class jrapl/JRAPL
Event: 0.131 loading class jrapl/JRAPL done
Event: 0.132 Loaded shared library /home/alejandro/jRAPL/src/libCPUScaler.so


Dynamic libraries:
70a400000-719a00000 rw-p 00000000 00:00 0 
719a00000-7bfe00000 ---p 00000000 00:00 0 
7bfe00000-7bfe47000 rw-p 0110d000 103:05 4068584                         /usr/lib/jvm/java-11-openjdk-amd64/lib/server/classes.jsa
7bfe47000-7bff00000 rw-p 00000000 00:00 0 
7bff00000-7bff6a000 rw-p 010a3000 103:05 4068584                         /usr/lib/jvm/java-11-openjdk-amd64/lib/server/classes.jsa
7bff6a000-7c0000000 rw-p 00000000 00:00 0 
7c0000000-800000000 ---p 00000000 00:00 0 
800000000-800002000 rwxp 00001000 103:05 4068584                         /usr/lib/jvm/java-11-openjdk-amd64/lib/server/classes.jsa
800002000-8003b9000 rw-p 00003000 103:05 4068584                         /usr/lib/jvm/java-11-openjdk-amd64/lib/server/classes.jsa
8003b9000-800a94000 r--p 003ba000 103:05 4068584                         /usr/lib/jvm/java-11-openjdk-amd64/lib/server/classes.jsa
800a94000-800a95000 rw-p 00a95000 103:05 4068584                         /usr/lib/jvm/java-11-openjdk-amd64/lib/server/classes.jsa
800a95000-8010a2000 r--p 00a96000 103:05 4068584                         /usr/lib/jvm/java-11-openjdk-amd64/lib/server/classes.jsa
840000000-840080000 rw-p 00000000 00:00 0 
840080000-880000000 ---p 00000000 00:00 0 
5629d4df0000-5629d4df1000 r-xp 00000000 103:05 4068930                   /usr/lib/jvm/java-11-openjdk-amd64/bin/java
5629d4ff1000-5629d4ff2000 r--p 00001000 103:05 4068930                   /usr/lib/jvm/java-11-openjdk-amd64/bin/java
5629d4ff2000-5629d4ff3000 rw-p 00002000 103:05 4068930                   /usr/lib/jvm/java-11-openjdk-amd64/bin/java
5629d621e000-5629d623f000 rw-p 00000000 00:00 0                          [heap]
7fce54000000-7fce54021000 rw-p 00000000 00:00 0 
7fce54021000-7fce58000000 ---p 00000000 00:00 0 
7fce58000000-7fce58021000 rw-p 00000000 00:00 0 
7fce58021000-7fce5c000000 ---p 00000000 00:00 0 
7fce5c000000-7fce5c021000 rw-p 00000000 00:00 0 
7fce5c021000-7fce60000000 ---p 00000000 00:00 0 
7fce60000000-7fce60021000 rw-p 00000000 00:00 0 
7fce60021000-7fce64000000 ---p 00000000 00:00 0 
7fce64000000-7fce6406e000 rw-p 00000000 00:00 0 
7fce6406e000-7fce68000000 ---p 00000000 00:00 0 
7fce68000000-7fce68021000 rw-p 00000000 00:00 0 
7fce68021000-7fce6c000000 ---p 00000000 00:00 0 
7fce6c000000-7fce6c021000 rw-p 00000000 00:00 0 
7fce6c021000-7fce70000000 ---p 00000000 00:00 0 
7fce70000000-7fce7006e000 rw-p 00000000 00:00 0 
7fce7006e000-7fce74000000 ---p 00000000 00:00 0 
7fce74000000-7fce74021000 rw-p 00000000 00:00 0 
7fce74021000-7fce78000000 ---p 00000000 00:00 0 
7fce78000000-7fce78021000 rw-p 00000000 00:00 0 
7fce78021000-7fce7c000000 ---p 00000000 00:00 0 
7fce7c000000-7fce7c021000 rw-p 00000000 00:00 0 
7fce7c021000-7fce80000000 ---p 00000000 00:00 0 
7fce80000000-7fce80021000 rw-p 00000000 00:00 0 
7fce80021000-7fce84000000 ---p 00000000 00:00 0 
7fce84000000-7fce84021000 rw-p 00000000 00:00 0 
7fce84021000-7fce88000000 ---p 00000000 00:00 0 
7fce88000000-7fce88021000 rw-p 00000000 00:00 0 
7fce88021000-7fce8c000000 ---p 00000000 00:00 0 
7fce8da04000-7fce8da05000 ---p 00000000 00:00 0 
7fce8da05000-7fce8e205000 rw-p 00000000 00:00 0 
7fce8e205000-7fce8e20c000 r-xp 00000000 103:07 2097492                   /home/alejandro/jRAPL/src/libCPUScaler.so
7fce8e20c000-7fce8e40b000 ---p 00007000 103:07 2097492                   /home/alejandro/jRAPL/src/libCPUScaler.so
7fce8e40b000-7fce8e40c000 r--p 00006000 103:07 2097492                   /home/alejandro/jRAPL/src/libCPUScaler.so
7fce8e40c000-7fce8e40d000 rw-p 00007000 103:07 2097492                   /home/alejandro/jRAPL/src/libCPUScaler.so
7fce8e40d000-7fce8e411000 ---p 00000000 00:00 0 
7fce8e411000-7fce8e50e000 rw-p 00000000 00:00 0 
7fce8e50e000-7fce8e50f000 ---p 00000000 00:00 0 
7fce8e50f000-7fce8e610000 rw-p 00000000 00:00 0 
7fce8e610000-7fce8e614000 ---p 00000000 00:00 0 
7fce8e614000-7fce8e711000 rw-p 00000000 00:00 0 
7fce8e711000-7fce8e715000 ---p 00000000 00:00 0 
7fce8e715000-7fce8e812000 rw-p 00000000 00:00 0 
7fce8e812000-7fce8e816000 ---p 00000000 00:00 0 
7fce8e816000-7fce8e913000 rw-p 00000000 00:00 0 
7fce8e913000-7fce8e917000 ---p 00000000 00:00 0 
7fce8e917000-7fce8ea14000 rw-p 00000000 00:00 0 
7fce8ea14000-7fce8ea18000 ---p 00000000 00:00 0 
7fce8ea18000-7fce8eb15000 rw-p 00000000 00:00 0 
7fce8eb15000-7fce8edf3000 r--p 00000000 103:05 4064256                   /usr/lib/locale/locale-archive
7fce8edf3000-7fce8edf7000 ---p 00000000 00:00 0 
7fce8edf7000-7fce8eef4000 rw-p 00000000 00:00 0 
7fce8eef4000-7fce8eef8000 ---p 00000000 00:00 0 
7fce8eef8000-7fce8eff5000 rw-p 00000000 00:00 0 
7fce8eff5000-7fce8eff6000 ---p 00000000 00:00 0 
7fce8eff6000-7fce8f537000 rw-p 00000000 00:00 0 
7fce8f537000-7fce8f8f7000 ---p 00000000 00:00 0 
7fce8f8f7000-7fce8f8f8000 ---p 00000000 00:00 0 
7fce8f8f8000-7fce8f9f9000 rw-p 00000000 00:00 0 
7fce8f9f9000-7fce8f9fa000 ---p 00000000 00:00 0 
7fce8f9fa000-7fce90000000 rw-p 00000000 00:00 0 
7fce90000000-7fce90021000 rw-p 00000000 00:00 0 
7fce90021000-7fce94000000 ---p 00000000 00:00 0 
7fce94009000-7fce9630c000 rw-p 00000000 00:00 0 
7fce9630c000-7fce9630d000 ---p 00000000 00:00 0 
7fce9630d000-7fce9640e000 rw-p 00000000 00:00 0 
7fce9640e000-7fce9640f000 ---p 00000000 00:00 0 
7fce9640f000-7fce969e6000 rw-p 00000000 00:00 0 
7fce969e6000-7fce99376000 ---p 00000000 00:00 0 
7fce99376000-7fce9937e000 rw-p 00000000 00:00 0 
7fce9937e000-7fce9a37e000 ---p 00000000 00:00 0 
7fce9a37e000-7fce9a756000 rw-p 00000000 00:00 0 
7fce9a756000-7fce9d0e6000 ---p 00000000 00:00 0 
7fce9d0e6000-7fce9d0ee000 rw-p 00000000 00:00 0 
7fce9d0ee000-7fce9e0ee000 ---p 00000000 00:00 0 
7fce9e0ee000-7fce9e169000 rw-p 00000000 00:00 0 
7fce9e169000-7fce9e69b000 ---p 00000000 00:00 0 
7fce9e69b000-7fce9e69c000 rw-p 00000000 00:00 0 
7fce9e69c000-7fce9e89c000 ---p 00000000 00:00 0 
7fce9e89c000-7fce9e917000 rw-p 00000000 00:00 0 
7fce9e917000-7fce9ee49000 ---p 00000000 00:00 0 
7fce9ee49000-7fce9ee4a000 rw-p 00000000 00:00 0 
7fce9ee4a000-7fce9f04a000 ---p 00000000 00:00 0 
7fce9f04a000-7fce9f0c5000 rw-p 00000000 00:00 0 
7fce9f0c5000-7fce9f5f7000 ---p 00000000 00:00 0 
7fce9f5f7000-7fce9f5f8000 rw-p 00000000 00:00 0 
7fce9f5f8000-7fce9f7f8000 ---p 00000000 00:00 0 
7fce9f7f8000-7fcea0000000 rw-p 00000000 00:00 0 
7fcea0000000-7fcea0021000 rw-p 00000000 00:00 0 
7fcea0021000-7fcea4000000 ---p 00000000 00:00 0 
7fcea4060000-7fcea40e1000 rw-p 00000000 00:00 0 
7fcea40e1000-7fcea40e2000 ---p 00000000 00:00 0 
7fcea40e2000-7fcea41e8000 rw-p 00000000 00:00 0 
7fcea41e8000-7fcea42ce000 ---p 00000000 00:00 0 
7fcea42ce000-7fcea453e000 rwxp 00000000 00:00 0 
7fcea453e000-7fcea485f000 ---p 00000000 00:00 0 
7fcea485f000-7fcea4acf000 rwxp 00000000 00:00 0 
7fcea4acf000-7fceabd96000 ---p 00000000 00:00 0 
7fceabd96000-7fceac006000 rwxp 00000000 00:00 0 
7fceac006000-7fceb32ce000 ---p 00000000 00:00 0 
7fceb32ce000-7fceb32d5000 r-xp 00000000 103:05 4069081                   /usr/lib/jvm/java-11-openjdk-amd64/lib/libzip.so
7fceb32d5000-7fceb34d4000 ---p 00007000 103:05 4069081                   /usr/lib/jvm/java-11-openjdk-amd64/lib/libzip.so
7fceb34d4000-7fceb34d5000 r--p 00006000 103:05 4069081                   /usr/lib/jvm/java-11-openjdk-amd64/lib/libzip.so
7fceb34d5000-7fceb34d6000 rw-p 00007000 103:05 4069081                   /usr/lib/jvm/java-11-openjdk-amd64/lib/libzip.so
7fceb34d6000-7fceb34e1000 r-xp 00000000 103:05 3545272                   /lib/x86_64-linux-gnu/libnss_files-2.27.so
7fceb34e1000-7fceb36e0000 ---p 0000b000 103:05 3545272                   /lib/x86_64-linux-gnu/libnss_files-2.27.so
7fceb36e0000-7fceb36e1000 r--p 0000a000 103:05 3545272                   /lib/x86_64-linux-gnu/libnss_files-2.27.so
7fceb36e1000-7fceb36e2000 rw-p 0000b000 103:05 3545272                   /lib/x86_64-linux-gnu/libnss_files-2.27.so
7fceb36e2000-7fceb36e8000 rw-p 00000000 00:00 0 
7fceb36e8000-7fceb36ff000 r-xp 00000000 103:05 3545269                   /lib/x86_64-linux-gnu/libnsl-2.27.so
7fceb36ff000-7fceb38fe000 ---p 00017000 103:05 3545269                   /lib/x86_64-linux-gnu/libnsl-2.27.so
7fceb38fe000-7fceb38ff000 r--p 00016000 103:05 3545269                   /lib/x86_64-linux-gnu/libnsl-2.27.so
7fceb38ff000-7fceb3900000 rw-p 00017000 103:05 3545269                   /lib/x86_64-linux-gnu/libnsl-2.27.so
7fceb3900000-7fceb3902000 rw-p 00000000 00:00 0 
7fceb3902000-7fcebc000000 r--s 00000000 103:05 4069082                   /usr/lib/jvm/java-11-openjdk-amd64/lib/modules
7fcebc000000-7fcebc254000 rw-p 00000000 00:00 0 
7fcebc254000-7fcec0000000 ---p 00000000 00:00 0 
7fcec0047000-7fcec004c000 rw-p 00000000 00:00 0 
7fcec004c000-7fcec0132000 ---p 00000000 00:00 0 
7fcec0132000-7fcec013d000 r-xp 00000000 103:05 3545274                   /lib/x86_64-linux-gnu/libnss_nis-2.27.so
7fcec013d000-7fcec033c000 ---p 0000b000 103:05 3545274                   /lib/x86_64-linux-gnu/libnss_nis-2.27.so
7fcec033c000-7fcec033d000 r--p 0000a000 103:05 3545274                   /lib/x86_64-linux-gnu/libnss_nis-2.27.so
7fcec033d000-7fcec033e000 rw-p 0000b000 103:05 3545274                   /lib/x86_64-linux-gnu/libnss_nis-2.27.so
7fcec033e000-7fcec0346000 r-xp 00000000 103:05 3545270                   /lib/x86_64-linux-gnu/libnss_compat-2.27.so
7fcec0346000-7fcec0546000 ---p 00008000 103:05 3545270                   /lib/x86_64-linux-gnu/libnss_compat-2.27.so
7fcec0546000-7fcec0547000 r--p 00008000 103:05 3545270                   /lib/x86_64-linux-gnu/libnss_compat-2.27.so
7fcec0547000-7fcec0548000 rw-p 00009000 103:05 3545270                   /lib/x86_64-linux-gnu/libnss_compat-2.27.so
7fcec0548000-7fcec054d000 r-xp 00000000 103:05 4069051                   /usr/lib/jvm/java-11-openjdk-amd64/lib/libjimage.so
7fcec054d000-7fcec074c000 ---p 00005000 103:05 4069051                   /usr/lib/jvm/java-11-openjdk-amd64/lib/libjimage.so
7fcec074c000-7fcec074d000 r--p 00004000 103:05 4069051                   /usr/lib/jvm/java-11-openjdk-amd64/lib/libjimage.so
7fcec074d000-7fcec074e000 rw-p 00005000 103:05 4069051                   /usr/lib/jvm/java-11-openjdk-amd64/lib/libjimage.so
7fcec074e000-7fcec0777000 r-xp 00000000 103:05 4069044                   /usr/lib/jvm/java-11-openjdk-amd64/lib/libjava.so
7fcec0777000-7fcec0977000 ---p 00029000 103:05 4069044                   /usr/lib/jvm/java-11-openjdk-amd64/lib/libjava.so
7fcec0977000-7fcec0978000 r--p 00029000 103:05 4069044                   /usr/lib/jvm/java-11-openjdk-amd64/lib/libjava.so
7fcec0978000-7fcec0979000 rw-p 0002a000 103:05 4069044                   /usr/lib/jvm/java-11-openjdk-amd64/lib/libjava.so
7fcec0979000-7fcec097a000 rw-p 00000000 00:00 0 
7fcec097a000-7fcec0987000 r-xp 00000000 103:05 4069079                   /usr/lib/jvm/java-11-openjdk-amd64/lib/libverify.so
7fcec0987000-7fcec0b86000 ---p 0000d000 103:05 4069079                   /usr/lib/jvm/java-11-openjdk-amd64/lib/libverify.so
7fcec0b86000-7fcec0b88000 r--p 0000c000 103:05 4069079                   /usr/lib/jvm/java-11-openjdk-amd64/lib/libverify.so
7fcec0b88000-7fcec0b89000 rw-p 0000e000 103:05 4069079                   /usr/lib/jvm/java-11-openjdk-amd64/lib/libverify.so
7fcec0b89000-7fcec0b90000 r-xp 00000000 103:05 3545279                   /lib/x86_64-linux-gnu/librt-2.27.so
7fcec0b90000-7fcec0d8f000 ---p 00007000 103:05 3545279                   /lib/x86_64-linux-gnu/librt-2.27.so
7fcec0d8f000-7fcec0d90000 r--p 00006000 103:05 3545279                   /lib/x86_64-linux-gnu/librt-2.27.so
7fcec0d90000-7fcec0d91000 rw-p 00007000 103:05 3545279                   /lib/x86_64-linux-gnu/librt-2.27.so
7fcec0d91000-7fcec0da8000 r-xp 00000000 103:05 3539020                   /lib/x86_64-linux-gnu/libgcc_s.so.1
7fcec0da8000-7fcec0fa7000 ---p 00017000 103:05 3539020                   /lib/x86_64-linux-gnu/libgcc_s.so.1
7fcec0fa7000-7fcec0fa8000 r--p 00016000 103:05 3539020                   /lib/x86_64-linux-gnu/libgcc_s.so.1
7fcec0fa8000-7fcec0fa9000 rw-p 00017000 103:05 3539020                   /lib/x86_64-linux-gnu/libgcc_s.so.1
7fcec0fa9000-7fcec1146000 r-xp 00000000 103:05 3545266                   /lib/x86_64-linux-gnu/libm-2.27.so
7fcec1146000-7fcec1345000 ---p 0019d000 103:05 3545266                   /lib/x86_64-linux-gnu/libm-2.27.so
7fcec1345000-7fcec1346000 r--p 0019c000 103:05 3545266                   /lib/x86_64-linux-gnu/libm-2.27.so
7fcec1346000-7fcec1347000 rw-p 0019d000 103:05 3545266                   /lib/x86_64-linux-gnu/libm-2.27.so
7fcec1347000-7fcec14c0000 r-xp 00000000 103:05 4068690                   /usr/lib/x86_64-linux-gnu/libstdc++.so.6.0.25
7fcec14c0000-7fcec16c0000 ---p 00179000 103:05 4068690                   /usr/lib/x86_64-linux-gnu/libstdc++.so.6.0.25
7fcec16c0000-7fcec16ca000 r--p 00179000 103:05 4068690                   /usr/lib/x86_64-linux-gnu/libstdc++.so.6.0.25
7fcec16ca000-7fcec16cc000 rw-p 00183000 103:05 4068690                   /usr/lib/x86_64-linux-gnu/libstdc++.so.6.0.25
7fcec16cc000-7fcec16d0000 rw-p 00000000 00:00 0 
7fcec16d0000-7fcec27ae000 r-xp 00000000 103:05 4069094                   /usr/lib/jvm/java-11-openjdk-amd64/lib/server/libjvm.so
7fcec27ae000-7fcec29ad000 ---p 010de000 103:05 4069094                   /usr/lib/jvm/java-11-openjdk-amd64/lib/server/libjvm.so
7fcec29ad000-7fcec2a6a000 r--p 010dd000 103:05 4069094                   /usr/lib/jvm/java-11-openjdk-amd64/lib/server/libjvm.so
7fcec2a6a000-7fcec2aa3000 rw-p 0119a000 103:05 4069094                   /usr/lib/jvm/java-11-openjdk-amd64/lib/server/libjvm.so
7fcec2aa3000-7fcec2afa000 rw-p 00000000 00:00 0 
7fcec2afa000-7fcec2b14000 r-xp 00000000 103:05 3545277                   /lib/x86_64-linux-gnu/libpthread-2.27.so
7fcec2b14000-7fcec2d13000 ---p 0001a000 103:05 3545277                   /lib/x86_64-linux-gnu/libpthread-2.27.so
7fcec2d13000-7fcec2d14000 r--p 00019000 103:05 3545277                   /lib/x86_64-linux-gnu/libpthread-2.27.so
7fcec2d14000-7fcec2d15000 rw-p 0001a000 103:05 3545277                   /lib/x86_64-linux-gnu/libpthread-2.27.so
7fcec2d15000-7fcec2d19000 rw-p 00000000 00:00 0 
7fcec2d19000-7fcec2d1c000 r-xp 00000000 103:05 3545265                   /lib/x86_64-linux-gnu/libdl-2.27.so
7fcec2d1c000-7fcec2f1b000 ---p 00003000 103:05 3545265                   /lib/x86_64-linux-gnu/libdl-2.27.so
7fcec2f1b000-7fcec2f1c000 r--p 00002000 103:05 3545265                   /lib/x86_64-linux-gnu/libdl-2.27.so
7fcec2f1c000-7fcec2f1d000 rw-p 00003000 103:05 3545265                   /lib/x86_64-linux-gnu/libdl-2.27.so
7fcec2f1d000-7fcec2f39000 r-xp 00000000 103:05 3545260                   /lib/x86_64-linux-gnu/libz.so.1.2.11
7fcec2f39000-7fcec3138000 ---p 0001c000 103:05 3545260                   /lib/x86_64-linux-gnu/libz.so.1.2.11
7fcec3138000-7fcec3139000 r--p 0001b000 103:05 3545260                   /lib/x86_64-linux-gnu/libz.so.1.2.11
7fcec3139000-7fcec313a000 rw-p 0001c000 103:05 3545260                   /lib/x86_64-linux-gnu/libz.so.1.2.11
7fcec313a000-7fcec3321000 r-xp 00000000 103:05 3545262                   /lib/x86_64-linux-gnu/libc-2.27.so
7fcec3321000-7fcec3521000 ---p 001e7000 103:05 3545262                   /lib/x86_64-linux-gnu/libc-2.27.so
7fcec3521000-7fcec3525000 r--p 001e7000 103:05 3545262                   /lib/x86_64-linux-gnu/libc-2.27.so
7fcec3525000-7fcec3527000 rw-p 001eb000 103:05 3545262                   /lib/x86_64-linux-gnu/libc-2.27.so
7fcec3527000-7fcec352b000 rw-p 00000000 00:00 0 
7fcec352b000-7fcec353b000 r-xp 00000000 103:05 4069010                   /usr/lib/jvm/java-11-openjdk-amd64/lib/jli/libjli.so
7fcec353b000-7fcec373a000 ---p 00010000 103:05 4069010                   /usr/lib/jvm/java-11-openjdk-amd64/lib/jli/libjli.so
7fcec373a000-7fcec373b000 r--p 0000f000 103:05 4069010                   /usr/lib/jvm/java-11-openjdk-amd64/lib/jli/libjli.so
7fcec373b000-7fcec373c000 rw-p 00010000 103:05 4069010                   /usr/lib/jvm/java-11-openjdk-amd64/lib/jli/libjli.so
7fcec373c000-7fcec3763000 r-xp 00000000 103:05 3538960                   /lib/x86_64-linux-gnu/ld-2.27.so
7fcec3783000-7fcec3848000 rw-p 00000000 00:00 0 
7fcec3848000-7fcec384c000 ---p 00000000 00:00 0 
7fcec384c000-7fcec3950000 rw-p 00000000 00:00 0 
7fcec3950000-7fcec3957000 ---p 00000000 00:00 0 
7fcec3957000-7fcec395f000 rw-s 00000000 103:05 1316716                   /tmp/hsperfdata_root/2410
7fcec395f000-7fcec3960000 ---p 00000000 00:00 0 
7fcec3960000-7fcec3961000 r--p 00000000 00:00 0 
7fcec3961000-7fcec3963000 rw-p 00000000 00:00 0 
7fcec3963000-7fcec3964000 r--p 00027000 103:05 3538960                   /lib/x86_64-linux-gnu/ld-2.27.so
7fcec3964000-7fcec3965000 rw-p 00028000 103:05 3538960                   /lib/x86_64-linux-gnu/ld-2.27.so
7fcec3965000-7fcec3966000 rw-p 00000000 00:00 0 
7ffd1b9c7000-7ffd1b9e8000 rw-p 00000000 00:00 0                          [stack]
7ffd1b9ea000-7ffd1b9ed000 r--p 00000000 00:00 0                          [vvar]
7ffd1b9ed000-7ffd1b9ef000 r-xp 00000000 00:00 0                          [vdso]
ffffffffff600000-ffffffffff601000 r-xp 00000000 00:00 0                  [vsyscall]


VM Arguments:
java_command: jrapl.AsyncEnergyMonitorCSide
java_class_path (initial): .
Launcher Type: SUN_STANDARD

[Global flags]
     intx CICompilerCount                          = 4                                         {product} {ergonomic}
     uint ConcGCThreads                            = 2                                         {product} {ergonomic}
     uint G1ConcRefinementThreads                  = 8                                         {product} {ergonomic}
   size_t G1HeapRegionSize                         = 1048576                                   {product} {ergonomic}
    uintx GCDrainStackTargetSize                   = 64                                        {product} {ergonomic}
   size_t InitialHeapSize                          = 257949696                                 {product} {ergonomic}
   size_t MarkStackSize                            = 4194304                                   {product} {ergonomic}
   size_t MaxHeapSize                              = 4123000832                                {product} {ergonomic}
   size_t MaxNewSize                               = 2473590784                                {product} {ergonomic}
   size_t MinHeapDeltaBytes                        = 1048576                                   {product} {ergonomic}
    uintx NonNMethodCodeHeapSize                   = 5836300                                {pd product} {ergonomic}
    uintx NonProfiledCodeHeapSize                  = 122910970                              {pd product} {ergonomic}
    uintx ProfiledCodeHeapSize                     = 122910970                              {pd product} {ergonomic}
    uintx ReservedCodeCacheSize                    = 251658240                              {pd product} {ergonomic}
     bool SegmentedCodeCache                       = true                                      {product} {ergonomic}
     bool UseCompressedClassPointers               = true                                 {lp64_product} {ergonomic}
     bool UseCompressedOops                        = true                                 {lp64_product} {ergonomic}
     bool UseG1GC                                  = true                                      {product} {ergonomic}

Logging:
Log output configuration:
 #0: stdout all=warning uptime,level,tags
 #1: stderr all=off uptime,level,tags

Environment Variables:
PATH=/usr/local/sbin:/usr/local/bin:/usr/sbin:/usr/bin:/sbin:/bin:/snap/bin
USERNAME=root
SHELL=/bin/bash
DISPLAY=:0
LANG=en_US.UTF-8

Signal Handlers:
SIGSEGV: [libjvm.so+0xdf9610], sa_mask[0]=11111111011111111101111111111110, sa_flags=SA_RESTART|SA_SIGINFO
SIGBUS: [libjvm.so+0xdf9610], sa_mask[0]=11111111011111111101111111111110, sa_flags=SA_RESTART|SA_SIGINFO
SIGFPE: [libjvm.so+0xdf9610], sa_mask[0]=11111111011111111101111111111110, sa_flags=SA_RESTART|SA_SIGINFO
SIGPIPE: [libjvm.so+0xbcc360], sa_mask[0]=11111111011111111101111111111110, sa_flags=SA_RESTART|SA_SIGINFO
SIGXFSZ: [libjvm.so+0xbcc360], sa_mask[0]=11111111011111111101111111111110, sa_flags=SA_RESTART|SA_SIGINFO
SIGILL: [libjvm.so+0xdf9610], sa_mask[0]=11111111011111111101111111111110, sa_flags=SA_RESTART|SA_SIGINFO
SIGUSR2: [libjvm.so+0xbcc200], sa_mask[0]=00000000000000000000000000000000, sa_flags=SA_RESTART|SA_SIGINFO
SIGHUP: [libjvm.so+0xbcc560], sa_mask[0]=11111111011111111101111111111110, sa_flags=SA_RESTART|SA_SIGINFO
SIGINT: [libjvm.so+0xbcc560], sa_mask[0]=11111111011111111101111111111110, sa_flags=SA_RESTART|SA_SIGINFO
SIGTERM: [libjvm.so+0xbcc560], sa_mask[0]=11111111011111111101111111111110, sa_flags=SA_RESTART|SA_SIGINFO
SIGQUIT: [libjvm.so+0xbcc560], sa_mask[0]=11111111011111111101111111111110, sa_flags=SA_RESTART|SA_SIGINFO


---------------  S Y S T E M  ---------------

OS:DISTRIB_ID=LinuxMint
DISTRIB_RELEASE=19.1
DISTRIB_CODENAME=tessa
DISTRIB_DESCRIPTION="Linux Mint 19.1 Tessa"
uname:Linux 4.15.0-20-generic #21-Ubuntu SMP Tue Apr 24 06:16:15 UTC 2018 x86_64
OS uptime: 0 days 0:15 hours
libc:glibc 2.27 NPTL 2.27 
rlimit (soft/hard): STACK 8192k/infinity , CORE 0k/infinity , NPROC 62446/62446 , NOFILE 4096/4096 , AS infinity/infinity , CPU infinity/infinity , DATA infinity/infinity , FSIZE infinity/infinity , MEMLOCK 16384k/16384k
load average:1.46 1.43 1.01

/proc/meminfo:
MemTotal:       16097532 kB
MemFree:        14858248 kB
MemAvailable:   15115256 kB
Buffers:           44140 kB
Cached:           494348 kB
SwapCached:            0 kB
Active:           789528 kB
Inactive:         277432 kB
Active(anon):     529224 kB
Inactive(anon):    44164 kB
Active(file):     260304 kB
Inactive(file):   233268 kB
Unevictable:          32 kB
Mlocked:              32 kB
SwapTotal:       1119228 kB
SwapFree:        1119228 kB
Dirty:               268 kB
Writeback:             0 kB
AnonPages:        528452 kB
Mapped:           239416 kB
Shmem:             44924 kB
Slab:              73988 kB
SReclaimable:      38648 kB
SUnreclaim:        35340 kB
KernelStack:        6892 kB
PageTables:        26496 kB
NFS_Unstable:          0 kB
Bounce:                0 kB
WritebackTmp:          0 kB
CommitLimit:     9167992 kB
Committed_AS:    3257672 kB
VmallocTotal:   34359738367 kB
VmallocUsed:           0 kB
VmallocChunk:          0 kB
HardwareCorrupted:     0 kB
AnonHugePages:         0 kB
ShmemHugePages:        0 kB
ShmemPmdMapped:        0 kB
CmaTotal:              0 kB
CmaFree:               0 kB
HugePages_Total:       0
HugePages_Free:        0
HugePages_Rsvd:        0
HugePages_Surp:        0
Hugepagesize:       2048 kB
DirectMap4k:       88588 kB
DirectMap2M:     2729984 kB
DirectMap1G:    13631488 kB

/sys/kernel/mm/transparent_hugepage/enabled:
always [madvise] never

/sys/kernel/mm/transparent_hugepage/defrag (defrag/compaction efforts parameter):
always defer defer+madvise [madvise] never


/proc/sys/kernel/threads-max (system-wide limit on the number of threads):
124892


/proc/sys/vm/max_map_count (maximum number of memory map areas a process may have):
65530


/proc/sys/kernel/pid_max (system-wide limit on number of process identifiers):
32768



container (cgroup) information:
container_type: cgroupv1
cpu_cpuset_cpus: 0-7
cpu_memory_nodes: 0
active_processor_count: 8
cpu_quota: -1
cpu_period: 100000
cpu_shares: -1
memory_limit_in_bytes: -1
memory_and_swap_limit_in_bytes: -2
memory_soft_limit_in_bytes: -1
memory_usage_in_bytes: 1092833280
memory_max_usage_in_bytes: 0

Steal ticks since vm start: 0
Steal ticks percentage since vm start:  0.000

CPU:total 8 (initial active 8) (4 cores per cpu, 2 threads per core) family 6 model 142 stepping 12, cmov, cx8, fxsr, mmx, sse, sse2, sse3, ssse3, sse4.1, sse4.2, popcnt, avx, avx2, aes, clmul, erms, 3dnowpref, lzcnt, ht, tsc, tscinvbit, bmi1, bmi2, adx, fma
CPU Model and flags from /proc/cpuinfo:
model name	: Intel(R) Core(TM) i7-10510U CPU @ 1.80GHz
flags		: fpu vme de pse tsc msr pae mce cx8 apic sep mtrr pge mca cmov pat pse36 clflush dts acpi mmx fxsr sse sse2 ss ht tm pbe syscall nx pdpe1gb rdtscp lm constant_tsc art arch_perfmon pebs bts rep_good nopl xtopology nonstop_tsc cpuid aperfmperf tsc_known_freq pni pclmulqdq dtes64 monitor ds_cpl vmx est tm2 ssse3 sdbg fma cx16 xtpr pdcm pcid sse4_1 sse4_2 x2apic movbe popcnt tsc_deadline_timer aes xsave avx f16c rdrand lahf_lm abm 3dnowprefetch cpuid_fault epb invpcid_single tpr_shadow vnmi flexpriority ept vpid fsgsbase tsc_adjust bmi1 avx2 smep bmi2 erms invpcid mpx rdseed adx smap clflushopt intel_pt xsaveopt xsavec xgetbv1 xsaves ibpb ibrs stibp dtherm ida arat pln pts hwp hwp_notify hwp_act_window hwp_epp arch_capabilities

Memory: 4k page, physical 16097532k(14858256k free), swap 1119228k(1119228k free)

vm_info: OpenJDK 64-Bit Server VM (11.0.8+10-post-Ubuntu-0ubuntu118.04.1) for linux-amd64 JRE (11.0.8+10-post-Ubuntu-0ubuntu118.04.1), built on Jul 15 2020 20:45:24 by "unknown" with gcc 7.5.0

END.
